Reading OpenROAD database at '/root/eda/caravel_user_project_openlane_2/openlane/TOP_digital/runs/23_10_12_11_49/23-openroad-resizertimingpostcts/TOP_digital.odb'…
Reading library file at '/root/eda/caravel_user_project_openlane_2/openlane/TOP_digital/runs/23_10_12_11_49/tmp/d13f44396fe94c32bff40d14c4196ac5.lib'…
Reading design constraints file at '/nix/store/ixkawr2rm870iw9p31jr6cicdswgpcx8-python3-3.10.9-env/lib/python3.10/site-packages/openlane/scripts/base.sdc'…
[WARNING STA-0337] port 'clk' not found.
[INFO] Using clock clk…
[INFO] Setting output delay to: 5
[INFO] Setting input delay to: 5
[WARNING STA-0337] port 'clk' not found.
[INFO] Setting load to: 0.033442
[INFO] Setting clock uncertainty to: 0.25
[INFO] Setting clock transition to: 0.1499999999999999944488848768742172978818416595458984375
[WARNING STA-0559] transition time can not be specified for virtual clocks.
[INFO] Setting timing derate to: 5%
[WARNING RSZ-0014] wire capacitance for corner nom_tt_025C_1v80 is zero. Use the set_wire_rc command to set wire resistance and capacitance.
[WARNING STA-0357] virtual clock clk can not be propagated.
%OL_CREATE_REPORT min.rpt

===========================================================================
report_checks -path_delay min (Hold)
============================================================================
======================= nom_tt_025C_1v80 Corner ===================================

No paths found.

%OL_END_REPORT
%OL_CREATE_REPORT max.rpt

===========================================================================
report_checks -path_delay max (Setup)
============================================================================
======================= nom_tt_025C_1v80 Corner ===================================

No paths found.

%OL_END_REPORT
%OL_CREATE_REPORT checks.rpt

===========================================================================
report_checks -unconstrained
===========================================================================
======================= nom_tt_025C_1v80 Corner ===================================

Startpoint: wbs_adr_i[13] (input port clocked by clk)
Endpoint: _204_ (rising edge-triggered flip-flop)
Path Group: unconstrained
Path Type: max

Fanout         Cap        Slew       Delay        Time   Description
---------------------------------------------------------------------------------------------
                                  5.000000    5.000000 v input external delay
                      0.006202    0.002469    5.002469 v wbs_adr_i[13] (in)
     1    0.001647                                       wbs_adr_i[13] (net)
                      0.006202    0.000000    5.002469 v input7/A (sky130_fd_sc_hd__buf_2)
                      0.022588    0.095162    5.097631 v input7/X (sky130_fd_sc_hd__buf_2)
     2    0.002201                                       net7 (net)
                      0.022588    0.000000    5.097631 v _143_/A (sky130_fd_sc_hd__or4_2)
                      0.131260    0.696027    5.793659 v _143_/X (sky130_fd_sc_hd__or4_2)
     3    0.009738                                       _058_ (net)
                      0.131260    0.000000    5.793659 v _158_/A (sky130_fd_sc_hd__nor4_2)
                      0.332776    0.392424    6.186082 ^ _158_/Y (sky130_fd_sc_hd__nor4_2)
     4    0.009816                                       _072_ (net)
                      0.332776    0.000000    6.186082 ^ max_cap52/A (sky130_fd_sc_hd__clkbuf_2)
                      0.089383    0.211497    6.397580 ^ max_cap52/X (sky130_fd_sc_hd__clkbuf_2)
     3    0.014027                                       net52 (net)
                      0.089383    0.000000    6.397580 ^ max_cap51/A (sky130_fd_sc_hd__clkbuf_2)
                      0.065572    0.134998    6.532578 ^ max_cap51/X (sky130_fd_sc_hd__clkbuf_2)
     4    0.010028                                       net51 (net)
                      0.065572    0.000000    6.532578 ^ _162_/A3 (sky130_fd_sc_hd__a31o_1)
                      0.043313    0.135703    6.668280 ^ _162_/X (sky130_fd_sc_hd__a31o_1)
     1    0.002394                                       _075_ (net)
                      0.043313    0.000000    6.668280 ^ _163_/B1 (sky130_fd_sc_hd__o211a_1)
                      0.035115    0.126248    6.794528 ^ _163_/X (sky130_fd_sc_hd__o211a_1)
     1    0.001674                                       _010_ (net)
                      0.035115    0.000000    6.794528 ^ _204_/D (sky130_fd_sc_hd__dfxtp_1)
                                              6.794528   data arrival time
---------------------------------------------------------------------------------------------
(Path is unconstrained)




===========================================================================
report_checks --slack_max -0.01
============================================================================
======================= nom_tt_025C_1v80 Corner ===================================

No paths found.


===========================================================================
 report_check_types -max_slew -max_cap -max_fanout -violators
============================================================================
======================= nom_tt_025C_1v80 Corner ===================================



===========================================================================
report_parasitic_annotation -report_unannotated
============================================================================
Found 1779 unannotated drivers.
 analog_io[0]
 analog_io[10]
 analog_io[11]
 analog_io[12]
 analog_io[13]
 analog_io[14]
 analog_io[15]
 analog_io[16]
 analog_io[17]
 analog_io[18]
 analog_io[19]
 analog_io[1]
 analog_io[20]
 analog_io[21]
 analog_io[22]
 analog_io[23]
 analog_io[24]
 analog_io[25]
 analog_io[26]
 analog_io[27]
 analog_io[28]
 analog_io[2]
 analog_io[3]
 analog_io[4]
 analog_io[5]
 analog_io[6]
 analog_io[7]
 analog_io[8]
 analog_io[9]
 analog_trigger_in
 analog_trigger_out
 io_in[0]
 io_in[10]
 io_in[11]
 io_in[12]
 io_in[13]
 io_in[14]
 io_in[15]
 io_in[16]
 io_in[17]
 io_in[18]
 io_in[19]
 io_in[1]
 io_in[20]
 io_in[21]
 io_in[22]
 io_in[23]
 io_in[24]
 io_in[25]
 io_in[26]
 io_in[27]
 io_in[28]
 io_in[29]
 io_in[2]
 io_in[30]
 io_in[31]
 io_in[32]
 io_in[33]
 io_in[34]
 io_in[35]
 io_in[36]
 io_in[37]
 io_in[3]
 io_in[4]
 io_in[5]
 io_in[6]
 io_in[7]
 io_in[8]
 io_in[9]
 la_data_in[0]
 la_data_in[100]
 la_data_in[101]
 la_data_in[102]
 la_data_in[103]
 la_data_in[104]
 la_data_in[105]
 la_data_in[106]
 la_data_in[107]
 la_data_in[108]
 la_data_in[109]
 la_data_in[10]
 la_data_in[110]
 la_data_in[111]
 la_data_in[112]
 la_data_in[113]
 la_data_in[114]
 la_data_in[115]
 la_data_in[116]
 la_data_in[117]
 la_data_in[118]
 la_data_in[119]
 la_data_in[11]
 la_data_in[120]
 la_data_in[121]
 la_data_in[122]
 la_data_in[123]
 la_data_in[124]
 la_data_in[125]
 la_data_in[126]
 la_data_in[127]
 la_data_in[12]
 la_data_in[13]
 la_data_in[14]
 la_data_in[15]
 la_data_in[16]
 la_data_in[17]
 la_data_in[18]
 la_data_in[19]
 la_data_in[1]
 la_data_in[20]
 la_data_in[21]
 la_data_in[22]
 la_data_in[23]
 la_data_in[24]
 la_data_in[25]
 la_data_in[26]
 la_data_in[27]
 la_data_in[28]
 la_data_in[29]
 la_data_in[2]
 la_data_in[30]
 la_data_in[31]
 la_data_in[32]
 la_data_in[33]
 la_data_in[34]
 la_data_in[35]
 la_data_in[36]
 la_data_in[37]
 la_data_in[38]
 la_data_in[39]
 la_data_in[3]
 la_data_in[40]
 la_data_in[41]
 la_data_in[42]
 la_data_in[43]
 la_data_in[44]
 la_data_in[45]
 la_data_in[46]
 la_data_in[47]
 la_data_in[48]
 la_data_in[49]
 la_data_in[4]
 la_data_in[50]
 la_data_in[51]
 la_data_in[52]
 la_data_in[53]
 la_data_in[54]
 la_data_in[55]
 la_data_in[56]
 la_data_in[57]
 la_data_in[58]
 la_data_in[59]
 la_data_in[5]
 la_data_in[60]
 la_data_in[61]
 la_data_in[62]
 la_data_in[63]
 la_data_in[64]
 la_data_in[65]
 la_data_in[66]
 la_data_in[67]
 la_data_in[68]
 la_data_in[69]
 la_data_in[6]
 la_data_in[70]
 la_data_in[71]
 la_data_in[72]
 la_data_in[73]
 la_data_in[74]
 la_data_in[75]
 la_data_in[76]
 la_data_in[77]
 la_data_in[78]
 la_data_in[79]
 la_data_in[7]
 la_data_in[80]
 la_data_in[81]
 la_data_in[82]
 la_data_in[83]
 la_data_in[84]
 la_data_in[85]
 la_data_in[86]
 la_data_in[87]
 la_data_in[88]
 la_data_in[89]
 la_data_in[8]
 la_data_in[90]
 la_data_in[91]
 la_data_in[92]
 la_data_in[93]
 la_data_in[94]
 la_data_in[95]
 la_data_in[96]
 la_data_in[97]
 la_data_in[98]
 la_data_in[99]
 la_data_in[9]
 la_oenb[0]
 la_oenb[100]
 la_oenb[101]
 la_oenb[102]
 la_oenb[103]
 la_oenb[104]
 la_oenb[105]
 la_oenb[106]
 la_oenb[107]
 la_oenb[108]
 la_oenb[109]
 la_oenb[10]
 la_oenb[110]
 la_oenb[111]
 la_oenb[112]
 la_oenb[113]
 la_oenb[114]
 la_oenb[115]
 la_oenb[116]
 la_oenb[117]
 la_oenb[118]
 la_oenb[119]
 la_oenb[11]
 la_oenb[120]
 la_oenb[121]
 la_oenb[122]
 la_oenb[123]
 la_oenb[124]
 la_oenb[125]
 la_oenb[126]
 la_oenb[127]
 la_oenb[12]
 la_oenb[13]
 la_oenb[14]
 la_oenb[15]
 la_oenb[16]
 la_oenb[17]
 la_oenb[18]
 la_oenb[19]
 la_oenb[1]
 la_oenb[20]
 la_oenb[21]
 la_oenb[22]
 la_oenb[23]
 la_oenb[24]
 la_oenb[25]
 la_oenb[26]
 la_oenb[27]
 la_oenb[28]
 la_oenb[29]
 la_oenb[2]
 la_oenb[30]
 la_oenb[31]
 la_oenb[32]
 la_oenb[33]
 la_oenb[34]
 la_oenb[35]
 la_oenb[36]
 la_oenb[37]
 la_oenb[38]
 la_oenb[39]
 la_oenb[3]
 la_oenb[40]
 la_oenb[41]
 la_oenb[42]
 la_oenb[43]
 la_oenb[44]
 la_oenb[45]
 la_oenb[46]
 la_oenb[47]
 la_oenb[48]
 la_oenb[49]
 la_oenb[4]
 la_oenb[50]
 la_oenb[51]
 la_oenb[52]
 la_oenb[53]
 la_oenb[54]
 la_oenb[55]
 la_oenb[56]
 la_oenb[57]
 la_oenb[58]
 la_oenb[59]
 la_oenb[5]
 la_oenb[60]
 la_oenb[61]
 la_oenb[62]
 la_oenb[63]
 la_oenb[64]
 la_oenb[65]
 la_oenb[66]
 la_oenb[67]
 la_oenb[68]
 la_oenb[69]
 la_oenb[6]
 la_oenb[70]
 la_oenb[71]
 la_oenb[72]
 la_oenb[73]
 la_oenb[74]
 la_oenb[75]
 la_oenb[76]
 la_oenb[77]
 la_oenb[78]
 la_oenb[79]
 la_oenb[7]
 la_oenb[80]
 la_oenb[81]
 la_oenb[82]
 la_oenb[83]
 la_oenb[84]
 la_oenb[85]
 la_oenb[86]
 la_oenb[87]
 la_oenb[88]
 la_oenb[89]
 la_oenb[8]
 la_oenb[90]
 la_oenb[91]
 la_oenb[92]
 la_oenb[93]
 la_oenb[94]
 la_oenb[95]
 la_oenb[96]
 la_oenb[97]
 la_oenb[98]
 la_oenb[99]
 la_oenb[9]
 user_clock2
 wb_clk_i
 wb_rst_i
 wbs_adr_i[0]
 wbs_adr_i[10]
 wbs_adr_i[11]
 wbs_adr_i[12]
 wbs_adr_i[13]
 wbs_adr_i[14]
 wbs_adr_i[15]
 wbs_adr_i[16]
 wbs_adr_i[17]
 wbs_adr_i[18]
 wbs_adr_i[19]
 wbs_adr_i[1]
 wbs_adr_i[20]
 wbs_adr_i[21]
 wbs_adr_i[22]
 wbs_adr_i[23]
 wbs_adr_i[24]
 wbs_adr_i[25]
 wbs_adr_i[26]
 wbs_adr_i[27]
 wbs_adr_i[28]
 wbs_adr_i[29]
 wbs_adr_i[2]
 wbs_adr_i[30]
 wbs_adr_i[31]
 wbs_adr_i[3]
 wbs_adr_i[4]
 wbs_adr_i[5]
 wbs_adr_i[6]
 wbs_adr_i[7]
 wbs_adr_i[8]
 wbs_adr_i[9]
 wbs_cyc_i
 wbs_dat_i[0]
 wbs_dat_i[10]
 wbs_dat_i[11]
 wbs_dat_i[12]
 wbs_dat_i[13]
 wbs_dat_i[14]
 wbs_dat_i[15]
 wbs_dat_i[16]
 wbs_dat_i[17]
 wbs_dat_i[18]
 wbs_dat_i[19]
 wbs_dat_i[1]
 wbs_dat_i[20]
 wbs_dat_i[21]
 wbs_dat_i[22]
 wbs_dat_i[23]
 wbs_dat_i[24]
 wbs_dat_i[25]
 wbs_dat_i[26]
 wbs_dat_i[27]
 wbs_dat_i[28]
 wbs_dat_i[29]
 wbs_dat_i[2]
 wbs_dat_i[30]
 wbs_dat_i[31]
 wbs_dat_i[3]
 wbs_dat_i[4]
 wbs_dat_i[5]
 wbs_dat_i[6]
 wbs_dat_i[7]
 wbs_dat_i[8]
 wbs_dat_i[9]
 wbs_sel_i[0]
 wbs_sel_i[1]
 wbs_sel_i[2]
 wbs_sel_i[3]
 wbs_stb_i
 wbs_we_i
 ANTENNA__219__A_512/HI
 ANTENNA__219__A_512/LO
 ANTENNA__220__A_511/HI
 ANTENNA__220__A_511/LO
 ANTENNA__221__A_510/HI
 ANTENNA__221__A_510/LO
 ANTENNA__222__A_509/HI
 ANTENNA__222__A_509/LO
 ANTENNA__223__A_508/HI
 ANTENNA__223__A_508/LO
 ANTENNA__224__A_507/HI
 ANTENNA__224__A_507/LO
 ANTENNA__225__A_506/HI
 ANTENNA__225__A_506/LO
 ANTENNA__226__A_505/HI
 ANTENNA__226__A_505/LO
 ANTENNA__227__A_504/HI
 ANTENNA__227__A_504/LO
 ANTENNA__228__A_503/HI
 ANTENNA__228__A_503/LO
 ANTENNA__229__A_502/HI
 ANTENNA__229__A_502/LO
 ANTENNA__230__A_501/HI
 ANTENNA__230__A_501/LO
 ANTENNA__231__A_500/HI
 ANTENNA__231__A_500/LO
 ANTENNA__232__A_499/HI
 ANTENNA__232__A_499/LO
 ANTENNA__233__A_498/HI
 ANTENNA__233__A_498/LO
 ANTENNA__234__A_497/HI
 ANTENNA__234__A_497/LO
 ANTENNA__235__A_496/HI
 ANTENNA__235__A_496/LO
 ANTENNA__236__A_495/HI
 ANTENNA__236__A_495/LO
 ANTENNA__237__A_494/HI
 ANTENNA__237__A_494/LO
 ANTENNA__238__A_493/HI
 ANTENNA__238__A_493/LO
 ANTENNA__239__A_492/HI
 ANTENNA__239__A_492/LO
 ANTENNA__240__A_491/HI
 ANTENNA__240__A_491/LO
 ANTENNA__241__A_490/HI
 ANTENNA__241__A_490/LO
 ANTENNA__242__A_489/HI
 ANTENNA__242__A_489/LO
 ANTENNA__243__A_488/HI
 ANTENNA__243__A_488/LO
 ANTENNA__244__A_487/HI
 ANTENNA__244__A_487/LO
 ANTENNA__245__A_486/HI
 ANTENNA__245__A_486/LO
 ANTENNA__246__A_485/HI
 ANTENNA__246__A_485/LO
 ANTENNA__247__A_484/HI
 ANTENNA__247__A_484/LO
 ANTENNA__248__A_483/HI
 ANTENNA__248__A_483/LO
 ANTENNA__249__A_482/HI
 ANTENNA__249__A_482/LO
 ANTENNA__250__A_481/HI
 ANTENNA__250__A_481/LO
 ANTENNA__251__A_480/HI
 ANTENNA__251__A_480/LO
 ANTENNA__252__A_479/HI
 ANTENNA__252__A_479/LO
 ANTENNA__253__A_478/HI
 ANTENNA__253__A_478/LO
 ANTENNA__254__A_477/HI
 ANTENNA__254__A_477/LO
 ANTENNA__255__A_476/HI
 ANTENNA__255__A_476/LO
 ANTENNA__256__A_475/HI
 ANTENNA__256__A_475/LO
 ANTENNA__257__A_474/HI
 ANTENNA__257__A_474/LO
 ANTENNA__258__A_473/HI
 ANTENNA__258__A_473/LO
 ANTENNA__259__A_472/HI
 ANTENNA__259__A_472/LO
 ANTENNA__260__A_471/HI
 ANTENNA__260__A_471/LO
 ANTENNA__261__A_470/HI
 ANTENNA__261__A_470/LO
 ANTENNA__262__A_469/HI
 ANTENNA__262__A_469/LO
 ANTENNA__263__A_468/HI
 ANTENNA__263__A_468/LO
 ANTENNA__264__A_467/HI
 ANTENNA__264__A_467/LO
 ANTENNA__265__A_466/HI
 ANTENNA__265__A_466/LO
 ANTENNA__266__A_465/HI
 ANTENNA__266__A_465/LO
 ANTENNA__267__A_464/HI
 ANTENNA__267__A_464/LO
 ANTENNA__268__A_463/HI
 ANTENNA__268__A_463/LO
 ANTENNA__269__A_462/HI
 ANTENNA__269__A_462/LO
 ANTENNA__270__A_461/HI
 ANTENNA__270__A_461/LO
 ANTENNA__271__A_460/HI
 ANTENNA__271__A_460/LO
 ANTENNA__272__A_459/HI
 ANTENNA__272__A_459/LO
 ANTENNA__273__A_458/HI
 ANTENNA__273__A_458/LO
 ANTENNA__274__A_457/HI
 ANTENNA__274__A_457/LO
 ANTENNA__275__A_456/HI
 ANTENNA__275__A_456/LO
 ANTENNA__276__A_455/HI
 ANTENNA__276__A_455/LO
 ANTENNA__277__A_454/HI
 ANTENNA__277__A_454/LO
 ANTENNA__278__A_453/HI
 ANTENNA__278__A_453/LO
 ANTENNA__279__A_452/HI
 ANTENNA__279__A_452/LO
 ANTENNA__280__A_451/HI
 ANTENNA__280__A_451/LO
 ANTENNA__281__A_450/HI
 ANTENNA__281__A_450/LO
 ANTENNA__282__A_540/HI
 ANTENNA__282__A_540/LO
 ANTENNA__283__A_449/HI
 ANTENNA__283__A_449/LO
 ANTENNA__284__A_448/HI
 ANTENNA__284__A_448/LO
 ANTENNA__285__A_447/HI
 ANTENNA__285__A_447/LO
 ANTENNA__286__A_539/HI
 ANTENNA__286__A_539/LO
 ANTENNA__287__A_446/HI
 ANTENNA__287__A_446/LO
 ANTENNA__288__A_445/HI
 ANTENNA__288__A_445/LO
 ANTENNA__289__A_444/HI
 ANTENNA__289__A_444/LO
 ANTENNA__290__A_538/HI
 ANTENNA__290__A_538/LO
 ANTENNA__291__A_537/HI
 ANTENNA__291__A_537/LO
 ANTENNA__292__A_443/HI
 ANTENNA__292__A_443/LO
 ANTENNA__293__A_442/HI
 ANTENNA__293__A_442/LO
 ANTENNA__294__A_536/HI
 ANTENNA__294__A_536/LO
 ANTENNA__295__A_535/HI
 ANTENNA__295__A_535/LO
 ANTENNA__296__A_441/HI
 ANTENNA__296__A_441/LO
 ANTENNA__297__A_440/HI
 ANTENNA__297__A_440/LO
 ANTENNA__298__A_534/HI
 ANTENNA__298__A_534/LO
 ANTENNA__299__A_439/HI
 ANTENNA__299__A_439/LO
 ANTENNA__300__A_533/HI
 ANTENNA__300__A_533/LO
 ANTENNA__301__A_438/HI
 ANTENNA__301__A_438/LO
 ANTENNA__302__A_532/HI
 ANTENNA__302__A_532/LO
 ANTENNA__303__A_437/HI
 ANTENNA__303__A_437/LO
 ANTENNA__304__A_531/HI
 ANTENNA__304__A_531/LO
 ANTENNA__305__A_436/HI
 ANTENNA__305__A_436/LO
 ANTENNA__306__A_435/HI
 ANTENNA__306__A_435/LO
 ANTENNA__307__A_530/HI
 ANTENNA__307__A_530/LO
 ANTENNA__308__A_434/HI
 ANTENNA__308__A_434/LO
 ANTENNA__309__A_529/HI
 ANTENNA__309__A_529/LO
 ANTENNA__310__A_433/HI
 ANTENNA__310__A_433/LO
 ANTENNA__311__A_528/HI
 ANTENNA__311__A_528/LO
 ANTENNA__312__A_432/HI
 ANTENNA__312__A_432/LO
 ANTENNA__313__A_527/HI
 ANTENNA__313__A_527/LO
 ANTENNA__314__A_431/HI
 ANTENNA__314__A_431/LO
 ANTENNA__315__A_430/HI
 ANTENNA__315__A_430/LO
 ANTENNA__316__A_429/HI
 ANTENNA__316__A_429/LO
 ANTENNA__317__A_428/HI
 ANTENNA__317__A_428/LO
 ANTENNA__318__A_427/HI
 ANTENNA__318__A_427/LO
 ANTENNA__319__A_426/HI
 ANTENNA__319__A_426/LO
 ANTENNA__320__A_425/HI
 ANTENNA__320__A_425/LO
 ANTENNA__321__A_424/HI
 ANTENNA__321__A_424/LO
 ANTENNA__322__A_423/HI
 ANTENNA__322__A_423/LO
 ANTENNA__323__A_422/HI
 ANTENNA__323__A_422/LO
 ANTENNA__324__A_421/HI
 ANTENNA__324__A_421/LO
 ANTENNA__325__A_420/HI
 ANTENNA__325__A_420/LO
 ANTENNA__326__A_419/HI
 ANTENNA__326__A_419/LO
 ANTENNA__327__A_418/HI
 ANTENNA__327__A_418/LO
 ANTENNA__328__A_417/HI
 ANTENNA__328__A_417/LO
 ANTENNA__329__A_416/HI
 ANTENNA__329__A_416/LO
 ANTENNA__330__A_415/HI
 ANTENNA__330__A_415/LO
 ANTENNA__331__A_414/HI
 ANTENNA__331__A_414/LO
 ANTENNA__332__A_413/HI
 ANTENNA__332__A_413/LO
 ANTENNA__333__A_412/HI
 ANTENNA__333__A_412/LO
 ANTENNA__334__A_411/HI
 ANTENNA__334__A_411/LO
 ANTENNA__335__A_410/HI
 ANTENNA__335__A_410/LO
 ANTENNA__336__A_409/HI
 ANTENNA__336__A_409/LO
 ANTENNA__337__A_408/HI
 ANTENNA__337__A_408/LO
 ANTENNA__338__A_407/HI
 ANTENNA__338__A_407/LO
 ANTENNA__339__A_406/HI
 ANTENNA__339__A_406/LO
 ANTENNA__340__A_405/HI
 ANTENNA__340__A_405/LO
 ANTENNA__341__A_404/HI
 ANTENNA__341__A_404/LO
 ANTENNA__342__A_403/HI
 ANTENNA__342__A_403/LO
 ANTENNA__343__A_402/HI
 ANTENNA__343__A_402/LO
 ANTENNA__344__A_401/HI
 ANTENNA__344__A_401/LO
 ANTENNA__345__A_400/HI
 ANTENNA__345__A_400/LO
 ANTENNA__346__A_399/HI
 ANTENNA__346__A_399/LO
 ANTENNA__347__A_398/HI
 ANTENNA__347__A_398/LO
 ANTENNA__348__A_397/HI
 ANTENNA__348__A_397/LO
 ANTENNA__349__A_396/HI
 ANTENNA__349__A_396/LO
 ANTENNA__350__A_395/HI
 ANTENNA__350__A_395/LO
 ANTENNA__351__A_394/HI
 ANTENNA__351__A_394/LO
 ANTENNA__352__A_393/HI
 ANTENNA__352__A_393/LO
 ANTENNA__353__A_392/HI
 ANTENNA__353__A_392/LO
 ANTENNA__354__A_391/HI
 ANTENNA__354__A_391/LO
 ANTENNA__355__A_390/HI
 ANTENNA__355__A_390/LO
 ANTENNA__356__A_389/HI
 ANTENNA__356__A_389/LO
 ANTENNA__357__A_388/HI
 ANTENNA__357__A_388/LO
 ANTENNA__358__A_387/HI
 ANTENNA__358__A_387/LO
 ANTENNA__359__A_386/HI
 ANTENNA__359__A_386/LO
 ANTENNA__360__A_385/HI
 ANTENNA__360__A_385/LO
 ANTENNA__361__A_384/HI
 ANTENNA__361__A_384/LO
 ANTENNA__362__A_383/HI
 ANTENNA__362__A_383/LO
 ANTENNA__363__A_382/HI
 ANTENNA__363__A_382/LO
 ANTENNA__364__A_381/HI
 ANTENNA__364__A_381/LO
 ANTENNA__365__A_380/HI
 ANTENNA__365__A_380/LO
 ANTENNA__366__A_379/HI
 ANTENNA__366__A_379/LO
 ANTENNA__367__A_378/HI
 ANTENNA__367__A_378/LO
 ANTENNA__368__A_377/HI
 ANTENNA__368__A_377/LO
 ANTENNA__369__A_376/HI
 ANTENNA__369__A_376/LO
 ANTENNA__370__A_375/HI
 ANTENNA__370__A_375/LO
 ANTENNA__371__A_374/HI
 ANTENNA__371__A_374/LO
 ANTENNA__372__A_373/HI
 ANTENNA__372__A_373/LO
 ANTENNA__373__A_372/HI
 ANTENNA__373__A_372/LO
 ANTENNA__374__A_371/HI
 ANTENNA__374__A_371/LO
 ANTENNA__375__A_370/HI
 ANTENNA__375__A_370/LO
 ANTENNA__376__A_369/HI
 ANTENNA__376__A_369/LO
 ANTENNA__377__A_368/HI
 ANTENNA__377__A_368/LO
 ANTENNA__378__A_367/HI
 ANTENNA__378__A_367/LO
 ANTENNA__379__A_366/HI
 ANTENNA__379__A_366/LO
 ANTENNA__380__A_365/HI
 ANTENNA__380__A_365/LO
 ANTENNA__381__A_364/HI
 ANTENNA__381__A_364/LO
 ANTENNA__382__A_363/HI
 ANTENNA__382__A_363/LO
 ANTENNA__383__A_362/HI
 ANTENNA__383__A_362/LO
 ANTENNA__384__A_361/HI
 ANTENNA__384__A_361/LO
 ANTENNA__385__A_360/HI
 ANTENNA__385__A_360/LO
 ANTENNA__386__A_359/HI
 ANTENNA__386__A_359/LO
 ANTENNA__387__A_358/HI
 ANTENNA__387__A_358/LO
 ANTENNA__388__A_357/HI
 ANTENNA__388__A_357/LO
 ANTENNA__389__A_356/HI
 ANTENNA__389__A_356/LO
 ANTENNA__390__A_355/HI
 ANTENNA__390__A_355/LO
 ANTENNA__391__A_354/HI
 ANTENNA__391__A_354/LO
 ANTENNA__392__A_353/HI
 ANTENNA__392__A_353/LO
 ANTENNA__393__A_352/HI
 ANTENNA__393__A_352/LO
 ANTENNA__394__A_351/HI
 ANTENNA__394__A_351/LO
 ANTENNA__395__A_350/HI
 ANTENNA__395__A_350/LO
 ANTENNA__396__A_349/HI
 ANTENNA__396__A_349/LO
 ANTENNA__397__A_348/HI
 ANTENNA__397__A_348/LO
 ANTENNA__398__A_347/HI
 ANTENNA__398__A_347/LO
 ANTENNA__399__A_346/HI
 ANTENNA__399__A_346/LO
 ANTENNA__400__A_345/HI
 ANTENNA__400__A_345/LO
 ANTENNA__401__A_344/HI
 ANTENNA__401__A_344/LO
 ANTENNA__402__A_343/HI
 ANTENNA__402__A_343/LO
 ANTENNA__403__A_342/HI
 ANTENNA__403__A_342/LO
 ANTENNA__404__A_341/HI
 ANTENNA__404__A_341/LO
 ANTENNA__405__A_340/HI
 ANTENNA__405__A_340/LO
 ANTENNA__406__A_339/HI
 ANTENNA__406__A_339/LO
 ANTENNA__407__A_338/HI
 ANTENNA__407__A_338/LO
 ANTENNA__408__A_337/HI
 ANTENNA__408__A_337/LO
 ANTENNA__409__A_336/HI
 ANTENNA__409__A_336/LO
 ANTENNA__410__A_335/HI
 ANTENNA__410__A_335/LO
 ANTENNA__411__A_334/HI
 ANTENNA__411__A_334/LO
 ANTENNA__412__A_333/HI
 ANTENNA__412__A_333/LO
 ANTENNA__413__A_332/HI
 ANTENNA__413__A_332/LO
 ANTENNA__414__A_331/HI
 ANTENNA__414__A_331/LO
 ANTENNA__415__A_330/HI
 ANTENNA__415__A_330/LO
 ANTENNA__416__A_329/HI
 ANTENNA__416__A_329/LO
 ANTENNA__417__A_328/HI
 ANTENNA__417__A_328/LO
 ANTENNA__418__A_327/HI
 ANTENNA__418__A_327/LO
 ANTENNA__419__A_326/HI
 ANTENNA__419__A_326/LO
 ANTENNA__420__A_325/HI
 ANTENNA__420__A_325/LO
 ANTENNA__421__A_324/HI
 ANTENNA__421__A_324/LO
 ANTENNA__422__A_323/HI
 ANTENNA__422__A_323/LO
 ANTENNA__423__A_322/HI
 ANTENNA__423__A_322/LO
 ANTENNA__424__A_321/HI
 ANTENNA__424__A_321/LO
 ANTENNA__425__A_320/HI
 ANTENNA__425__A_320/LO
 ANTENNA__426__A_319/HI
 ANTENNA__426__A_319/LO
 ANTENNA__427__A_318/HI
 ANTENNA__427__A_318/LO
 ANTENNA__428__A_317/HI
 ANTENNA__428__A_317/LO
 ANTENNA__429__A_316/HI
 ANTENNA__429__A_316/LO
 ANTENNA__430__A_315/HI
 ANTENNA__430__A_315/LO
 ANTENNA__431__A_314/HI
 ANTENNA__431__A_314/LO
 ANTENNA__432__A_313/HI
 ANTENNA__432__A_313/LO
 ANTENNA__433__A_312/HI
 ANTENNA__433__A_312/LO
 ANTENNA__434__A_311/HI
 ANTENNA__434__A_311/LO
 ANTENNA__435__A_310/HI
 ANTENNA__435__A_310/LO
 ANTENNA__436__A_309/HI
 ANTENNA__436__A_309/LO
 ANTENNA__437__A_308/HI
 ANTENNA__437__A_308/LO
 ANTENNA__438__A_307/HI
 ANTENNA__438__A_307/LO
 ANTENNA__439__A_306/HI
 ANTENNA__439__A_306/LO
 ANTENNA__440__A_305/HI
 ANTENNA__440__A_305/LO
 ANTENNA__441__A_304/HI
 ANTENNA__441__A_304/LO
 ANTENNA__442__A_303/HI
 ANTENNA__442__A_303/LO
 ANTENNA__443__A_302/HI
 ANTENNA__443__A_302/LO
 ANTENNA__444__A_301/HI
 ANTENNA__444__A_301/LO
 ANTENNA__445__A_300/HI
 ANTENNA__445__A_300/LO
 ANTENNA__446__A_299/HI
 ANTENNA__446__A_299/LO
 ANTENNA__447__A_298/HI
 ANTENNA__447__A_298/LO
 ANTENNA__448__A_297/HI
 ANTENNA__448__A_297/LO
 ANTENNA__449__A_296/HI
 ANTENNA__449__A_296/LO
 ANTENNA__450__A_295/HI
 ANTENNA__450__A_295/LO
 ANTENNA__451__A_294/HI
 ANTENNA__451__A_294/LO
 ANTENNA__452__A_293/HI
 ANTENNA__452__A_293/LO
 ANTENNA__453__A_292/HI
 ANTENNA__453__A_292/LO
 ANTENNA__454__A_291/HI
 ANTENNA__454__A_291/LO
 ANTENNA__455__A_290/HI
 ANTENNA__455__A_290/LO
 ANTENNA__456__A_289/HI
 ANTENNA__456__A_289/LO
 ANTENNA__457__A_288/HI
 ANTENNA__457__A_288/LO
 _096_/Y
 _097_/Y
 _098_/Y
 _099_/Y
 _100_/Y
 _101_/Y
 _102_/Y
 _103_/Y
 _104_/X
 _105_/X
 _106_/X
 _107_/Y
 _108_/Y
 _109_/X
 _110_/Y
 _111_/X
 _112_/X
 _113_/Y
 _114_/X
 _115_/X
 _116_/X
 _117_/Y
 _118_/Y
 _119_/X
 _120_/Y
 _121_/X
 _122_/X
 _123_/Y
 _124_/Y
 _125_/Y
 _126_/Y
 _127_/X
 _128_/Y
 _129_/Y
 _130_/X
 _131_/Y
 _132_/X
 _133_/Y
 _134_/X
 _135_/Y
 _136_/X
 _137_/Y
 _138_/X
 _139_/Y
 _140_/X
 _141_/Y
 _142_/X
 _143_/X
 _144_/X
 _145_/X
 _146_/X
 _147_/X
 _148_/X
 _149_/X
 _150_/X
 _151_/Y
 _152_/Y
 _153_/X
 _154_/X
 _155_/X
 _156_/X
 _157_/X
 _158_/Y
 _159_/Y
 _160_/X
 _161_/X
 _162_/X
 _163_/X
 _164_/X
 _165_/X
 _166_/X
 _167_/X
 _168_/X
 _169_/X
 _170_/X
 _171_/X
 _172_/X
 _173_/X
 _174_/X
 _175_/X
 _176_/Y
 _177_/Y
 _178_/X
 _179_/X
 _180_/X
 _181_/X
 _182_/X
 _183_/X
 _184_/X
 _185_/X
 _186_/X
 _187_/X
 _188_/X
 _189_/X
 _190_/X
 _191_/X
 _192_/X
 _193_/X
 _194_/Q
 _195_/Q
 _196_/Q
 _197_/Q
 _198_/Q
 _199_/Q
 _200_/Q
 _201_/Q
 _202_/Q
 _203_/Q
 _204_/Q
 _205_/Q
 _206_/Q
 _207_/Q
 _208_/Q
 _209_/Q
 _210_/Q
 _211_/Q
 _212_/Q
 _213_/Q
 _214_/Q
 _215_/Q
 _216_/Q
 _217_/Q
 _218_/Q
 _219_/X
 _219__63/HI
 _219__63/LO
 _220_/X
 _220__64/HI
 _220__64/LO
 _221_/X
 _221__65/HI
 _221__65/LO
 _222_/X
 _222__66/HI
 _222__66/LO
 _223_/X
 _223__67/HI
 _223__67/LO
 _224_/X
 _224__68/HI
 _224__68/LO
 _225_/X
 _225__69/HI
 _225__69/LO
 _226_/X
 _226__70/HI
 _226__70/LO
 _227_/X
 _227__71/HI
 _227__71/LO
 _228_/X
 _228__72/HI
 _228__72/LO
 _229_/X
 _229__73/HI
 _229__73/LO
 _230_/X
 _230__74/HI
 _230__74/LO
 _231_/X
 _231__75/HI
 _231__75/LO
 _232_/X
 _232__76/HI
 _232__76/LO
 _233_/X
 _233__77/HI
 _233__77/LO
 _234_/X
 _234__78/HI
 _234__78/LO
 _235_/X
 _235__79/HI
 _235__79/LO
 _236_/X
 _236__80/HI
 _236__80/LO
 _237_/X
 _237__81/HI
 _237__81/LO
 _238_/X
 _238__82/HI
 _238__82/LO
 _239_/X
 _239__83/HI
 _239__83/LO
 _240_/X
 _240__84/HI
 _240__84/LO
 _241_/X
 _241__85/HI
 _241__85/LO
 _242_/X
 _242__86/HI
 _242__86/LO
 _243_/X
 _243__87/HI
 _243__87/LO
 _244_/X
 _244__88/HI
 _244__88/LO
 _245_/X
 _245__89/HI
 _245__89/LO
 _246_/X
 _246__90/HI
 _246__90/LO
 _247_/X
 _247__91/HI
 _247__91/LO
 _248_/X
 _248__92/HI
 _248__92/LO
 _249_/X
 _249__93/HI
 _249__93/LO
 _250_/X
 _250__94/HI
 _250__94/LO
 _251_/X
 _251__95/HI
 _251__95/LO
 _252_/X
 _252__96/HI
 _252__96/LO
 _253_/X
 _253__97/HI
 _253__97/LO
 _254_/X
 _254__98/HI
 _254__98/LO
 _255_/X
 _255__99/HI
 _255__99/LO
 _256_/X
 _256__100/HI
 _256__100/LO
 _257_/X
 _257__101/HI
 _257__101/LO
 _258_/X
 _258__102/HI
 _258__102/LO
 _259_/X
 _259__103/HI
 _259__103/LO
 _260_/X
 _260__104/HI
 _260__104/LO
 _261_/X
 _261__105/HI
 _261__105/LO
 _262_/X
 _262__106/HI
 _262__106/LO
 _263_/X
 _263__107/HI
 _263__107/LO
 _264_/X
 _264__108/HI
 _264__108/LO
 _265_/X
 _265__109/HI
 _265__109/LO
 _266_/X
 _266__110/HI
 _266__110/LO
 _267_/X
 _267__111/HI
 _267__111/LO
 _268_/X
 _268__112/HI
 _268__112/LO
 _269_/X
 _269__113/HI
 _269__113/LO
 _270_/X
 _270__114/HI
 _270__114/LO
 _271_/X
 _271__115/HI
 _271__115/LO
 _272_/X
 _272__116/HI
 _272__116/LO
 _273_/X
 _273__117/HI
 _273__117/LO
 _274_/X
 _274__118/HI
 _274__118/LO
 _275_/X
 _275__119/HI
 _275__119/LO
 _276_/X
 _276__120/HI
 _276__120/LO
 _277_/X
 _277__121/HI
 _277__121/LO
 _278_/X
 _278__122/HI
 _278__122/LO
 _279_/X
 _279__123/HI
 _279__123/LO
 _280_/X
 _280__124/HI
 _280__124/LO
 _281_/X
 _281__125/HI
 _281__125/LO
 _282_/X
 _282__513/HI
 _282__513/LO
 _283_/X
 _283__126/HI
 _283__126/LO
 _284_/X
 _284__127/HI
 _284__127/LO
 _285_/X
 _285__128/HI
 _285__128/LO
 _286_/X
 _286__514/HI
 _286__514/LO
 _287_/X
 _287__129/HI
 _287__129/LO
 _288_/X
 _288__130/HI
 _288__130/LO
 _289_/X
 _289__131/HI
 _289__131/LO
 _290_/X
 _290__515/HI
 _290__515/LO
 _291_/X
 _291__516/HI
 _291__516/LO
 _292_/X
 _292__132/HI
 _292__132/LO
 _293_/X
 _293__133/HI
 _293__133/LO
 _294_/X
 _294__517/HI
 _294__517/LO
 _295_/X
 _295__518/HI
 _295__518/LO
 _296_/X
 _296__134/HI
 _296__134/LO
 _297_/X
 _297__135/HI
 _297__135/LO
 _298_/X
 _298__519/HI
 _298__519/LO
 _299_/X
 _299__136/HI
 _299__136/LO
 _300_/X
 _300__520/HI
 _300__520/LO
 _301_/X
 _301__137/HI
 _301__137/LO
 _302_/X
 _302__521/HI
 _302__521/LO
 _303_/X
 _303__138/HI
 _303__138/LO
 _304_/X
 _304__522/HI
 _304__522/LO
 _305_/X
 _305__139/HI
 _305__139/LO
 _306_/X
 _306__140/HI
 _306__140/LO
 _307_/X
 _307__523/HI
 _307__523/LO
 _308_/X
 _308__141/HI
 _308__141/LO
 _309_/X
 _309__524/HI
 _309__524/LO
 _310_/X
 _310__142/HI
 _310__142/LO
 _311_/X
 _311__525/HI
 _311__525/LO
 _312_/X
 _312__143/HI
 _312__143/LO
 _313_/X
 _313__526/HI
 _313__526/LO
 _314_/X
 _314__144/HI
 _314__144/LO
 _315_/X
 _315__145/HI
 _315__145/LO
 _316_/X
 _316__146/HI
 _316__146/LO
 _317_/X
 _317__147/HI
 _317__147/LO
 _318_/X
 _318__148/HI
 _318__148/LO
 _319_/X
 _319__149/HI
 _319__149/LO
 _320_/X
 _320__150/HI
 _320__150/LO
 _321_/X
 _321__151/HI
 _321__151/LO
 _322_/X
 _322__152/HI
 _322__152/LO
 _323_/X
 _323__153/HI
 _323__153/LO
 _324_/X
 _324__154/HI
 _324__154/LO
 _325_/X
 _325__155/HI
 _325__155/LO
 _326_/X
 _326__156/HI
 _326__156/LO
 _327_/X
 _327__157/HI
 _327__157/LO
 _328_/X
 _328__158/HI
 _328__158/LO
 _329_/X
 _329__159/HI
 _329__159/LO
 _330_/X
 _330__160/HI
 _330__160/LO
 _331_/X
 _331__161/HI
 _331__161/LO
 _332_/X
 _332__162/HI
 _332__162/LO
 _333_/X
 _333__163/HI
 _333__163/LO
 _334_/X
 _334__164/HI
 _334__164/LO
 _335_/X
 _335__165/HI
 _335__165/LO
 _336_/X
 _336__166/HI
 _336__166/LO
 _337_/X
 _337__167/HI
 _337__167/LO
 _338_/X
 _338__168/HI
 _338__168/LO
 _339_/X
 _339__169/HI
 _339__169/LO
 _340_/X
 _340__170/HI
 _340__170/LO
 _341_/X
 _341__171/HI
 _341__171/LO
 _342_/X
 _342__172/HI
 _342__172/LO
 _343_/X
 _343__173/HI
 _343__173/LO
 _344_/X
 _344__174/HI
 _344__174/LO
 _345_/X
 _345__175/HI
 _345__175/LO
 _346_/X
 _346__176/HI
 _346__176/LO
 _347_/X
 _347__177/HI
 _347__177/LO
 _348_/X
 _348__178/HI
 _348__178/LO
 _349_/X
 _349__179/HI
 _349__179/LO
 _350_/X
 _350__180/HI
 _350__180/LO
 _351_/X
 _351__181/HI
 _351__181/LO
 _352_/X
 _352__182/HI
 _352__182/LO
 _353_/X
 _353__183/HI
 _353__183/LO
 _354_/X
 _354__184/HI
 _354__184/LO
 _355_/X
 _355__185/HI
 _355__185/LO
 _356_/X
 _356__186/HI
 _356__186/LO
 _357_/X
 _357__187/HI
 _357__187/LO
 _358_/X
 _358__188/HI
 _358__188/LO
 _359_/X
 _359__189/HI
 _359__189/LO
 _360_/X
 _360__190/HI
 _360__190/LO
 _361_/X
 _361__191/HI
 _361__191/LO
 _362_/X
 _362__192/HI
 _362__192/LO
 _363_/X
 _363__193/HI
 _363__193/LO
 _364_/X
 _364__194/HI
 _364__194/LO
 _365_/X
 _365__195/HI
 _365__195/LO
 _366_/X
 _366__196/HI
 _366__196/LO
 _367_/X
 _367__197/HI
 _367__197/LO
 _368_/X
 _368__198/HI
 _368__198/LO
 _369_/X
 _369__199/HI
 _369__199/LO
 _370_/X
 _370__200/HI
 _370__200/LO
 _371_/X
 _371__201/HI
 _371__201/LO
 _372_/X
 _372__202/HI
 _372__202/LO
 _373_/X
 _373__203/HI
 _373__203/LO
 _374_/X
 _374__204/HI
 _374__204/LO
 _375_/X
 _375__205/HI
 _375__205/LO
 _376_/X
 _376__206/HI
 _376__206/LO
 _377_/X
 _377__207/HI
 _377__207/LO
 _378_/X
 _378__208/HI
 _378__208/LO
 _379_/X
 _379__209/HI
 _379__209/LO
 _380_/X
 _380__210/HI
 _380__210/LO
 _381_/X
 _381__211/HI
 _381__211/LO
 _382_/X
 _382__212/HI
 _382__212/LO
 _383_/X
 _383__213/HI
 _383__213/LO
 _384_/X
 _384__214/HI
 _384__214/LO
 _385_/X
 _385__215/HI
 _385__215/LO
 _386_/X
 _386__216/HI
 _386__216/LO
 _387_/X
 _387__217/HI
 _387__217/LO
 _388_/X
 _388__218/HI
 _388__218/LO
 _389_/X
 _389__219/HI
 _389__219/LO
 _390_/X
 _390__220/HI
 _390__220/LO
 _391_/X
 _391__221/HI
 _391__221/LO
 _392_/X
 _392__222/HI
 _392__222/LO
 _393_/X
 _393__223/HI
 _393__223/LO
 _394_/X
 _394__224/HI
 _394__224/LO
 _395_/X
 _395__225/HI
 _395__225/LO
 _396_/X
 _396__226/HI
 _396__226/LO
 _397_/X
 _397__227/HI
 _397__227/LO
 _398_/X
 _398__228/HI
 _398__228/LO
 _399_/X
 _399__229/HI
 _399__229/LO
 _400_/X
 _400__230/HI
 _400__230/LO
 _401_/X
 _401__231/HI
 _401__231/LO
 _402_/X
 _402__232/HI
 _402__232/LO
 _403_/X
 _403__233/HI
 _403__233/LO
 _404_/X
 _404__234/HI
 _404__234/LO
 _405_/X
 _405__235/HI
 _405__235/LO
 _406_/X
 _406__236/HI
 _406__236/LO
 _407_/X
 _407__237/HI
 _407__237/LO
 _408_/X
 _408__238/HI
 _408__238/LO
 _409_/X
 _409__239/HI
 _409__239/LO
 _410_/X
 _410__240/HI
 _410__240/LO
 _411_/X
 _411__241/HI
 _411__241/LO
 _412_/X
 _412__242/HI
 _412__242/LO
 _413_/X
 _413__243/HI
 _413__243/LO
 _414_/X
 _414__244/HI
 _414__244/LO
 _415_/X
 _415__245/HI
 _415__245/LO
 _416_/X
 _416__246/HI
 _416__246/LO
 _417_/X
 _417__247/HI
 _417__247/LO
 _418_/X
 _418__248/HI
 _418__248/LO
 _419_/X
 _419__249/HI
 _419__249/LO
 _420_/X
 _420__250/HI
 _420__250/LO
 _421_/X
 _421__251/HI
 _421__251/LO
 _422_/X
 _422__252/HI
 _422__252/LO
 _423_/X
 _423__253/HI
 _423__253/LO
 _424_/X
 _424__254/HI
 _424__254/LO
 _425_/X
 _425__255/HI
 _425__255/LO
 _426_/X
 _426__256/HI
 _426__256/LO
 _427_/X
 _427__257/HI
 _427__257/LO
 _428_/X
 _428__258/HI
 _428__258/LO
 _429_/X
 _429__259/HI
 _429__259/LO
 _430_/X
 _430__260/HI
 _430__260/LO
 _431_/X
 _431__261/HI
 _431__261/LO
 _432_/X
 _432__262/HI
 _432__262/LO
 _433_/X
 _433__263/HI
 _433__263/LO
 _434_/X
 _434__264/HI
 _434__264/LO
 _435_/X
 _435__265/HI
 _435__265/LO
 _436_/X
 _436__266/HI
 _436__266/LO
 _437_/X
 _437__267/HI
 _437__267/LO
 _438_/X
 _438__268/HI
 _438__268/LO
 _439_/X
 _439__269/HI
 _439__269/LO
 _440_/X
 _440__270/HI
 _440__270/LO
 _441_/X
 _441__271/HI
 _441__271/LO
 _442_/X
 _442__272/HI
 _442__272/LO
 _443_/X
 _443__273/HI
 _443__273/LO
 _444_/X
 _444__274/HI
 _444__274/LO
 _445_/X
 _445__275/HI
 _445__275/LO
 _446_/X
 _446__276/HI
 _446__276/LO
 _447_/X
 _447__277/HI
 _447__277/LO
 _448_/X
 _448__278/HI
 _448__278/LO
 _449_/X
 _449__279/HI
 _449__279/LO
 _450_/X
 _450__280/HI
 _450__280/LO
 _451_/X
 _451__281/HI
 _451__281/LO
 _452_/X
 _452__282/HI
 _452__282/LO
 _453_/X
 _453__283/HI
 _453__283/LO
 _454_/X
 _454__284/HI
 _454__284/LO
 _455_/X
 _455__285/HI
 _455__285/LO
 _456_/X
 _456__286/HI
 _456__286/LO
 _457_/X
 _457__287/HI
 _457__287/LO
 fanout53/X
 fanout54/X
 fanout55/X
 fanout57/X
 fanout58/X
 fanout59/X
 fanout60/X
 fanout61/X
 fanout62/X
 input1/X
 input10/X
 input11/X
 input12/X
 input13/X
 input14/X
 input15/X
 input16/X
 input17/X
 input18/X
 input19/X
 input2/X
 input20/X
 input21/X
 input22/X
 input23/X
 input24/X
 input25/X
 input26/X
 input27/X
 input28/X
 input29/X
 input3/X
 input30/X
 input31/X
 input32/X
 input33/X
 input34/X
 input35/X
 input36/X
 input37/X
 input38/X
 input39/X
 input4/X
 input40/X
 input41/X
 input42/X
 input43/X
 input44/X
 input45/X
 input5/X
 input6/X
 input7/X
 input8/X
 input9/X
 max_cap49/X
 max_cap50/X
 max_cap51/X
 max_cap52/X
 output46/X
 output47/X
 output48/X
 wire56/X
Found 0 partially unannotated drivers.

===========================================================================
max slew violation count 0
Writing metric design__max_slew_violation__count__corner:nom_tt_025C_1v80: 0
max fanout violation count 0
Writing metric design__max_fanout_violation__count__corner:nom_tt_025C_1v80: 0
max cap violation count 0
Writing metric design__max_cap_violation__count__corner:nom_tt_025C_1v80: 0
============================================================================

===========================================================================
check_setup -verbose -unconstrained_endpoints -multiple_clock -no_clock -no_input_delay -loops -generated_clocks
===========================================================================
Warning: There are 25 unclocked register/latch pins.
  _194_/CLK
  _195_/CLK
  _196_/CLK
  _197_/CLK
  _198_/CLK
  _199_/CLK
  _200_/CLK
  _201_/CLK
  _202_/CLK
  _203_/CLK
  _204_/CLK
  _205_/CLK
  _206_/CLK
  _207_/CLK
  _208_/CLK
  _209_/CLK
  _210_/CLK
  _211_/CLK
  _212_/CLK
  _213_/CLK
  _214_/CLK
  _215_/CLK
  _216_/CLK
  _217_/CLK
  _218_/CLK
Warning: There are 298 unconstrained endpoints.
  analog_io[0]
  analog_io[10]
  analog_io[11]
  analog_io[12]
  analog_io[13]
  analog_io[14]
  analog_io[15]
  analog_io[16]
  analog_io[17]
  analog_io[18]
  analog_io[19]
  analog_io[1]
  analog_io[20]
  analog_io[21]
  analog_io[22]
  analog_io[23]
  analog_io[24]
  analog_io[25]
  analog_io[26]
  analog_io[27]
  analog_io[28]
  analog_io[2]
  analog_io[3]
  analog_io[4]
  analog_io[5]
  analog_io[6]
  analog_io[7]
  analog_io[8]
  analog_io[9]
  analog_trigger_in
  analog_trigger_out
  io_oeb[0]
  io_oeb[10]
  io_oeb[11]
  io_oeb[12]
  io_oeb[13]
  io_oeb[14]
  io_oeb[15]
  io_oeb[16]
  io_oeb[17]
  io_oeb[18]
  io_oeb[19]
  io_oeb[1]
  io_oeb[20]
  io_oeb[21]
  io_oeb[22]
  io_oeb[23]
  io_oeb[24]
  io_oeb[25]
  io_oeb[26]
  io_oeb[27]
  io_oeb[28]
  io_oeb[29]
  io_oeb[2]
  io_oeb[30]
  io_oeb[31]
  io_oeb[32]
  io_oeb[33]
  io_oeb[34]
  io_oeb[35]
  io_oeb[36]
  io_oeb[37]
  io_oeb[3]
  io_oeb[4]
  io_oeb[5]
  io_oeb[6]
  io_oeb[7]
  io_oeb[8]
  io_oeb[9]
  io_out[0]
  io_out[10]
  io_out[11]
  io_out[12]
  io_out[13]
  io_out[14]
  io_out[15]
  io_out[16]
  io_out[17]
  io_out[18]
  io_out[19]
  io_out[1]
  io_out[20]
  io_out[21]
  io_out[22]
  io_out[23]
  io_out[24]
  io_out[25]
  io_out[26]
  io_out[27]
  io_out[28]
  io_out[29]
  io_out[2]
  io_out[30]
  io_out[31]
  io_out[32]
  io_out[33]
  io_out[34]
  io_out[35]
  io_out[36]
  io_out[37]
  io_out[3]
  io_out[4]
  io_out[5]
  io_out[6]
  io_out[7]
  io_out[8]
  io_out[9]
  la_data_out[0]
  la_data_out[100]
  la_data_out[101]
  la_data_out[102]
  la_data_out[103]
  la_data_out[104]
  la_data_out[105]
  la_data_out[106]
  la_data_out[107]
  la_data_out[108]
  la_data_out[109]
  la_data_out[10]
  la_data_out[110]
  la_data_out[111]
  la_data_out[112]
  la_data_out[113]
  la_data_out[114]
  la_data_out[115]
  la_data_out[116]
  la_data_out[117]
  la_data_out[118]
  la_data_out[119]
  la_data_out[11]
  la_data_out[120]
  la_data_out[121]
  la_data_out[122]
  la_data_out[123]
  la_data_out[124]
  la_data_out[125]
  la_data_out[126]
  la_data_out[127]
  la_data_out[12]
  la_data_out[13]
  la_data_out[14]
  la_data_out[15]
  la_data_out[16]
  la_data_out[17]
  la_data_out[18]
  la_data_out[19]
  la_data_out[1]
  la_data_out[20]
  la_data_out[21]
  la_data_out[22]
  la_data_out[23]
  la_data_out[24]
  la_data_out[25]
  la_data_out[26]
  la_data_out[27]
  la_data_out[28]
  la_data_out[29]
  la_data_out[2]
  la_data_out[30]
  la_data_out[31]
  la_data_out[32]
  la_data_out[33]
  la_data_out[34]
  la_data_out[35]
  la_data_out[36]
  la_data_out[37]
  la_data_out[38]
  la_data_out[39]
  la_data_out[3]
  la_data_out[40]
  la_data_out[41]
  la_data_out[42]
  la_data_out[43]
  la_data_out[44]
  la_data_out[45]
  la_data_out[46]
  la_data_out[47]
  la_data_out[48]
  la_data_out[49]
  la_data_out[4]
  la_data_out[50]
  la_data_out[51]
  la_data_out[52]
  la_data_out[53]
  la_data_out[54]
  la_data_out[55]
  la_data_out[56]
  la_data_out[57]
  la_data_out[58]
  la_data_out[59]
  la_data_out[5]
  la_data_out[60]
  la_data_out[61]
  la_data_out[62]
  la_data_out[63]
  la_data_out[64]
  la_data_out[65]
  la_data_out[66]
  la_data_out[67]
  la_data_out[68]
  la_data_out[69]
  la_data_out[6]
  la_data_out[70]
  la_data_out[71]
  la_data_out[72]
  la_data_out[73]
  la_data_out[74]
  la_data_out[75]
  la_data_out[76]
  la_data_out[77]
  la_data_out[78]
  la_data_out[79]
  la_data_out[7]
  la_data_out[80]
  la_data_out[81]
  la_data_out[82]
  la_data_out[83]
  la_data_out[84]
  la_data_out[85]
  la_data_out[86]
  la_data_out[87]
  la_data_out[88]
  la_data_out[89]
  la_data_out[8]
  la_data_out[90]
  la_data_out[91]
  la_data_out[92]
  la_data_out[93]
  la_data_out[94]
  la_data_out[95]
  la_data_out[96]
  la_data_out[97]
  la_data_out[98]
  la_data_out[99]
  la_data_out[9]
  pwm_fall_out
  pwm_rise_out
  user_irq[0]
  user_irq[1]
  user_irq[2]
  wbs_ack_o
  wbs_dat_o[0]
  wbs_dat_o[10]
  wbs_dat_o[11]
  wbs_dat_o[12]
  wbs_dat_o[13]
  wbs_dat_o[14]
  wbs_dat_o[15]
  wbs_dat_o[16]
  wbs_dat_o[17]
  wbs_dat_o[18]
  wbs_dat_o[19]
  wbs_dat_o[1]
  wbs_dat_o[20]
  wbs_dat_o[21]
  wbs_dat_o[22]
  wbs_dat_o[23]
  wbs_dat_o[24]
  wbs_dat_o[25]
  wbs_dat_o[26]
  wbs_dat_o[27]
  wbs_dat_o[28]
  wbs_dat_o[29]
  wbs_dat_o[2]
  wbs_dat_o[30]
  wbs_dat_o[31]
  wbs_dat_o[3]
  wbs_dat_o[4]
  wbs_dat_o[5]
  wbs_dat_o[6]
  wbs_dat_o[7]
  wbs_dat_o[8]
  wbs_dat_o[9]
  _194_/D
  _195_/D
  _196_/D
  _197_/D
  _198_/D
  _199_/D
  _200_/D
  _201_/D
  _202_/D
  _203_/D
  _204_/D
  _205_/D
  _206_/D
  _207_/D
  _208_/D
  _209_/D
  _210_/D
  _211_/D
  _212_/D
  _213_/D
  _214_/D
  _215_/D
  _216_/D
  _217_/D
  _218_/D
%OL_END_REPORT
%OL_CREATE_REPORT power.rpt

===========================================================================
 report_power
============================================================================
======================= nom_tt_025C_1v80 Corner ===================================

Group                    Internal    Switching      Leakage        Total
                            Power        Power        Power        Power (Watts)
------------------------------------------------------------------------
Sequential           5.462611e-06 2.493814e-06 2.109834e-10 7.956636e-06  35.7%
Combinational        9.613889e-06 4.687274e-06 5.255909e-09 1.430642e-05  64.3%
Macro                0.000000e+00 0.000000e+00 0.000000e+00 0.000000e+00   0.0%
Pad                  0.000000e+00 0.000000e+00 0.000000e+00 0.000000e+00   0.0%
------------------------------------------------------------------------
Total                1.507650e-05 7.181090e-06 5.466895e-09 2.226306e-05 100.0%
                            67.7%        32.3%         0.0%

%OL_END_REPORT
%OL_CREATE_REPORT skew.min.rpt

===========================================================================
Clock Skew (Hold)
============================================================================
Writing metric clock__skew__worst_hold__corner:nom_tt_025C_1v80: 0.000000
======================= nom_tt_025C_1v80 Corner ===================================

Clock clk
No launch/capture paths found.

%OL_END_REPORT
%OL_CREATE_REPORT skew.max.rpt

===========================================================================
Clock Skew (Setup)
============================================================================
Writing metric clock__skew__worst_setup__corner:nom_tt_025C_1v80: 0.000000
======================= nom_tt_025C_1v80 Corner ===================================

Clock clk
No launch/capture paths found.

%OL_END_REPORT
%OL_CREATE_REPORT ws.min.rpt

===========================================================================
Worst Slack (Hold)
============================================================================
Writing metric timing__hold__ws__corner:nom_tt_025C_1v80: INF
nom_tt_025C_1v80: INF
%OL_END_REPORT
%OL_CREATE_REPORT ws.max.rpt

===========================================================================
Worst Slack (Setup)
============================================================================
Writing metric timing__setup__ws__corner:nom_tt_025C_1v80: INF
nom_tt_025C_1v80: INF
%OL_END_REPORT
%OL_CREATE_REPORT tns.min.rpt

===========================================================================
Total Negative Slack (Hold)
============================================================================
Writing metric timing__hold__tns__corner:nom_tt_025C_1v80: 0.000000
nom_tt_025C_1v80: 0.000000
%OL_END_REPORT
%OL_CREATE_REPORT tns.max.rpt

===========================================================================
Total Negative Slack (Setup)
============================================================================
Writing metric timing__setup__tns__corner:nom_tt_025C_1v80: 0.000000
nom_tt_025C_1v80: 0.000000
%OL_END_REPORT
%OL_CREATE_REPORT wns.min.rpt

===========================================================================
Worst Negative Slack (Hold)
============================================================================
Writing metric timing__hold__wns__corner:nom_tt_025C_1v80: 0
nom_tt_025C_1v80: 0
%OL_END_REPORT
%OL_CREATE_REPORT wns.max.rpt

===========================================================================
Worst Negative Slack (Setup)
============================================================================
Writing metric timing__setup__wns__corner:nom_tt_025C_1v80: 0.0
nom_tt_025C_1v80: 0.0
%OL_END_REPORT
%OL_CREATE_REPORT violator_list.rpt

===========================================================================
Violator List
============================================================================
Writing metric timing__hold_vio__count__corner:nom_tt_025C_1v80: 0
Writing metric timing__hold_r2r_vio__count__corner:nom_tt_025C_1v80: 0
Writing metric timing__setup_vio__count__corner:nom_tt_025C_1v80: 0
Writing metric timing__setup_r2r_vio__count__corner:nom_tt_025C_1v80: 0
%OL_END_REPORT
