Reading OpenROAD database at '/root/eda/caravel_user_project_openlane_2/openlane/TOP_digital/runs/23_10_12_10_19/14-openroad-generatepdn/TOP_digital.odb'…
Reading library file at '/root/eda/caravel_user_project_openlane_2/openlane/TOP_digital/runs/23_10_12_10_19/tmp/95cc737d950546fb83ff0b35de3771a7.lib'…
Reading design constraints file at '/nix/store/ixkawr2rm870iw9p31jr6cicdswgpcx8-python3-3.10.9-env/lib/python3.10/site-packages/openlane/scripts/base.sdc'…
[WARNING STA-0337] port 'clk' not found.
[INFO] Using clock clk…
[INFO] Setting output delay to: 5
[INFO] Setting input delay to: 5
[WARNING STA-0337] port 'clk' not found.
[INFO] Setting load to: 0.033442
[INFO] Setting clock uncertainty to: 0.25
[INFO] Setting clock transition to: 0.1499999999999999944488848768742172978818416595458984375
[WARNING STA-0559] transition time can not be specified for virtual clocks.
[INFO] Setting timing derate to: 5%
[INFO] Setting RC values…
[INFO] Setting signal min routing layer to: met1 and clock min routing layer to met1. 
[INFO] Setting signal max routing layer to: met4 and clock max routing layer to met4. 
[INFO GPL-0002] DBU: 1000
[INFO GPL-0003] SiteSize: 460 2720
[INFO GPL-0004] CoreAreaLxLy: 5520 10880
[INFO GPL-0005] CoreAreaUxUy: 894240 886720
[INFO GPL-0006] NumInstances: 12024
[INFO GPL-0007] NumPlaceInstances: 364
[INFO GPL-0008] NumFixedInstances: 11660
[INFO GPL-0009] NumDummyInstances: 0
[INFO GPL-0010] NumNets: 763
[INFO GPL-0011] NumPins: 1625
[INFO GPL-0012] DieAreaLxLy: 0 0
[INFO GPL-0013] DieAreaUxUy: 900000 900000
[INFO GPL-0014] CoreAreaLxLy: 5520 10880
[INFO GPL-0015] CoreAreaUxUy: 894240 886720
[INFO GPL-0016] CoreArea: 778376524800
[INFO GPL-0017] NonPlaceInstsArea: 16200537600
[INFO GPL-0018] PlaceInstsArea: 3568422400
[INFO GPL-0019] Util(%): 0.47
[INFO GPL-0020] StdInstsArea: 3568422400
[INFO GPL-0021] MacroInstsArea: 0
[InitialPlace]  Iter: 1 CG residual: 0.00017669 HPWL: 252690430
[InitialPlace]  Iter: 2 CG residual: 0.00000006 HPWL: 46234726
[InitialPlace]  Iter: 3 CG residual: 0.00000005 HPWL: 44457065
[InitialPlace]  Iter: 4 CG residual: 0.00000034 HPWL: 41300836
[InitialPlace]  Iter: 5 CG residual: 0.00000061 HPWL: 39216548
[INFO GPL-0031] FillerInit: NumGCells: 45760
[INFO GPL-0032] FillerInit: NumGNets: 763
[INFO GPL-0033] FillerInit: NumGPins: 1625
[INFO GPL-0023] TargetDensity: 0.55
[INFO GPL-0024] AveragePlaceInstArea: 9803358
[INFO GPL-0025] IdealBinArea: 17824286
[INFO GPL-0026] IdealBinCnt: 43669
[INFO GPL-0027] TotalBinArea: 778376524800
[INFO GPL-0028] BinCnt: 128 128
[INFO GPL-0029] BinSize: 6944 6843
[INFO GPL-0030] NumBins: 16384
[NesterovSolve] Iter: 1 overflow: 0.390031 HPWL: 36949933
[INFO GPL-0100] worst slack 1e+30
[WARNING GPL-0102] No slacks found. Timing-driven mode disabled.
[NesterovSolve] Snapshot saved at iter = 0
[NesterovSolve] Iter: 10 overflow: 0.368612 HPWL: 36395740
[NesterovSolve] Iter: 20 overflow: 0.363894 HPWL: 35911573
[NesterovSolve] Iter: 30 overflow: 0.365676 HPWL: 35472078
[NesterovSolve] Iter: 40 overflow: 0.36398 HPWL: 35339222
[NesterovSolve] Iter: 50 overflow: 0.373234 HPWL: 35322017
[NesterovSolve] Iter: 60 overflow: 0.365251 HPWL: 35296545
[NesterovSolve] Iter: 70 overflow: 0.363975 HPWL: 35283397
[NesterovSolve] Iter: 80 overflow: 0.364788 HPWL: 35286332
[NesterovSolve] Iter: 90 overflow: 0.365082 HPWL: 35281584
[NesterovSolve] Iter: 100 overflow: 0.37134 HPWL: 35283765
[NesterovSolve] Iter: 110 overflow: 0.365058 HPWL: 35282579
[NesterovSolve] Iter: 120 overflow: 0.364114 HPWL: 35281045
[NesterovSolve] Iter: 130 overflow: 0.366027 HPWL: 35293694
[NesterovSolve] Iter: 140 overflow: 0.365902 HPWL: 35311986
[NesterovSolve] Iter: 150 overflow: 0.364864 HPWL: 35345463
[NesterovSolve] Iter: 160 overflow: 0.362561 HPWL: 35397636
[NesterovSolve] Iter: 170 overflow: 0.35921 HPWL: 35461243
[NesterovSolve] Iter: 180 overflow: 0.357773 HPWL: 35485359
[NesterovSolve] Iter: 190 overflow: 0.358848 HPWL: 35396211
[NesterovSolve] Iter: 200 overflow: 0.356683 HPWL: 35385401
[NesterovSolve] Iter: 210 overflow: 0.349779 HPWL: 35543115
[NesterovSolve] Iter: 220 overflow: 0.340875 HPWL: 35410088
[NesterovSolve] Iter: 230 overflow: 0.326001 HPWL: 35508838
[NesterovSolve] Iter: 240 overflow: 0.313122 HPWL: 35551129
[NesterovSolve] Iter: 250 overflow: 0.297016 HPWL: 35549313
[NesterovSolve] Iter: 260 overflow: 0.274394 HPWL: 35562322
[NesterovSolve] Iter: 270 overflow: 0.237767 HPWL: 35601090
[NesterovSolve] Iter: 280 overflow: 0.217416 HPWL: 35672177
[INFO GPL-0075] Routability numCall: 1 inflationIterCnt: 1 bloatIterCnt: 0
[INFO GPL-0036] TileLxLy: 0 0
[INFO GPL-0037] TileSize: 6900 6900
[INFO GPL-0038] TileCnt: 130 130
[INFO GPL-0039] numRoutingLayers: 6
[INFO GPL-0040] NumTiles: 16900
[INFO GPL-0063] TotalRouteOverflowH2: 0
[INFO GPL-0064] TotalRouteOverflowV2: 0
[INFO GPL-0065] OverflowTileCnt2: 0
[INFO GPL-0066] 0.5%RC: 0.737724543331626
[INFO GPL-0067] 1.0%RC: 0.6939939783142136
[INFO GPL-0068] 2.0%RC: 0.6575075015649423
[INFO GPL-0069] 5.0%RC: 0.6024339012443446
[INFO GPL-0070] 0.5rcK: 1
[INFO GPL-0071] 1.0rcK: 1
[INFO GPL-0072] 2.0rcK: 0
[INFO GPL-0073] 5.0rcK: 0
[INFO GPL-0074] FinalRC: 0.71585923
[NesterovSolve] Iter: 290 overflow: 0.178998 HPWL: 35736183
[NesterovSolve] Iter: 300 overflow: 0.14757 HPWL: 35811576
[NesterovSolve] Iter: 310 overflow: 0.133198 HPWL: 35897212
[NesterovSolve] Iter: 320 overflow: 0.127406 HPWL: 35992471
[NesterovSolve] Iter: 330 overflow: 0.10428 HPWL: 36140466
[NesterovSolve] Finished with Overflow: 0.099520
[INFO] Setting RC values…
Setting global connections for newly added cells…
[INFO] Setting global connections...
Writing OpenROAD database to '/root/eda/caravel_user_project_openlane_2/openlane/TOP_digital/runs/23_10_12_10_19/15-openroad-globalplacement/TOP_digital.odb'…
Writing netlist to '/root/eda/caravel_user_project_openlane_2/openlane/TOP_digital/runs/23_10_12_10_19/15-openroad-globalplacement/TOP_digital.nl.v'…
Writing powered netlist to '/root/eda/caravel_user_project_openlane_2/openlane/TOP_digital/runs/23_10_12_10_19/15-openroad-globalplacement/TOP_digital.pnl.v'…
Writing layout to '/root/eda/caravel_user_project_openlane_2/openlane/TOP_digital/runs/23_10_12_10_19/15-openroad-globalplacement/TOP_digital.def'…
