Reading /root/eda/caravel_user_project_openlane_2/openlane/TOP_digital/runs/23_10_12_09_59/38-magic-streamout/TOP_digital.magic.gds ..
Reading /root/eda/caravel_user_project_openlane_2/openlane/TOP_digital/runs/23_10_12_09_59/39-klayout-streamout/TOP_digital.klayout.gds ..
--- Running XOR for layer 122/16 ---
"input" in: xor.drc:93
    Polygons (raw): 47066 (flat)  49 (hierarchical)
    Elapsed: 0.000s  Memory: 643.00M
"input" in: xor.drc:93
    Polygons (raw): 47066 (flat)  49 (hierarchical)
    Elapsed: 0.000s  Memory: 643.00M
"^" in: xor.drc:93
    Polygons (raw): 0 (flat)  0 (hierarchical)
    Elapsed: 0.340s  Memory: 643.00M
XOR differences: 0
"output" in: xor.drc:66
    Polygons (raw): 0 (flat)  0 (hierarchical)
    Elapsed: 0.010s  Memory: 643.00M
--- Running XOR for layer 235/4 ---
"input" in: xor.drc:93
    Polygons (raw): 1 (flat)  1 (hierarchical)
    Elapsed: 0.000s  Memory: 643.00M
"input" in: xor.drc:93
    Polygons (raw): 1 (flat)  1 (hierarchical)
    Elapsed: 0.000s  Memory: 643.00M
"^" in: xor.drc:93
    Polygons (raw): 0 (flat)  0 (hierarchical)
    Elapsed: 0.030s  Memory: 643.00M
XOR differences: 0
"output" in: xor.drc:66
    Polygons (raw): 0 (flat)  0 (hierarchical)
    Elapsed: 0.000s  Memory: 643.00M
--- Running XOR for layer 236/0 ---
"input" in: xor.drc:93
    Polygons (raw): 39061 (flat)  45 (hierarchical)
    Elapsed: 0.000s  Memory: 643.00M
"input" in: xor.drc:93
    Polygons (raw): 39061 (flat)  45 (hierarchical)
    Elapsed: 0.000s  Memory: 643.00M
"^" in: xor.drc:93
    Polygons (raw): 0 (flat)  0 (hierarchical)
    Elapsed: 0.310s  Memory: 665.00M
XOR differences: 0
"output" in: xor.drc:66
    Polygons (raw): 0 (flat)  0 (hierarchical)
    Elapsed: 0.000s  Memory: 665.00M
--- Running XOR for layer 64/16 ---
"input" in: xor.drc:93
    Polygons (raw): 47066 (flat)  49 (hierarchical)
    Elapsed: 0.000s  Memory: 665.00M
"input" in: xor.drc:93
    Polygons (raw): 47066 (flat)  49 (hierarchical)
    Elapsed: 0.000s  Memory: 665.00M
"^" in: xor.drc:93
    Polygons (raw): 0 (flat)  0 (hierarchical)
    Elapsed: 0.340s  Memory: 666.00M
XOR differences: 0
"output" in: xor.drc:66
    Polygons (raw): 0 (flat)  0 (hierarchical)
    Elapsed: 0.010s  Memory: 666.00M
--- Running XOR for layer 64/20 ---
"input" in: xor.drc:93
    Polygons (raw): 54707 (flat)  48 (hierarchical)
    Elapsed: 0.000s  Memory: 666.00M
"input" in: xor.drc:93
    Polygons (raw): 54707 (flat)  48 (hierarchical)
    Elapsed: 0.000s  Memory: 666.00M
"^" in: xor.drc:93
    Polygons (raw): 0 (flat)  0 (hierarchical)
    Elapsed: 0.540s  Memory: 689.00M
XOR differences: 0
"output" in: xor.drc:66
    Polygons (raw): 0 (flat)  0 (hierarchical)
    Elapsed: 0.010s  Memory: 689.00M
--- Running XOR for layer 64/5 ---
"input" in: xor.drc:93
    Polygons (raw): 0 (flat)  0 (hierarchical)
    Elapsed: 0.000s  Memory: 689.00M
"input" in: xor.drc:93
    Polygons (raw): 0 (flat)  0 (hierarchical)
    Elapsed: 0.000s  Memory: 689.00M
"^" in: xor.drc:93
    Polygons (raw): 0 (flat)  0 (hierarchical)
    Elapsed: 0.090s  Memory: 689.00M
XOR differences: 0
"output" in: xor.drc:66
    Polygons (raw): 0 (flat)  0 (hierarchical)
    Elapsed: 0.000s  Memory: 689.00M
--- Running XOR for layer 64/59 ---
"input" in: xor.drc:93
    Polygons (raw): 0 (flat)  0 (hierarchical)
    Elapsed: 0.000s  Memory: 689.00M
"input" in: xor.drc:93
    Polygons (raw): 0 (flat)  0 (hierarchical)
    Elapsed: 0.000s  Memory: 689.00M
"^" in: xor.drc:93
    Polygons (raw): 0 (flat)  0 (hierarchical)
    Elapsed: 0.090s  Memory: 689.00M
XOR differences: 0
"output" in: xor.drc:66
    Polygons (raw): 0 (flat)  0 (hierarchical)
    Elapsed: 0.000s  Memory: 689.00M
--- Running XOR for layer 65/20 ---
"input" in: xor.drc:93
    Polygons (raw): 78032 (flat)  123 (hierarchical)
    Elapsed: 0.000s  Memory: 689.00M
"input" in: xor.drc:93
    Polygons (raw): 78032 (flat)  123 (hierarchical)
    Elapsed: 0.000s  Memory: 689.00M
"^" in: xor.drc:93
    Polygons (raw): 0 (flat)  0 (hierarchical)
    Elapsed: 0.420s  Memory: 689.00M
XOR differences: 0
"output" in: xor.drc:66
    Polygons (raw): 0 (flat)  0 (hierarchical)
    Elapsed: 0.010s  Memory: 689.00M
--- Running XOR for layer 65/44 ---
"input" in: xor.drc:93
    Polygons (raw): 15332 (flat)  2 (hierarchical)
    Elapsed: 0.000s  Memory: 689.00M
"input" in: xor.drc:93
    Polygons (raw): 15332 (flat)  2 (hierarchical)
    Elapsed: 0.000s  Memory: 689.00M
"^" in: xor.drc:93
    Polygons (raw): 0 (flat)  0 (hierarchical)
    Elapsed: 0.100s  Memory: 689.00M
XOR differences: 0
"output" in: xor.drc:66
    Polygons (raw): 0 (flat)  0 (hierarchical)
    Elapsed: 0.000s  Memory: 689.00M
--- Running XOR for layer 66/15 ---
"input" in: xor.drc:93
    Polygons (raw): 128 (flat)  2 (hierarchical)
    Elapsed: 0.000s  Memory: 689.00M
"input" in: xor.drc:93
    Polygons (raw): 128 (flat)  2 (hierarchical)
    Elapsed: 0.000s  Memory: 689.00M
"^" in: xor.drc:93
    Polygons (raw): 0 (flat)  0 (hierarchical)
    Elapsed: 0.020s  Memory: 689.00M
XOR differences: 0
"output" in: xor.drc:66
    Polygons (raw): 0 (flat)  0 (hierarchical)
    Elapsed: 0.000s  Memory: 689.00M
--- Running XOR for layer 66/20 ---
"input" in: xor.drc:93
    Polygons (raw): 78395 (flat)  196 (hierarchical)
    Elapsed: 0.000s  Memory: 689.00M
"input" in: xor.drc:93
    Polygons (raw): 78395 (flat)  196 (hierarchical)
    Elapsed: 0.000s  Memory: 689.00M
"^" in: xor.drc:93
    Polygons (raw): 0 (flat)  0 (hierarchical)
    Elapsed: 0.610s  Memory: 689.00M
XOR differences: 0
"output" in: xor.drc:66
    Polygons (raw): 0 (flat)  0 (hierarchical)
    Elapsed: 0.010s  Memory: 689.00M
--- Running XOR for layer 66/44 ---
"input" in: xor.drc:93
    Polygons (raw): 293634 (flat)  990 (hierarchical)
    Elapsed: 0.000s  Memory: 689.00M
"input" in: xor.drc:93
    Polygons (raw): 293634 (flat)  990 (hierarchical)
    Elapsed: 0.010s  Memory: 689.00M
"^" in: xor.drc:93
    Polygons (raw): 0 (flat)  0 (hierarchical)
    Elapsed: 1.390s  Memory: 689.00M
XOR differences: 0
"output" in: xor.drc:66
    Polygons (raw): 0 (flat)  0 (hierarchical)
    Elapsed: 0.020s  Memory: 689.00M
--- Running XOR for layer 67/16 ---
"input" in: xor.drc:93
    Polygons (raw): 3343 (flat)  285 (hierarchical)
    Elapsed: 0.000s  Memory: 689.00M
"input" in: xor.drc:93
    Polygons (raw): 3343 (flat)  285 (hierarchical)
    Elapsed: 0.000s  Memory: 689.00M
"^" in: xor.drc:93
    Polygons (raw): 0 (flat)  0 (hierarchical)
    Elapsed: 0.040s  Memory: 689.00M
XOR differences: 0
"output" in: xor.drc:66
    Polygons (raw): 0 (flat)  0 (hierarchical)
    Elapsed: 0.000s  Memory: 689.00M
--- Running XOR for layer 67/20 ---
"input" in: xor.drc:93
    Polygons (raw): 247927 (flat)  1251 (hierarchical)
    Elapsed: 0.000s  Memory: 689.00M
"input" in: xor.drc:93
    Polygons (raw): 247927 (flat)  344 (hierarchical)
    Elapsed: 0.010s  Memory: 689.00M
"^" in: xor.drc:93
    Polygons (raw): 0 (flat)  0 (hierarchical)
    Elapsed: 1.760s  Memory: 694.00M
XOR differences: 0
"output" in: xor.drc:66
    Polygons (raw): 0 (flat)  0 (hierarchical)
    Elapsed: 0.010s  Memory: 694.00M
--- Running XOR for layer 67/44 ---
"input" in: xor.drc:93
    Polygons (raw): 858662 (flat)  1552 (hierarchical)
    Elapsed: 0.000s  Memory: 694.00M
"input" in: xor.drc:93
    Polygons (raw): 858662 (flat)  645 (hierarchical)
    Elapsed: 0.000s  Memory: 694.00M
"^" in: xor.drc:93
    Polygons (raw): 0 (flat)  0 (hierarchical)
    Elapsed: 3.780s  Memory: 694.00M
XOR differences: 0
"output" in: xor.drc:66
    Polygons (raw): 0 (flat)  0 (hierarchical)
    Elapsed: 0.010s  Memory: 694.00M
--- Running XOR for layer 67/5 ---
"input" in: xor.drc:93
    Polygons (raw): 0 (flat)  0 (hierarchical)
    Elapsed: 0.000s  Memory: 694.00M
"input" in: xor.drc:93
    Polygons (raw): 0 (flat)  0 (hierarchical)
    Elapsed: 0.000s  Memory: 694.00M
"^" in: xor.drc:93
    Polygons (raw): 0 (flat)  0 (hierarchical)
    Elapsed: 0.020s  Memory: 694.00M
XOR differences: 0
"output" in: xor.drc:66
    Polygons (raw): 0 (flat)  0 (hierarchical)
    Elapsed: 0.000s  Memory: 694.00M
--- Running XOR for layer 68/16 ---
"input" in: xor.drc:93
    Polygons (raw): 109428 (flat)  98 (hierarchical)
    Elapsed: 0.000s  Memory: 694.00M
"input" in: xor.drc:93
    Polygons (raw): 109428 (flat)  98 (hierarchical)
    Elapsed: 0.000s  Memory: 694.00M
"^" in: xor.drc:93
    Polygons (raw): 0 (flat)  0 (hierarchical)
    Elapsed: 0.650s  Memory: 694.00M
XOR differences: 0
"output" in: xor.drc:66
    Polygons (raw): 0 (flat)  0 (hierarchical)
    Elapsed: 0.010s  Memory: 694.00M
--- Running XOR for layer 68/20 ---
"input" in: xor.drc:93
    Polygons (raw): 113204 (flat)  3840 (hierarchical)
    Elapsed: 0.000s  Memory: 694.00M
"input" in: xor.drc:93
    Polygons (raw): 113942 (flat)  1456 (hierarchical)
    Elapsed: 0.000s  Memory: 694.00M
"^" in: xor.drc:93
    Polygons (raw): 0 (flat)  0 (hierarchical)
    Elapsed: 0.880s  Memory: 733.00M
XOR differences: 0
"output" in: xor.drc:66
    Polygons (raw): 0 (flat)  0 (hierarchical)
    Elapsed: 0.020s  Memory: 733.00M
--- Running XOR for layer 68/44 ---
"input" in: xor.drc:93
    Polygons (raw): 7577 (flat)  7577 (hierarchical)
    Elapsed: 0.000s  Memory: 733.00M
"input" in: xor.drc:93
    Polygons (raw): 7577 (flat)  6 (hierarchical)
    Elapsed: 0.000s  Memory: 733.00M
"^" in: xor.drc:93
    Polygons (raw): 0 (flat)  0 (hierarchical)
    Elapsed: 0.050s  Memory: 733.00M
XOR differences: 0
"output" in: xor.drc:66
    Polygons (raw): 0 (flat)  0 (hierarchical)
    Elapsed: 0.000s  Memory: 733.00M
--- Running XOR for layer 68/5 ---
"input" in: xor.drc:93
    Polygons (raw): 0 (flat)  0 (hierarchical)
    Elapsed: 0.000s  Memory: 733.00M
"input" in: xor.drc:93
    Polygons (raw): 0 (flat)  0 (hierarchical)
    Elapsed: 0.000s  Memory: 733.00M
"^" in: xor.drc:93
    Polygons (raw): 0 (flat)  0 (hierarchical)
    Elapsed: 0.110s  Memory: 733.00M
XOR differences: 0
"output" in: xor.drc:66
    Polygons (raw): 0 (flat)  0 (hierarchical)
    Elapsed: 0.000s  Memory: 733.00M
--- Running XOR for layer 69/16 ---
"input" in: xor.drc:93
    Polygons (raw): 227 (flat)  227 (hierarchical)
    Elapsed: 0.010s  Memory: 733.00M
"input" in: xor.drc:93
    Polygons (raw): 227 (flat)  227 (hierarchical)
    Elapsed: 0.000s  Memory: 733.00M
"^" in: xor.drc:93
    Polygons (raw): 0 (flat)  0 (hierarchical)
    Elapsed: 0.030s  Memory: 733.00M
XOR differences: 0
"output" in: xor.drc:66
    Polygons (raw): 0 (flat)  0 (hierarchical)
    Elapsed: 0.000s  Memory: 733.00M
--- Running XOR for layer 69/20 ---
"input" in: xor.drc:93
    Polygons (raw): 3184 (flat)  3184 (hierarchical)
    Elapsed: 0.000s  Memory: 733.00M
"input" in: xor.drc:93
    Polygons (raw): 5834 (flat)  2235 (hierarchical)
    Elapsed: 0.000s  Memory: 733.00M
"^" in: xor.drc:93
    Polygons (raw): 0 (flat)  0 (hierarchical)
    Elapsed: 0.060s  Memory: 733.00M
XOR differences: 0
"output" in: xor.drc:66
    Polygons (raw): 0 (flat)  0 (hierarchical)
    Elapsed: 0.000s  Memory: 733.00M
--- Running XOR for layer 69/44 ---
"input" in: xor.drc:93
    Polygons (raw): 5406 (flat)  5406 (hierarchical)
    Elapsed: 0.000s  Memory: 733.00M
"input" in: xor.drc:93
    Polygons (raw): 5406 (flat)  5 (hierarchical)
    Elapsed: 0.000s  Memory: 733.00M
"^" in: xor.drc:93
    Polygons (raw): 0 (flat)  0 (hierarchical)
    Elapsed: 0.050s  Memory: 733.00M
XOR differences: 0
"output" in: xor.drc:66
    Polygons (raw): 0 (flat)  0 (hierarchical)
    Elapsed: 0.000s  Memory: 733.00M
--- Running XOR for layer 69/5 ---
"input" in: xor.drc:93
    Polygons (raw): 0 (flat)  0 (hierarchical)
    Elapsed: 0.000s  Memory: 733.00M
"input" in: xor.drc:93
    Polygons (raw): 0 (flat)  0 (hierarchical)
    Elapsed: 0.000s  Memory: 733.00M
"^" in: xor.drc:93
    Polygons (raw): 0 (flat)  0 (hierarchical)
    Elapsed: 0.020s  Memory: 733.00M
XOR differences: 0
"output" in: xor.drc:66
    Polygons (raw): 0 (flat)  0 (hierarchical)
    Elapsed: 0.000s  Memory: 733.00M
--- Running XOR for layer 70/16 ---
"input" in: xor.drc:93
    Polygons (raw): 215 (flat)  215 (hierarchical)
    Elapsed: 0.000s  Memory: 733.00M
"input" in: xor.drc:93
    Polygons (raw): 215 (flat)  215 (hierarchical)
    Elapsed: 0.000s  Memory: 733.00M
"^" in: xor.drc:93
    Polygons (raw): 0 (flat)  0 (hierarchical)
    Elapsed: 0.030s  Memory: 733.00M
XOR differences: 0
"output" in: xor.drc:66
    Polygons (raw): 0 (flat)  0 (hierarchical)
    Elapsed: 0.000s  Memory: 733.00M
--- Running XOR for layer 70/20 ---
"input" in: xor.drc:93
    Polygons (raw): 1726 (flat)  1726 (hierarchical)
    Elapsed: 0.000s  Memory: 733.00M
"input" in: xor.drc:93
    Polygons (raw): 4324 (flat)  1601 (hierarchical)
    Elapsed: 0.000s  Memory: 733.00M
"^" in: xor.drc:93
    Polygons (raw): 0 (flat)  0 (hierarchical)
    Elapsed: 0.050s  Memory: 733.00M
XOR differences: 0
"output" in: xor.drc:66
    Polygons (raw): 0 (flat)  0 (hierarchical)
    Elapsed: 0.000s  Memory: 733.00M
--- Running XOR for layer 70/44 ---
"input" in: xor.drc:93
    Polygons (raw): 5360 (flat)  5360 (hierarchical)
    Elapsed: 0.000s  Memory: 733.00M
"input" in: xor.drc:93
    Polygons (raw): 5360 (flat)  4 (hierarchical)
    Elapsed: 0.000s  Memory: 733.00M
"^" in: xor.drc:93
    Polygons (raw): 0 (flat)  0 (hierarchical)
    Elapsed: 0.050s  Memory: 733.00M
XOR differences: 0
"output" in: xor.drc:66
    Polygons (raw): 0 (flat)  0 (hierarchical)
    Elapsed: 0.020s  Memory: 672.00M
--- Running XOR for layer 70/5 ---
"input" in: xor.drc:93
    Polygons (raw): 0 (flat)  0 (hierarchical)
    Elapsed: 0.000s  Memory: 672.00M
"input" in: xor.drc:93
    Polygons (raw): 0 (flat)  0 (hierarchical)
    Elapsed: 0.000s  Memory: 672.00M
"^" in: xor.drc:93
    Polygons (raw): 0 (flat)  0 (hierarchical)
    Elapsed: 0.020s  Memory: 672.00M
XOR differences: 0
"output" in: xor.drc:66
    Polygons (raw): 0 (flat)  0 (hierarchical)
    Elapsed: 0.000s  Memory: 672.00M
--- Running XOR for layer 71/16 ---
"input" in: xor.drc:93
    Polygons (raw): 10 (flat)  10 (hierarchical)
    Elapsed: 0.000s  Memory: 672.00M
"input" in: xor.drc:93
    Polygons (raw): 10 (flat)  10 (hierarchical)
    Elapsed: 0.000s  Memory: 672.00M
"^" in: xor.drc:93
    Polygons (raw): 0 (flat)  0 (hierarchical)
    Elapsed: 0.020s  Memory: 672.00M
XOR differences: 0
"output" in: xor.drc:66
    Polygons (raw): 0 (flat)  0 (hierarchical)
    Elapsed: 0.000s  Memory: 672.00M
--- Running XOR for layer 71/20 ---
"input" in: xor.drc:93
    Polygons (raw): 10 (flat)  10 (hierarchical)
    Elapsed: 0.010s  Memory: 672.00M
"input" in: xor.drc:93
    Polygons (raw): 1360 (flat)  21 (hierarchical)
    Elapsed: 0.000s  Memory: 672.00M
"^" in: xor.drc:93
    Polygons (raw): 0 (flat)  0 (hierarchical)
    Elapsed: 0.030s  Memory: 672.00M
XOR differences: 0
"output" in: xor.drc:66
    Polygons (raw): 0 (flat)  0 (hierarchical)
    Elapsed: 0.000s  Memory: 672.00M
--- Running XOR for layer 71/5 ---
"input" in: xor.drc:93
    Polygons (raw): 0 (flat)  0 (hierarchical)
    Elapsed: 0.000s  Memory: 672.00M
"input" in: xor.drc:93
    Polygons (raw): 0 (flat)  0 (hierarchical)
    Elapsed: 0.000s  Memory: 672.00M
"^" in: xor.drc:93
    Polygons (raw): 0 (flat)  0 (hierarchical)
    Elapsed: 0.020s  Memory: 672.00M
XOR differences: 0
"output" in: xor.drc:66
    Polygons (raw): 0 (flat)  0 (hierarchical)
    Elapsed: 0.000s  Memory: 672.00M
--- Running XOR for layer 78/44 ---
"input" in: xor.drc:93
    Polygons (raw): 54721 (flat)  50 (hierarchical)
    Elapsed: 0.000s  Memory: 672.00M
"input" in: xor.drc:93
    Polygons (raw): 54721 (flat)  50 (hierarchical)
    Elapsed: 0.000s  Memory: 672.00M
"^" in: xor.drc:93
    Polygons (raw): 0 (flat)  0 (hierarchical)
    Elapsed: 0.380s  Memory: 672.00M
XOR differences: 0
"output" in: xor.drc:66
    Polygons (raw): 0 (flat)  0 (hierarchical)
    Elapsed: 0.010s  Memory: 672.00M
Warning: Skipping 81/14
--- Running XOR for layer 81/23 ---
"input" in: xor.drc:93
    Polygons (raw): 154 (flat)  1 (hierarchical)
    Elapsed: 0.000s  Memory: 672.00M
"input" in: xor.drc:93
    Polygons (raw): 154 (flat)  1 (hierarchical)
    Elapsed: 0.000s  Memory: 672.00M
"^" in: xor.drc:93
    Polygons (raw): 0 (flat)  0 (hierarchical)
    Elapsed: 0.020s  Memory: 672.00M
XOR differences: 0
"output" in: xor.drc:66
    Polygons (raw): 0 (flat)  0 (hierarchical)
    Elapsed: 0.000s  Memory: 672.00M
--- Running XOR for layer 81/4 ---
"input" in: xor.drc:93
    Polygons (raw): 54707 (flat)  48 (hierarchical)
    Elapsed: 0.000s  Memory: 672.00M
"input" in: xor.drc:93
    Polygons (raw): 54707 (flat)  48 (hierarchical)
    Elapsed: 0.000s  Memory: 672.00M
"^" in: xor.drc:93
    Polygons (raw): 0 (flat)  0 (hierarchical)
    Elapsed: 0.420s  Memory: 686.00M
XOR differences: 0
"output" in: xor.drc:66
    Polygons (raw): 0 (flat)  0 (hierarchical)
    Elapsed: 0.000s  Memory: 686.00M
--- Running XOR for layer 83/44 ---
"input" in: xor.drc:93
    Polygons (raw): 0 (flat)  0 (hierarchical)
    Elapsed: 0.000s  Memory: 686.00M
"input" in: xor.drc:93
    Polygons (raw): 0 (flat)  0 (hierarchical)
    Elapsed: 0.000s  Memory: 686.00M
"^" in: xor.drc:93
    Polygons (raw): 0 (flat)  0 (hierarchical)
    Elapsed: 0.100s  Memory: 686.00M
XOR differences: 0
"output" in: xor.drc:66
    Polygons (raw): 0 (flat)  0 (hierarchical)
    Elapsed: 0.020s  Memory: 686.00M
--- Running XOR for layer 93/44 ---
"input" in: xor.drc:93
    Polygons (raw): 62373 (flat)  49 (hierarchical)
    Elapsed: 0.000s  Memory: 686.00M
"input" in: xor.drc:93
    Polygons (raw): 62373 (flat)  49 (hierarchical)
    Elapsed: 0.000s  Memory: 686.00M
"^" in: xor.drc:93
    Polygons (raw): 0 (flat)  0 (hierarchical)
    Elapsed: 0.490s  Memory: 686.00M
XOR differences: 0
"output" in: xor.drc:66
    Polygons (raw): 0 (flat)  0 (hierarchical)
    Elapsed: 0.000s  Memory: 686.00M
--- Running XOR for layer 94/20 ---
"input" in: xor.drc:93
    Polygons (raw): 62373 (flat)  49 (hierarchical)
    Elapsed: 0.010s  Memory: 686.00M
"input" in: xor.drc:93
    Polygons (raw): 62373 (flat)  49 (hierarchical)
    Elapsed: 0.010s  Memory: 686.00M
"^" in: xor.drc:93
    Polygons (raw): 0 (flat)  0 (hierarchical)
    Elapsed: 0.520s  Memory: 693.00M
XOR differences: 0
"output" in: xor.drc:66
    Polygons (raw): 0 (flat)  0 (hierarchical)
    Elapsed: 0.010s  Memory: 693.00M
--- Running XOR for layer 95/20 ---
"input" in: xor.drc:93
    Polygons (raw): 38992 (flat)  53 (hierarchical)
    Elapsed: 0.000s  Memory: 693.00M
"input" in: xor.drc:93
    Polygons (raw): 38992 (flat)  53 (hierarchical)
    Elapsed: 0.000s  Memory: 693.00M
"^" in: xor.drc:93
    Polygons (raw): 0 (flat)  0 (hierarchical)
    Elapsed: 0.320s  Memory: 693.00M
XOR differences: 0
"output" in: xor.drc:66
    Polygons (raw): 0 (flat)  0 (hierarchical)
    Elapsed: 0.000s  Memory: 693.00M
---
Total XOR differences: 0
Writing report database: /root/eda/caravel_user_project_openlane_2/openlane/TOP_digital/runs/23_10_12_09_59/41-klayout-xor/xor.xml ..
Total elapsed: 15.100s  Memory: 693.00M
/root/eda/caravel_user_project_openlane_2/openlane/TOP_digital/runs/23_10_12_09_59/38-magic-streamout/TOP_digital.magic.gds
/root/eda/caravel_user_project_openlane_2/openlane/TOP_digital/runs/23_10_12_09_59/39-klayout-streamout/TOP_digital.klayout.gds
%OL_CREATE_REPORT difference_count.rpt
0
%OL_END_REPORT
