Reading /root/eda/caravel_user_project_openlane_2/openlane/TOP_digital/runs/23_10_12_10_19/38-magic-streamout/TOP_digital.magic.gds ..
Reading /root/eda/caravel_user_project_openlane_2/openlane/TOP_digital/runs/23_10_12_10_19/39-klayout-streamout/TOP_digital.klayout.gds ..
--- Running XOR for layer 122/16 ---
"input" in: xor.drc:93
    Polygons (raw): 68915 (flat)  51 (hierarchical)
    Elapsed: 0.010s  Memory: 681.00M
"input" in: xor.drc:93
    Polygons (raw): 68915 (flat)  51 (hierarchical)
    Elapsed: 0.000s  Memory: 681.00M
"^" in: xor.drc:93
    Polygons (raw): 0 (flat)  0 (hierarchical)
    Elapsed: 0.510s  Memory: 681.00M
XOR differences: 0
"output" in: xor.drc:66
    Polygons (raw): 0 (flat)  0 (hierarchical)
    Elapsed: 0.010s  Memory: 681.00M
--- Running XOR for layer 235/4 ---
"input" in: xor.drc:93
    Polygons (raw): 1 (flat)  1 (hierarchical)
    Elapsed: 0.000s  Memory: 681.00M
"input" in: xor.drc:93
    Polygons (raw): 1 (flat)  1 (hierarchical)
    Elapsed: 0.010s  Memory: 681.00M
"^" in: xor.drc:93
    Polygons (raw): 0 (flat)  0 (hierarchical)
    Elapsed: 0.040s  Memory: 681.00M
XOR differences: 0
"output" in: xor.drc:66
    Polygons (raw): 0 (flat)  0 (hierarchical)
    Elapsed: 0.000s  Memory: 681.00M
--- Running XOR for layer 236/0 ---
"input" in: xor.drc:93
    Polygons (raw): 57089 (flat)  47 (hierarchical)
    Elapsed: 0.000s  Memory: 681.00M
"input" in: xor.drc:93
    Polygons (raw): 57089 (flat)  47 (hierarchical)
    Elapsed: 0.000s  Memory: 681.00M
"^" in: xor.drc:93
    Polygons (raw): 0 (flat)  0 (hierarchical)
    Elapsed: 0.420s  Memory: 721.00M
XOR differences: 0
"output" in: xor.drc:66
    Polygons (raw): 0 (flat)  0 (hierarchical)
    Elapsed: 0.000s  Memory: 681.00M
--- Running XOR for layer 64/16 ---
"input" in: xor.drc:93
    Polygons (raw): 68915 (flat)  51 (hierarchical)
    Elapsed: 0.000s  Memory: 681.00M
"input" in: xor.drc:93
    Polygons (raw): 68915 (flat)  51 (hierarchical)
    Elapsed: 0.000s  Memory: 681.00M
"^" in: xor.drc:93
    Polygons (raw): 0 (flat)  0 (hierarchical)
    Elapsed: 0.550s  Memory: 698.00M
XOR differences: 0
"output" in: xor.drc:66
    Polygons (raw): 0 (flat)  0 (hierarchical)
    Elapsed: 0.010s  Memory: 698.00M
--- Running XOR for layer 64/20 ---
"input" in: xor.drc:93
    Polygons (raw): 79906 (flat)  50 (hierarchical)
    Elapsed: 0.000s  Memory: 698.00M
"input" in: xor.drc:93
    Polygons (raw): 79906 (flat)  50 (hierarchical)
    Elapsed: 0.000s  Memory: 698.00M
"^" in: xor.drc:93
    Polygons (raw): 0 (flat)  0 (hierarchical)
    Elapsed: 0.720s  Memory: 707.00M
XOR differences: 0
"output" in: xor.drc:66
    Polygons (raw): 0 (flat)  0 (hierarchical)
    Elapsed: 0.010s  Memory: 707.00M
--- Running XOR for layer 64/5 ---
"input" in: xor.drc:93
    Polygons (raw): 0 (flat)  0 (hierarchical)
    Elapsed: 0.000s  Memory: 707.00M
"input" in: xor.drc:93
    Polygons (raw): 0 (flat)  0 (hierarchical)
    Elapsed: 0.000s  Memory: 707.00M
"^" in: xor.drc:93
    Polygons (raw): 0 (flat)  0 (hierarchical)
    Elapsed: 0.130s  Memory: 707.00M
XOR differences: 0
"output" in: xor.drc:66
    Polygons (raw): 0 (flat)  0 (hierarchical)
    Elapsed: 0.000s  Memory: 707.00M
--- Running XOR for layer 64/59 ---
"input" in: xor.drc:93
    Polygons (raw): 0 (flat)  0 (hierarchical)
    Elapsed: 0.000s  Memory: 707.00M
"input" in: xor.drc:93
    Polygons (raw): 0 (flat)  0 (hierarchical)
    Elapsed: 0.000s  Memory: 707.00M
"^" in: xor.drc:93
    Polygons (raw): 0 (flat)  0 (hierarchical)
    Elapsed: 0.130s  Memory: 707.00M
XOR differences: 0
"output" in: xor.drc:66
    Polygons (raw): 0 (flat)  0 (hierarchical)
    Elapsed: 0.000s  Memory: 707.00M
--- Running XOR for layer 65/20 ---
"input" in: xor.drc:93
    Polygons (raw): 113025 (flat)  125 (hierarchical)
    Elapsed: 0.000s  Memory: 707.00M
"input" in: xor.drc:93
    Polygons (raw): 113025 (flat)  125 (hierarchical)
    Elapsed: 0.000s  Memory: 707.00M
"^" in: xor.drc:93
    Polygons (raw): 0 (flat)  0 (hierarchical)
    Elapsed: 0.650s  Memory: 721.00M
XOR differences: 0
"output" in: xor.drc:66
    Polygons (raw): 0 (flat)  0 (hierarchical)
    Elapsed: 0.010s  Memory: 721.00M
--- Running XOR for layer 65/44 ---
"input" in: xor.drc:93
    Polygons (raw): 22032 (flat)  2 (hierarchical)
    Elapsed: 0.000s  Memory: 721.00M
"input" in: xor.drc:93
    Polygons (raw): 22032 (flat)  2 (hierarchical)
    Elapsed: 0.000s  Memory: 721.00M
"^" in: xor.drc:93
    Polygons (raw): 0 (flat)  0 (hierarchical)
    Elapsed: 0.140s  Memory: 721.00M
XOR differences: 0
"output" in: xor.drc:66
    Polygons (raw): 0 (flat)  0 (hierarchical)
    Elapsed: 0.000s  Memory: 721.00M
--- Running XOR for layer 66/15 ---
"input" in: xor.drc:93
    Polygons (raw): 956 (flat)  2 (hierarchical)
    Elapsed: 0.000s  Memory: 721.00M
"input" in: xor.drc:93
    Polygons (raw): 956 (flat)  2 (hierarchical)
    Elapsed: 0.000s  Memory: 721.00M
"^" in: xor.drc:93
    Polygons (raw): 0 (flat)  0 (hierarchical)
    Elapsed: 0.040s  Memory: 721.00M
XOR differences: 0
"output" in: xor.drc:66
    Polygons (raw): 0 (flat)  0 (hierarchical)
    Elapsed: 0.000s  Memory: 721.00M
--- Running XOR for layer 66/20 ---
"input" in: xor.drc:93
    Polygons (raw): 113987 (flat)  202 (hierarchical)
    Elapsed: 0.000s  Memory: 721.00M
"input" in: xor.drc:93
    Polygons (raw): 113987 (flat)  202 (hierarchical)
    Elapsed: 0.000s  Memory: 721.00M
"^" in: xor.drc:93
    Polygons (raw): 0 (flat)  0 (hierarchical)
    Elapsed: 0.910s  Memory: 721.00M
XOR differences: 0
"output" in: xor.drc:66
    Polygons (raw): 0 (flat)  0 (hierarchical)
    Elapsed: 0.010s  Memory: 721.00M
--- Running XOR for layer 66/44 ---
"input" in: xor.drc:93
    Polygons (raw): 428171 (flat)  1135 (hierarchical)
    Elapsed: 0.000s  Memory: 721.00M
"input" in: xor.drc:93
    Polygons (raw): 428171 (flat)  1135 (hierarchical)
    Elapsed: 0.000s  Memory: 721.00M
"^" in: xor.drc:93
    Polygons (raw): 0 (flat)  0 (hierarchical)
    Elapsed: 2.400s  Memory: 721.00M
XOR differences: 0
"output" in: xor.drc:66
    Polygons (raw): 0 (flat)  0 (hierarchical)
    Elapsed: 0.010s  Memory: 721.00M
--- Running XOR for layer 67/16 ---
"input" in: xor.drc:93
    Polygons (raw): 8179 (flat)  298 (hierarchical)
    Elapsed: 0.000s  Memory: 721.00M
"input" in: xor.drc:93
    Polygons (raw): 8179 (flat)  298 (hierarchical)
    Elapsed: 0.000s  Memory: 721.00M
"^" in: xor.drc:93
    Polygons (raw): 0 (flat)  0 (hierarchical)
    Elapsed: 0.070s  Memory: 721.00M
XOR differences: 0
"output" in: xor.drc:66
    Polygons (raw): 0 (flat)  0 (hierarchical)
    Elapsed: 0.000s  Memory: 721.00M
--- Running XOR for layer 67/20 ---
"input" in: xor.drc:93
    Polygons (raw): 361900 (flat)  2323 (hierarchical)
    Elapsed: 0.000s  Memory: 721.00M
"input" in: xor.drc:93
    Polygons (raw): 361900 (flat)  357 (hierarchical)
    Elapsed: 0.000s  Memory: 721.00M
"^" in: xor.drc:93
    Polygons (raw): 0 (flat)  0 (hierarchical)
    Elapsed: 2.810s  Memory: 761.00M
XOR differences: 0
"output" in: xor.drc:66
    Polygons (raw): 0 (flat)  0 (hierarchical)
    Elapsed: 0.020s  Memory: 761.00M
--- Running XOR for layer 67/44 ---
"input" in: xor.drc:93
    Polygons (raw): 1246325 (flat)  2669 (hierarchical)
    Elapsed: 0.000s  Memory: 761.00M
"input" in: xor.drc:93
    Polygons (raw): 1246325 (flat)  703 (hierarchical)
    Elapsed: 0.000s  Memory: 761.00M
"^" in: xor.drc:93
    Polygons (raw): 0 (flat)  0 (hierarchical)
    Elapsed: 6.060s  Memory: 761.00M
XOR differences: 0
"output" in: xor.drc:66
    Polygons (raw): 0 (flat)  0 (hierarchical)
    Elapsed: 0.010s  Memory: 761.00M
--- Running XOR for layer 67/5 ---
"input" in: xor.drc:93
    Polygons (raw): 0 (flat)  0 (hierarchical)
    Elapsed: 0.000s  Memory: 761.00M
"input" in: xor.drc:93
    Polygons (raw): 0 (flat)  0 (hierarchical)
    Elapsed: 0.000s  Memory: 761.00M
"^" in: xor.drc:93
    Polygons (raw): 0 (flat)  0 (hierarchical)
    Elapsed: 0.040s  Memory: 761.00M
XOR differences: 0
"output" in: xor.drc:66
    Polygons (raw): 0 (flat)  0 (hierarchical)
    Elapsed: 0.000s  Memory: 761.00M
--- Running XOR for layer 68/16 ---
"input" in: xor.drc:93
    Polygons (raw): 159834 (flat)  102 (hierarchical)
    Elapsed: 0.000s  Memory: 761.00M
"input" in: xor.drc:93
    Polygons (raw): 159834 (flat)  102 (hierarchical)
    Elapsed: 0.000s  Memory: 761.00M
"^" in: xor.drc:93
    Polygons (raw): 0 (flat)  0 (hierarchical)
    Elapsed: 1.020s  Memory: 761.00M
XOR differences: 0
"output" in: xor.drc:66
    Polygons (raw): 0 (flat)  0 (hierarchical)
    Elapsed: 0.010s  Memory: 761.00M
--- Running XOR for layer 68/20 ---
"input" in: xor.drc:93
    Polygons (raw): 166417 (flat)  6659 (hierarchical)
    Elapsed: 0.000s  Memory: 761.00M
"input" in: xor.drc:93
    Polygons (raw): 167469 (flat)  2117 (hierarchical)
    Elapsed: 0.000s  Memory: 761.00M
"^" in: xor.drc:93
    Polygons (raw): 0 (flat)  0 (hierarchical)
    Elapsed: 1.310s  Memory: 761.00M
XOR differences: 0
"output" in: xor.drc:66
    Polygons (raw): 0 (flat)  0 (hierarchical)
    Elapsed: 0.010s  Memory: 761.00M
--- Running XOR for layer 68/44 ---
"input" in: xor.drc:93
    Polygons (raw): 11382 (flat)  11382 (hierarchical)
    Elapsed: 0.000s  Memory: 761.00M
"input" in: xor.drc:93
    Polygons (raw): 11382 (flat)  6 (hierarchical)
    Elapsed: 0.000s  Memory: 761.00M
"^" in: xor.drc:93
    Polygons (raw): 0 (flat)  0 (hierarchical)
    Elapsed: 0.080s  Memory: 761.00M
XOR differences: 0
"output" in: xor.drc:66
    Polygons (raw): 0 (flat)  0 (hierarchical)
    Elapsed: 0.000s  Memory: 761.00M
--- Running XOR for layer 68/5 ---
"input" in: xor.drc:93
    Polygons (raw): 0 (flat)  0 (hierarchical)
    Elapsed: 0.000s  Memory: 761.00M
"input" in: xor.drc:93
    Polygons (raw): 0 (flat)  0 (hierarchical)
    Elapsed: 0.000s  Memory: 761.00M
"^" in: xor.drc:93
    Polygons (raw): 0 (flat)  0 (hierarchical)
    Elapsed: 0.170s  Memory: 761.00M
XOR differences: 0
"output" in: xor.drc:66
    Polygons (raw): 0 (flat)  0 (hierarchical)
    Elapsed: 0.000s  Memory: 761.00M
--- Running XOR for layer 69/16 ---
"input" in: xor.drc:93
    Polygons (raw): 330 (flat)  330 (hierarchical)
    Elapsed: 0.000s  Memory: 761.00M
"input" in: xor.drc:93
    Polygons (raw): 330 (flat)  330 (hierarchical)
    Elapsed: 0.000s  Memory: 761.00M
"^" in: xor.drc:93
    Polygons (raw): 0 (flat)  0 (hierarchical)
    Elapsed: 0.040s  Memory: 761.00M
XOR differences: 0
"output" in: xor.drc:66
    Polygons (raw): 0 (flat)  0 (hierarchical)
    Elapsed: 0.000s  Memory: 761.00M
--- Running XOR for layer 69/20 ---
"input" in: xor.drc:93
    Polygons (raw): 5337 (flat)  5337 (hierarchical)
    Elapsed: 0.000s  Memory: 761.00M
"input" in: xor.drc:93
    Polygons (raw): 9216 (flat)  3516 (hierarchical)
    Elapsed: 0.000s  Memory: 761.00M
"^" in: xor.drc:93
    Polygons (raw): 0 (flat)  0 (hierarchical)
    Elapsed: 0.100s  Memory: 761.00M
XOR differences: 0
"output" in: xor.drc:66
    Polygons (raw): 0 (flat)  0 (hierarchical)
    Elapsed: 0.000s  Memory: 761.00M
--- Running XOR for layer 69/44 ---
"input" in: xor.drc:93
    Polygons (raw): 7888 (flat)  7888 (hierarchical)
    Elapsed: 0.000s  Memory: 761.00M
"input" in: xor.drc:93
    Polygons (raw): 7888 (flat)  5 (hierarchical)
    Elapsed: 0.000s  Memory: 761.00M
"^" in: xor.drc:93
    Polygons (raw): 0 (flat)  0 (hierarchical)
    Elapsed: 0.070s  Memory: 761.00M
XOR differences: 0
"output" in: xor.drc:66
    Polygons (raw): 0 (flat)  0 (hierarchical)
    Elapsed: 0.010s  Memory: 761.00M
--- Running XOR for layer 69/5 ---
"input" in: xor.drc:93
    Polygons (raw): 0 (flat)  0 (hierarchical)
    Elapsed: 0.000s  Memory: 761.00M
"input" in: xor.drc:93
    Polygons (raw): 0 (flat)  0 (hierarchical)
    Elapsed: 0.000s  Memory: 761.00M
"^" in: xor.drc:93
    Polygons (raw): 0 (flat)  0 (hierarchical)
    Elapsed: 0.030s  Memory: 761.00M
XOR differences: 0
"output" in: xor.drc:66
    Polygons (raw): 0 (flat)  0 (hierarchical)
    Elapsed: 0.000s  Memory: 761.00M
--- Running XOR for layer 70/16 ---
"input" in: xor.drc:93
    Polygons (raw): 311 (flat)  311 (hierarchical)
    Elapsed: 0.000s  Memory: 761.00M
"input" in: xor.drc:93
    Polygons (raw): 311 (flat)  311 (hierarchical)
    Elapsed: 0.000s  Memory: 761.00M
"^" in: xor.drc:93
    Polygons (raw): 0 (flat)  0 (hierarchical)
    Elapsed: 0.040s  Memory: 761.00M
XOR differences: 0
"output" in: xor.drc:66
    Polygons (raw): 0 (flat)  0 (hierarchical)
    Elapsed: 0.000s  Memory: 761.00M
--- Running XOR for layer 70/20 ---
"input" in: xor.drc:93
    Polygons (raw): 2779 (flat)  2779 (hierarchical)
    Elapsed: 0.000s  Memory: 761.00M
"input" in: xor.drc:93
    Polygons (raw): 6396 (flat)  2387 (hierarchical)
    Elapsed: 0.000s  Memory: 761.00M
"^" in: xor.drc:93
    Polygons (raw): 0 (flat)  0 (hierarchical)
    Elapsed: 0.070s  Memory: 761.00M
XOR differences: 0
"output" in: xor.drc:66
    Polygons (raw): 0 (flat)  0 (hierarchical)
    Elapsed: 0.000s  Memory: 761.00M
--- Running XOR for layer 70/44 ---
"input" in: xor.drc:93
    Polygons (raw): 7752 (flat)  7752 (hierarchical)
    Elapsed: 0.000s  Memory: 761.00M
"input" in: xor.drc:93
    Polygons (raw): 7752 (flat)  4 (hierarchical)
    Elapsed: 0.000s  Memory: 761.00M
"^" in: xor.drc:93
    Polygons (raw): 0 (flat)  0 (hierarchical)
    Elapsed: 0.060s  Memory: 761.00M
XOR differences: 0
"output" in: xor.drc:66
    Polygons (raw): 0 (flat)  0 (hierarchical)
    Elapsed: 0.000s  Memory: 761.00M
--- Running XOR for layer 70/5 ---
"input" in: xor.drc:93
    Polygons (raw): 0 (flat)  0 (hierarchical)
    Elapsed: 0.000s  Memory: 761.00M
"input" in: xor.drc:93
    Polygons (raw): 0 (flat)  0 (hierarchical)
    Elapsed: 0.000s  Memory: 761.00M
"^" in: xor.drc:93
    Polygons (raw): 0 (flat)  0 (hierarchical)
    Elapsed: 0.030s  Memory: 761.00M
XOR differences: 0
"output" in: xor.drc:66
    Polygons (raw): 0 (flat)  0 (hierarchical)
    Elapsed: 0.000s  Memory: 761.00M
--- Running XOR for layer 71/16 ---
"input" in: xor.drc:93
    Polygons (raw): 12 (flat)  12 (hierarchical)
    Elapsed: 0.000s  Memory: 761.00M
"input" in: xor.drc:93
    Polygons (raw): 12 (flat)  12 (hierarchical)
    Elapsed: 0.000s  Memory: 761.00M
"^" in: xor.drc:93
    Polygons (raw): 0 (flat)  0 (hierarchical)
    Elapsed: 0.040s  Memory: 761.00M
XOR differences: 0
"output" in: xor.drc:66
    Polygons (raw): 0 (flat)  0 (hierarchical)
    Elapsed: 0.000s  Memory: 761.00M
--- Running XOR for layer 71/20 ---
"input" in: xor.drc:93
    Polygons (raw): 12 (flat)  12 (hierarchical)
    Elapsed: 0.000s  Memory: 761.00M
"input" in: xor.drc:93
    Polygons (raw): 1962 (flat)  25 (hierarchical)
    Elapsed: 0.000s  Memory: 761.00M
"^" in: xor.drc:93
    Polygons (raw): 0 (flat)  0 (hierarchical)
    Elapsed: 0.050s  Memory: 761.00M
XOR differences: 0
"output" in: xor.drc:66
    Polygons (raw): 0 (flat)  0 (hierarchical)
    Elapsed: 0.000s  Memory: 761.00M
--- Running XOR for layer 71/5 ---
"input" in: xor.drc:93
    Polygons (raw): 0 (flat)  0 (hierarchical)
    Elapsed: 0.000s  Memory: 761.00M
"input" in: xor.drc:93
    Polygons (raw): 0 (flat)  0 (hierarchical)
    Elapsed: 0.000s  Memory: 761.00M
"^" in: xor.drc:93
    Polygons (raw): 0 (flat)  0 (hierarchical)
    Elapsed: 0.030s  Memory: 761.00M
XOR differences: 0
"output" in: xor.drc:66
    Polygons (raw): 0 (flat)  0 (hierarchical)
    Elapsed: 0.000s  Memory: 761.00M
--- Running XOR for layer 78/44 ---
"input" in: xor.drc:93
    Polygons (raw): 79928 (flat)  52 (hierarchical)
    Elapsed: 0.000s  Memory: 761.00M
"input" in: xor.drc:93
    Polygons (raw): 79928 (flat)  52 (hierarchical)
    Elapsed: 0.000s  Memory: 761.00M
"^" in: xor.drc:93
    Polygons (raw): 0 (flat)  0 (hierarchical)
    Elapsed: 0.560s  Memory: 761.00M
XOR differences: 0
"output" in: xor.drc:66
    Polygons (raw): 0 (flat)  0 (hierarchical)
    Elapsed: 0.010s  Memory: 761.00M
Warning: Skipping 81/14
--- Running XOR for layer 81/23 ---
"input" in: xor.drc:93
    Polygons (raw): 383 (flat)  1 (hierarchical)
    Elapsed: 0.000s  Memory: 761.00M
"input" in: xor.drc:93
    Polygons (raw): 383 (flat)  1 (hierarchical)
    Elapsed: 0.000s  Memory: 761.00M
"^" in: xor.drc:93
    Polygons (raw): 0 (flat)  0 (hierarchical)
    Elapsed: 0.040s  Memory: 761.00M
XOR differences: 0
"output" in: xor.drc:66
    Polygons (raw): 0 (flat)  0 (hierarchical)
    Elapsed: 0.000s  Memory: 761.00M
--- Running XOR for layer 81/4 ---
"input" in: xor.drc:93
    Polygons (raw): 79906 (flat)  50 (hierarchical)
    Elapsed: 0.000s  Memory: 761.00M
"input" in: xor.drc:93
    Polygons (raw): 79906 (flat)  50 (hierarchical)
    Elapsed: 0.000s  Memory: 761.00M
"^" in: xor.drc:93
    Polygons (raw): 0 (flat)  0 (hierarchical)
    Elapsed: 0.570s  Memory: 762.00M
XOR differences: 0
"output" in: xor.drc:66
    Polygons (raw): 0 (flat)  0 (hierarchical)
    Elapsed: 0.020s  Memory: 762.00M
--- Running XOR for layer 83/44 ---
"input" in: xor.drc:93
    Polygons (raw): 0 (flat)  0 (hierarchical)
    Elapsed: 0.000s  Memory: 762.00M
"input" in: xor.drc:93
    Polygons (raw): 0 (flat)  0 (hierarchical)
    Elapsed: 0.000s  Memory: 762.00M
"^" in: xor.drc:93
    Polygons (raw): 0 (flat)  0 (hierarchical)
    Elapsed: 0.160s  Memory: 762.00M
XOR differences: 0
"output" in: xor.drc:66
    Polygons (raw): 0 (flat)  0 (hierarchical)
    Elapsed: 0.000s  Memory: 762.00M
--- Running XOR for layer 93/44 ---
"input" in: xor.drc:93
    Polygons (raw): 90922 (flat)  51 (hierarchical)
    Elapsed: 0.000s  Memory: 762.00M
"input" in: xor.drc:93
    Polygons (raw): 90922 (flat)  51 (hierarchical)
    Elapsed: 0.000s  Memory: 762.00M
"^" in: xor.drc:93
    Polygons (raw): 0 (flat)  0 (hierarchical)
    Elapsed: 0.720s  Memory: 713.00M
XOR differences: 0
"output" in: xor.drc:66
    Polygons (raw): 0 (flat)  0 (hierarchical)
    Elapsed: 0.010s  Memory: 713.00M
--- Running XOR for layer 94/20 ---
"input" in: xor.drc:93
    Polygons (raw): 90922 (flat)  51 (hierarchical)
    Elapsed: 0.000s  Memory: 713.00M
"input" in: xor.drc:93
    Polygons (raw): 90922 (flat)  51 (hierarchical)
    Elapsed: 0.000s  Memory: 713.00M
"^" in: xor.drc:93
    Polygons (raw): 0 (flat)  0 (hierarchical)
    Elapsed: 0.880s  Memory: 713.00M
XOR differences: 0
"output" in: xor.drc:66
    Polygons (raw): 0 (flat)  0 (hierarchical)
    Elapsed: 0.020s  Memory: 713.00M
--- Running XOR for layer 95/20 ---
"input" in: xor.drc:93
    Polygons (raw): 57204 (flat)  54 (hierarchical)
    Elapsed: 0.000s  Memory: 713.00M
"input" in: xor.drc:93
    Polygons (raw): 57204 (flat)  54 (hierarchical)
    Elapsed: 0.000s  Memory: 713.00M
"^" in: xor.drc:93
    Polygons (raw): 0 (flat)  0 (hierarchical)
    Elapsed: 0.500s  Memory: 713.00M
XOR differences: 0
"output" in: xor.drc:66
    Polygons (raw): 0 (flat)  0 (hierarchical)
    Elapsed: 0.010s  Memory: 713.00M
---
Total XOR differences: 0
Writing report database: /root/eda/caravel_user_project_openlane_2/openlane/TOP_digital/runs/23_10_12_10_19/41-klayout-xor/xor.xml ..
Total elapsed: 23.340s  Memory: 713.00M
/root/eda/caravel_user_project_openlane_2/openlane/TOP_digital/runs/23_10_12_10_19/38-magic-streamout/TOP_digital.magic.gds
/root/eda/caravel_user_project_openlane_2/openlane/TOP_digital/runs/23_10_12_10_19/39-klayout-streamout/TOP_digital.klayout.gds
%OL_CREATE_REPORT difference_count.rpt
0
%OL_END_REPORT
