[INFO GRT-0043] No OR_DEFAULT vias defined.
Net: net9
  Pin: _143_/C (sky130_fd_sc_hd__or4_1)
    Layer: met3
      Partial area ratio:  674.29
      Required ratio:    0.00 (Gate area) 
      Partial area ratio: 3600.00
      Required ratio: 3091.96 (Side area) (VIOLATED)
      Cumulative area ratio:  687.12
      Required ratio:    0.00 (Cumulative area) 
      Cumulative area ratio: 3666.53
      Required ratio:    0.00 (Cumulative side area) 

    Layer: met2
      Partial area ratio:   12.84
      Required ratio:    0.00 (Gate area) 
      Partial area ratio:   66.53
      Required ratio: 2773.88 (Side area) 
      Cumulative area ratio:   12.84
      Required ratio:    0.00 (Cumulative area) 
      Cumulative area ratio:   66.53
      Required ratio:    0.00 (Cumulative side area) 

    Layer: met1
      Partial area ratio:    0.00
      Required ratio:    0.00 (Gate area) 
      Partial area ratio:    0.00
      Required ratio:  400.00 (Side area) 
      Cumulative area ratio:    0.00
      Required ratio:    0.00 (Cumulative area) 
      Cumulative area ratio:    0.00
      Required ratio:    0.00 (Cumulative side area) 

    Layer: li1
      Partial area ratio:    0.00
      Required ratio:    0.00 (Gate area) 
      Partial area ratio:    0.00
      Required ratio:   75.00 (Side area) 
      Cumulative area ratio:    0.00
      Required ratio:    0.00 (Cumulative area) 
      Cumulative area ratio:    0.00
      Required ratio:    0.00 (Cumulative side area) 

    Via: M2M3_PR
      Partial area ratio:    0.32
      Required ratio:    6.00 (Gate area) 
      Cumulative area ratio:    0.73
      Required ratio:    0.00 (Cumulative area) 

    Via: M1M2_PR
      Partial area ratio:    0.18
      Required ratio:    6.00 (Gate area) 
      Cumulative area ratio:    0.41
      Required ratio:    0.00 (Cumulative area) 

    Via: L1M1_PR
      Partial area ratio:    0.23
      Required ratio:    3.00 (Gate area) 
      Cumulative area ratio:    0.23
      Required ratio:    0.00 (Cumulative area) 


[INFO ANT-0002] Found 1 net violations.
[INFO ANT-0001] Found 1 pin violations.
