Reading OpenROAD database at '/root/eda/caravel_user_project_openlane_2/openlane/TOP_digital/runs/23_10_12_09_59/14-openroad-generatepdn/TOP_digital.odb'…
Reading library file at '/root/eda/caravel_user_project_openlane_2/openlane/TOP_digital/runs/23_10_12_09_59/tmp/8193ae4ef51f4509b1db3ae675086ea7.lib'…
Reading design constraints file at '/nix/store/ixkawr2rm870iw9p31jr6cicdswgpcx8-python3-3.10.9-env/lib/python3.10/site-packages/openlane/scripts/base.sdc'…
[WARNING STA-0337] port 'clk' not found.
[INFO] Using clock clk…
[INFO] Setting output delay to: 5
[INFO] Setting input delay to: 5
[WARNING STA-0337] port 'clk' not found.
[INFO] Setting load to: 0.033442
[INFO] Setting clock uncertainty to: 0.25
[INFO] Setting clock transition to: 0.1499999999999999944488848768742172978818416595458984375
[WARNING STA-0559] transition time can not be specified for virtual clocks.
[INFO] Setting timing derate to: 5%
[INFO] Setting RC values…
[INFO] Setting signal min routing layer to: met1 and clock min routing layer to met1. 
[INFO] Setting signal max routing layer to: met4 and clock max routing layer to met4. 
[INFO GPL-0002] DBU: 1000
[INFO GPL-0003] SiteSize: 460 2720
[INFO GPL-0004] CoreAreaLxLy: 5520 10880
[INFO GPL-0005] CoreAreaUxUy: 744280 737120
[INFO GPL-0006] NumInstances: 8357
[INFO GPL-0007] NumPlaceInstances: 157
[INFO GPL-0008] NumFixedInstances: 8200
[INFO GPL-0009] NumDummyInstances: 0
[INFO GPL-0010] NumNets: 562
[INFO GPL-0011] NumPins: 1010
[INFO GPL-0012] DieAreaLxLy: 0 0
[INFO GPL-0013] DieAreaUxUy: 750000 750000
[INFO GPL-0014] CoreAreaLxLy: 5520 10880
[INFO GPL-0015] CoreAreaUxUy: 744280 737120
[INFO GPL-0016] CoreArea: 536517062400
[INFO GPL-0017] NonPlaceInstsArea: 11596121600
[INFO GPL-0018] PlaceInstsArea: 2014432000
[INFO GPL-0019] Util(%): 0.38
[INFO GPL-0020] StdInstsArea: 2014432000
[INFO GPL-0021] MacroInstsArea: 0
[InitialPlace]  Iter: 1 CG residual: 0.00000007 HPWL: 58817110
[InitialPlace]  Iter: 2 CG residual: 0.00001218 HPWL: 45989469
[InitialPlace]  Iter: 3 CG residual: 0.00003229 HPWL: 42222372
[InitialPlace]  Iter: 4 CG residual: 0.00025315 HPWL: 36518572
[InitialPlace]  Iter: 5 CG residual: 0.00000113 HPWL: 33338953
[INFO GPL-0031] FillerInit: NumGCells: 23025
[INFO GPL-0032] FillerInit: NumGNets: 562
[INFO GPL-0033] FillerInit: NumGPins: 1010
[INFO GPL-0023] TargetDensity: 0.55
[INFO GPL-0024] AveragePlaceInstArea: 12830777
[INFO GPL-0025] IdealBinArea: 23328684
[INFO GPL-0026] IdealBinCnt: 22998
[INFO GPL-0027] TotalBinArea: 536517062400
[INFO GPL-0028] BinCnt: 128 128
[INFO GPL-0029] BinSize: 5772 5674
[INFO GPL-0030] NumBins: 16384
[NesterovSolve] Iter: 1 overflow: 0.624497 HPWL: 30359891
[INFO GPL-0100] worst slack 1e+30
[WARNING GPL-0102] No slacks found. Timing-driven mode disabled.
[NesterovSolve] Snapshot saved at iter = 1
[NesterovSolve] Iter: 10 overflow: 0.590966 HPWL: 29581605
[NesterovSolve] Iter: 20 overflow: 0.57977 HPWL: 29352621
[NesterovSolve] Iter: 30 overflow: 0.591346 HPWL: 29242757
[NesterovSolve] Iter: 40 overflow: 0.571322 HPWL: 29225364
[NesterovSolve] Iter: 50 overflow: 0.56328 HPWL: 29245860
[NesterovSolve] Iter: 60 overflow: 0.577384 HPWL: 29177814
[NesterovSolve] Iter: 70 overflow: 0.56411 HPWL: 29213256
[NesterovSolve] Iter: 80 overflow: 0.556238 HPWL: 29224777
[NesterovSolve] Iter: 90 overflow: 0.579217 HPWL: 29204541
[NesterovSolve] Iter: 100 overflow: 0.56227 HPWL: 29220609
[NesterovSolve] Iter: 110 overflow: 0.565623 HPWL: 29190927
[NesterovSolve] Iter: 120 overflow: 0.567691 HPWL: 29226328
[NesterovSolve] Iter: 130 overflow: 0.569028 HPWL: 29204558
[NesterovSolve] Iter: 140 overflow: 0.573069 HPWL: 29220630
[NesterovSolve] Iter: 150 overflow: 0.576345 HPWL: 29221819
[NesterovSolve] Iter: 160 overflow: 0.567047 HPWL: 29215486
[NesterovSolve] Iter: 170 overflow: 0.567209 HPWL: 29227818
[NesterovSolve] Iter: 180 overflow: 0.569233 HPWL: 29235401
[NesterovSolve] Iter: 190 overflow: 0.570891 HPWL: 29213849
[NesterovSolve] Iter: 200 overflow: 0.567838 HPWL: 29219433
[NesterovSolve] Iter: 210 overflow: 0.558044 HPWL: 29226920
[NesterovSolve] Iter: 220 overflow: 0.555748 HPWL: 29186681
[NesterovSolve] Iter: 230 overflow: 0.549818 HPWL: 29185692
[NesterovSolve] Iter: 240 overflow: 0.52617 HPWL: 29182488
[NesterovSolve] Iter: 250 overflow: 0.50548 HPWL: 29142292
[NesterovSolve] Iter: 260 overflow: 0.478584 HPWL: 29138425
[NesterovSolve] Iter: 270 overflow: 0.447553 HPWL: 29125687
[NesterovSolve] Iter: 280 overflow: 0.403427 HPWL: 29172154
[NesterovSolve] Iter: 290 overflow: 0.361546 HPWL: 29222689
[NesterovSolve] Iter: 300 overflow: 0.318788 HPWL: 29317300
[NesterovSolve] Iter: 310 overflow: 0.273238 HPWL: 29430635
[NesterovSolve] Iter: 320 overflow: 0.242981 HPWL: 29561826
[NesterovSolve] Iter: 330 overflow: 0.2033 HPWL: 29673558
[INFO GPL-0075] Routability numCall: 1 inflationIterCnt: 1 bloatIterCnt: 0
[INFO GPL-0036] TileLxLy: 0 0
[INFO GPL-0037] TileSize: 6900 6900
[INFO GPL-0038] TileCnt: 108 108
[INFO GPL-0039] numRoutingLayers: 6
[INFO GPL-0040] NumTiles: 11664
[INFO GPL-0063] TotalRouteOverflowH2: 0
[INFO GPL-0064] TotalRouteOverflowV2: 0
[INFO GPL-0065] OverflowTileCnt2: 0
[INFO GPL-0066] 0.5%RC: 0.7765217397523962
[INFO GPL-0067] 1.0%RC: 0.7240174581910845
[INFO GPL-0068] 2.0%RC: 0.6649563364586976
[INFO GPL-0069] 5.0%RC: 0.607074247437273
[INFO GPL-0070] 0.5rcK: 1
[INFO GPL-0071] 1.0rcK: 1
[INFO GPL-0072] 2.0rcK: 0
[INFO GPL-0073] 5.0rcK: 0
[INFO GPL-0074] FinalRC: 0.7502696
[NesterovSolve] Iter: 340 overflow: 0.210078 HPWL: 29373747
[NesterovSolve] Iter: 350 overflow: 0.192617 HPWL: 29322731
[NesterovSolve] Iter: 360 overflow: 0.156101 HPWL: 29315570
[NesterovSolve] Iter: 370 overflow: 0.131365 HPWL: 29350817
[NesterovSolve] Iter: 380 overflow: 0.113931 HPWL: 29347950
[NesterovSolve] Finished with Overflow: 0.097629
[INFO] Setting RC values…
Setting global connections for newly added cells…
[INFO] Setting global connections...
Writing OpenROAD database to '/root/eda/caravel_user_project_openlane_2/openlane/TOP_digital/runs/23_10_12_09_59/15-openroad-globalplacement/TOP_digital.odb'…
Writing netlist to '/root/eda/caravel_user_project_openlane_2/openlane/TOP_digital/runs/23_10_12_09_59/15-openroad-globalplacement/TOP_digital.nl.v'…
Writing powered netlist to '/root/eda/caravel_user_project_openlane_2/openlane/TOP_digital/runs/23_10_12_09_59/15-openroad-globalplacement/TOP_digital.pnl.v'…
Writing layout to '/root/eda/caravel_user_project_openlane_2/openlane/TOP_digital/runs/23_10_12_09_59/15-openroad-globalplacement/TOP_digital.def'…
