Reading OpenROAD database at '/root/eda/caravel_user_project_openlane_2/openlane/TOP_digital/runs/23_10_11_11_38/23-openroad-resizertimingpostcts/TOP_digital.odb'…
Reading library file at '/root/eda/caravel_user_project_openlane_2/openlane/TOP_digital/runs/23_10_11_11_38/tmp/6601642c50294375bf8a03cb002da53a.lib'…
Reading design constraints file at '/nix/store/ixkawr2rm870iw9p31jr6cicdswgpcx8-python3-3.10.9-env/lib/python3.10/site-packages/openlane/scripts/base.sdc'…
[WARNING STA-0337] port 'clk' not found.
[INFO] Using clock clk…
[INFO] Setting output delay to: 5
[INFO] Setting input delay to: 5
[WARNING STA-0337] port 'clk' not found.
[INFO] Setting load to: 0.033442
[INFO] Setting clock uncertainty to: 0.25
[INFO] Setting clock transition to: 0.1499999999999999944488848768742172978818416595458984375
[WARNING STA-0559] transition time can not be specified for virtual clocks.
[INFO] Setting timing derate to: 5%
[WARNING RSZ-0014] wire capacitance for corner nom_tt_025C_1v80 is zero. Use the set_wire_rc command to set wire resistance and capacitance.
[WARNING STA-0357] virtual clock clk can not be propagated.
%OL_CREATE_REPORT min.rpt

===========================================================================
report_checks -path_delay min (Hold)
============================================================================
======================= nom_tt_025C_1v80 Corner ===================================

No paths found.

%OL_END_REPORT
%OL_CREATE_REPORT max.rpt

===========================================================================
report_checks -path_delay max (Setup)
============================================================================
======================= nom_tt_025C_1v80 Corner ===================================

No paths found.

%OL_END_REPORT
%OL_CREATE_REPORT checks.rpt

===========================================================================
report_checks -unconstrained
===========================================================================
======================= nom_tt_025C_1v80 Corner ===================================

Startpoint: wbs_adr_i[13] (input port clocked by clk)
Endpoint: _204_ (rising edge-triggered flip-flop)
Path Group: unconstrained
Path Type: max

Fanout         Cap        Slew       Delay        Time   Description
---------------------------------------------------------------------------------------------
                                  5.000000    5.000000 v input external delay
                      0.007699    0.003527    5.003527 v wbs_adr_i[13] (in)
     1    0.002276                                       wbs_adr_i[13] (net)
                      0.007699    0.000000    5.003527 v input7/A (sky130_fd_sc_hd__buf_4)
                      0.022932    0.107172    5.110700 v input7/X (sky130_fd_sc_hd__buf_4)
     2    0.002208                                       net7 (net)
                      0.022932    0.000000    5.110700 v _143_/A (sky130_fd_sc_hd__or4_1)
                      0.118545    0.555078    5.665777 v _143_/X (sky130_fd_sc_hd__or4_1)
     3    0.007846                                       _058_ (net)
                      0.118545    0.000000    5.665777 v _158_/A (sky130_fd_sc_hd__nor4_1)
                      0.386400    0.412212    6.077990 ^ _158_/Y (sky130_fd_sc_hd__nor4_1)
     3    0.007309                                       _072_ (net)
                      0.386400    0.000000    6.077990 ^ max_cap52/A (sky130_fd_sc_hd__clkbuf_2)
                      0.090211    0.219646    6.297636 ^ max_cap52/X (sky130_fd_sc_hd__clkbuf_2)
     3    0.014027                                       net52 (net)
                      0.090211    0.000000    6.297636 ^ max_cap51/A (sky130_fd_sc_hd__clkbuf_2)
                      0.078339    0.144830    6.442465 ^ max_cap51/X (sky130_fd_sc_hd__clkbuf_2)
     5    0.012535                                       net51 (net)
                      0.078339    0.000000    6.442465 ^ _162_/A3 (sky130_fd_sc_hd__a31o_1)
                      0.043313    0.138737    6.581203 ^ _162_/X (sky130_fd_sc_hd__a31o_1)
     1    0.002394                                       _075_ (net)
                      0.043313    0.000000    6.581203 ^ _163_/B1 (sky130_fd_sc_hd__o211a_1)
                      0.035190    0.126248    6.707451 ^ _163_/X (sky130_fd_sc_hd__o211a_1)
     1    0.001674                                       _010_ (net)
                      0.035190    0.000000    6.707451 ^ _204_/D (sky130_fd_sc_hd__dfxtp_1)
                                              6.707451   data arrival time
---------------------------------------------------------------------------------------------
(Path is unconstrained)




===========================================================================
report_checks --slack_max -0.01
============================================================================
======================= nom_tt_025C_1v80 Corner ===================================

No paths found.


===========================================================================
 report_check_types -max_slew -max_cap -max_fanout -violators
============================================================================
======================= nom_tt_025C_1v80 Corner ===================================



===========================================================================
report_parasitic_annotation -report_unannotated
============================================================================
Found 741 unannotated drivers.
 analog_io[0]
 analog_io[10]
 analog_io[11]
 analog_io[12]
 analog_io[13]
 analog_io[14]
 analog_io[15]
 analog_io[16]
 analog_io[17]
 analog_io[18]
 analog_io[19]
 analog_io[1]
 analog_io[20]
 analog_io[21]
 analog_io[22]
 analog_io[23]
 analog_io[24]
 analog_io[25]
 analog_io[26]
 analog_io[27]
 analog_io[28]
 analog_io[2]
 analog_io[3]
 analog_io[4]
 analog_io[5]
 analog_io[6]
 analog_io[7]
 analog_io[8]
 analog_io[9]
 analog_trigger_in
 analog_trigger_out
 io_in[0]
 io_in[10]
 io_in[11]
 io_in[12]
 io_in[13]
 io_in[14]
 io_in[15]
 io_in[16]
 io_in[17]
 io_in[18]
 io_in[19]
 io_in[1]
 io_in[20]
 io_in[21]
 io_in[22]
 io_in[23]
 io_in[24]
 io_in[25]
 io_in[26]
 io_in[27]
 io_in[28]
 io_in[29]
 io_in[2]
 io_in[30]
 io_in[31]
 io_in[32]
 io_in[33]
 io_in[34]
 io_in[35]
 io_in[36]
 io_in[37]
 io_in[3]
 io_in[4]
 io_in[5]
 io_in[6]
 io_in[7]
 io_in[8]
 io_in[9]
 la_data_in[0]
 la_data_in[100]
 la_data_in[101]
 la_data_in[102]
 la_data_in[103]
 la_data_in[104]
 la_data_in[105]
 la_data_in[106]
 la_data_in[107]
 la_data_in[108]
 la_data_in[109]
 la_data_in[10]
 la_data_in[110]
 la_data_in[111]
 la_data_in[112]
 la_data_in[113]
 la_data_in[114]
 la_data_in[115]
 la_data_in[116]
 la_data_in[117]
 la_data_in[118]
 la_data_in[119]
 la_data_in[11]
 la_data_in[120]
 la_data_in[121]
 la_data_in[122]
 la_data_in[123]
 la_data_in[124]
 la_data_in[125]
 la_data_in[126]
 la_data_in[127]
 la_data_in[12]
 la_data_in[13]
 la_data_in[14]
 la_data_in[15]
 la_data_in[16]
 la_data_in[17]
 la_data_in[18]
 la_data_in[19]
 la_data_in[1]
 la_data_in[20]
 la_data_in[21]
 la_data_in[22]
 la_data_in[23]
 la_data_in[24]
 la_data_in[25]
 la_data_in[26]
 la_data_in[27]
 la_data_in[28]
 la_data_in[29]
 la_data_in[2]
 la_data_in[30]
 la_data_in[31]
 la_data_in[32]
 la_data_in[33]
 la_data_in[34]
 la_data_in[35]
 la_data_in[36]
 la_data_in[37]
 la_data_in[38]
 la_data_in[39]
 la_data_in[3]
 la_data_in[40]
 la_data_in[41]
 la_data_in[42]
 la_data_in[43]
 la_data_in[44]
 la_data_in[45]
 la_data_in[46]
 la_data_in[47]
 la_data_in[48]
 la_data_in[49]
 la_data_in[4]
 la_data_in[50]
 la_data_in[51]
 la_data_in[52]
 la_data_in[53]
 la_data_in[54]
 la_data_in[55]
 la_data_in[56]
 la_data_in[57]
 la_data_in[58]
 la_data_in[59]
 la_data_in[5]
 la_data_in[60]
 la_data_in[61]
 la_data_in[62]
 la_data_in[63]
 la_data_in[64]
 la_data_in[65]
 la_data_in[66]
 la_data_in[67]
 la_data_in[68]
 la_data_in[69]
 la_data_in[6]
 la_data_in[70]
 la_data_in[71]
 la_data_in[72]
 la_data_in[73]
 la_data_in[74]
 la_data_in[75]
 la_data_in[76]
 la_data_in[77]
 la_data_in[78]
 la_data_in[79]
 la_data_in[7]
 la_data_in[80]
 la_data_in[81]
 la_data_in[82]
 la_data_in[83]
 la_data_in[84]
 la_data_in[85]
 la_data_in[86]
 la_data_in[87]
 la_data_in[88]
 la_data_in[89]
 la_data_in[8]
 la_data_in[90]
 la_data_in[91]
 la_data_in[92]
 la_data_in[93]
 la_data_in[94]
 la_data_in[95]
 la_data_in[96]
 la_data_in[97]
 la_data_in[98]
 la_data_in[99]
 la_data_in[9]
 la_oenb[0]
 la_oenb[100]
 la_oenb[101]
 la_oenb[102]
 la_oenb[103]
 la_oenb[104]
 la_oenb[105]
 la_oenb[106]
 la_oenb[107]
 la_oenb[108]
 la_oenb[109]
 la_oenb[10]
 la_oenb[110]
 la_oenb[111]
 la_oenb[112]
 la_oenb[113]
 la_oenb[114]
 la_oenb[115]
 la_oenb[116]
 la_oenb[117]
 la_oenb[118]
 la_oenb[119]
 la_oenb[11]
 la_oenb[120]
 la_oenb[121]
 la_oenb[122]
 la_oenb[123]
 la_oenb[124]
 la_oenb[125]
 la_oenb[126]
 la_oenb[127]
 la_oenb[12]
 la_oenb[13]
 la_oenb[14]
 la_oenb[15]
 la_oenb[16]
 la_oenb[17]
 la_oenb[18]
 la_oenb[19]
 la_oenb[1]
 la_oenb[20]
 la_oenb[21]
 la_oenb[22]
 la_oenb[23]
 la_oenb[24]
 la_oenb[25]
 la_oenb[26]
 la_oenb[27]
 la_oenb[28]
 la_oenb[29]
 la_oenb[2]
 la_oenb[30]
 la_oenb[31]
 la_oenb[32]
 la_oenb[33]
 la_oenb[34]
 la_oenb[35]
 la_oenb[36]
 la_oenb[37]
 la_oenb[38]
 la_oenb[39]
 la_oenb[3]
 la_oenb[40]
 la_oenb[41]
 la_oenb[42]
 la_oenb[43]
 la_oenb[44]
 la_oenb[45]
 la_oenb[46]
 la_oenb[47]
 la_oenb[48]
 la_oenb[49]
 la_oenb[4]
 la_oenb[50]
 la_oenb[51]
 la_oenb[52]
 la_oenb[53]
 la_oenb[54]
 la_oenb[55]
 la_oenb[56]
 la_oenb[57]
 la_oenb[58]
 la_oenb[59]
 la_oenb[5]
 la_oenb[60]
 la_oenb[61]
 la_oenb[62]
 la_oenb[63]
 la_oenb[64]
 la_oenb[65]
 la_oenb[66]
 la_oenb[67]
 la_oenb[68]
 la_oenb[69]
 la_oenb[6]
 la_oenb[70]
 la_oenb[71]
 la_oenb[72]
 la_oenb[73]
 la_oenb[74]
 la_oenb[75]
 la_oenb[76]
 la_oenb[77]
 la_oenb[78]
 la_oenb[79]
 la_oenb[7]
 la_oenb[80]
 la_oenb[81]
 la_oenb[82]
 la_oenb[83]
 la_oenb[84]
 la_oenb[85]
 la_oenb[86]
 la_oenb[87]
 la_oenb[88]
 la_oenb[89]
 la_oenb[8]
 la_oenb[90]
 la_oenb[91]
 la_oenb[92]
 la_oenb[93]
 la_oenb[94]
 la_oenb[95]
 la_oenb[96]
 la_oenb[97]
 la_oenb[98]
 la_oenb[99]
 la_oenb[9]
 user_clock2
 wb_clk_i
 wb_rst_i
 wbs_adr_i[0]
 wbs_adr_i[10]
 wbs_adr_i[11]
 wbs_adr_i[12]
 wbs_adr_i[13]
 wbs_adr_i[14]
 wbs_adr_i[15]
 wbs_adr_i[16]
 wbs_adr_i[17]
 wbs_adr_i[18]
 wbs_adr_i[19]
 wbs_adr_i[1]
 wbs_adr_i[20]
 wbs_adr_i[21]
 wbs_adr_i[22]
 wbs_adr_i[23]
 wbs_adr_i[24]
 wbs_adr_i[25]
 wbs_adr_i[26]
 wbs_adr_i[27]
 wbs_adr_i[28]
 wbs_adr_i[29]
 wbs_adr_i[2]
 wbs_adr_i[30]
 wbs_adr_i[31]
 wbs_adr_i[3]
 wbs_adr_i[4]
 wbs_adr_i[5]
 wbs_adr_i[6]
 wbs_adr_i[7]
 wbs_adr_i[8]
 wbs_adr_i[9]
 wbs_cyc_i
 wbs_dat_i[0]
 wbs_dat_i[10]
 wbs_dat_i[11]
 wbs_dat_i[12]
 wbs_dat_i[13]
 wbs_dat_i[14]
 wbs_dat_i[15]
 wbs_dat_i[16]
 wbs_dat_i[17]
 wbs_dat_i[18]
 wbs_dat_i[19]
 wbs_dat_i[1]
 wbs_dat_i[20]
 wbs_dat_i[21]
 wbs_dat_i[22]
 wbs_dat_i[23]
 wbs_dat_i[24]
 wbs_dat_i[25]
 wbs_dat_i[26]
 wbs_dat_i[27]
 wbs_dat_i[28]
 wbs_dat_i[29]
 wbs_dat_i[2]
 wbs_dat_i[30]
 wbs_dat_i[31]
 wbs_dat_i[3]
 wbs_dat_i[4]
 wbs_dat_i[5]
 wbs_dat_i[6]
 wbs_dat_i[7]
 wbs_dat_i[8]
 wbs_dat_i[9]
 wbs_sel_i[0]
 wbs_sel_i[1]
 wbs_sel_i[2]
 wbs_sel_i[3]
 wbs_stb_i
 wbs_we_i
 ANTENNA__219__A_123/HI
 ANTENNA__219__A_123/LO
 ANTENNA__220__A_95/HI
 ANTENNA__220__A_95/LO
 ANTENNA__221__A_94/HI
 ANTENNA__221__A_94/LO
 ANTENNA__222__A_93/HI
 ANTENNA__222__A_93/LO
 ANTENNA__223__A_122/HI
 ANTENNA__223__A_122/LO
 ANTENNA__224__A_92/HI
 ANTENNA__224__A_92/LO
 ANTENNA__225__A_91/HI
 ANTENNA__225__A_91/LO
 ANTENNA__226__A_90/HI
 ANTENNA__226__A_90/LO
 ANTENNA__227__A_121/HI
 ANTENNA__227__A_121/LO
 ANTENNA__228__A_120/HI
 ANTENNA__228__A_120/LO
 ANTENNA__229__A_89/HI
 ANTENNA__229__A_89/LO
 ANTENNA__230__A_88/HI
 ANTENNA__230__A_88/LO
 ANTENNA__231__A_119/HI
 ANTENNA__231__A_119/LO
 ANTENNA__232__A_118/HI
 ANTENNA__232__A_118/LO
 ANTENNA__233__A_87/HI
 ANTENNA__233__A_87/LO
 ANTENNA__234__A_86/HI
 ANTENNA__234__A_86/LO
 ANTENNA__235__A_117/HI
 ANTENNA__235__A_117/LO
 ANTENNA__236__A_85/HI
 ANTENNA__236__A_85/LO
 ANTENNA__237__A_116/HI
 ANTENNA__237__A_116/LO
 ANTENNA__238__A_84/HI
 ANTENNA__238__A_84/LO
 ANTENNA__239__A_115/HI
 ANTENNA__239__A_115/LO
 ANTENNA__240__A_83/HI
 ANTENNA__240__A_83/LO
 ANTENNA__241__A_114/HI
 ANTENNA__241__A_114/LO
 ANTENNA__242__A_82/HI
 ANTENNA__242__A_82/LO
 ANTENNA__243__A_81/HI
 ANTENNA__243__A_81/LO
 ANTENNA__244__A_113/HI
 ANTENNA__244__A_113/LO
 ANTENNA__245__A_80/HI
 ANTENNA__245__A_80/LO
 ANTENNA__246__A_112/HI
 ANTENNA__246__A_112/LO
 ANTENNA__247__A_79/HI
 ANTENNA__247__A_79/LO
 ANTENNA__248__A_111/HI
 ANTENNA__248__A_111/LO
 ANTENNA__249__A_78/HI
 ANTENNA__249__A_78/LO
 ANTENNA__250__A_110/HI
 ANTENNA__250__A_110/LO
 _096_/Y
 _097_/Y
 _098_/Y
 _099_/Y
 _100_/Y
 _101_/Y
 _102_/Y
 _103_/Y
 _104_/X
 _105_/X
 _106_/X
 _107_/Y
 _108_/Y
 _109_/X
 _110_/Y
 _111_/X
 _112_/X
 _113_/Y
 _114_/X
 _115_/X
 _116_/X
 _117_/Y
 _118_/Y
 _119_/X
 _120_/Y
 _121_/X
 _122_/X
 _123_/Y
 _124_/Y
 _125_/Y
 _126_/Y
 _127_/X
 _128_/Y
 _129_/Y
 _130_/X
 _131_/Y
 _132_/X
 _133_/Y
 _134_/X
 _135_/Y
 _136_/X
 _137_/Y
 _138_/X
 _139_/Y
 _140_/X
 _141_/Y
 _142_/X
 _143_/X
 _144_/X
 _145_/X
 _146_/X
 _147_/X
 _148_/X
 _149_/X
 _150_/X
 _151_/Y
 _152_/Y
 _153_/X
 _154_/X
 _155_/X
 _156_/X
 _157_/X
 _158_/Y
 _159_/Y
 _160_/X
 _161_/X
 _162_/X
 _163_/X
 _164_/X
 _165_/X
 _166_/X
 _167_/X
 _168_/X
 _169_/X
 _170_/X
 _171_/X
 _172_/X
 _173_/X
 _174_/X
 _175_/X
 _176_/Y
 _177_/Y
 _178_/X
 _179_/X
 _180_/X
 _181_/X
 _182_/X
 _183_/X
 _184_/X
 _185_/X
 _186_/X
 _187_/X
 _188_/X
 _189_/X
 _190_/X
 _191_/X
 _192_/X
 _193_/X
 _194_/Q
 _195_/Q
 _196_/Q
 _197_/Q
 _198_/Q
 _199_/Q
 _200_/Q
 _201_/Q
 _202_/Q
 _203_/Q
 _204_/Q
 _205_/Q
 _206_/Q
 _207_/Q
 _208_/Q
 _209_/Q
 _210_/Q
 _211_/Q
 _212_/Q
 _213_/Q
 _214_/Q
 _215_/Q
 _216_/Q
 _217_/Q
 _218_/Q
 _219_/X
 _219__96/HI
 _219__96/LO
 _220_/X
 _220__60/HI
 _220__60/LO
 _221_/X
 _221__61/HI
 _221__61/LO
 _222_/X
 _222__62/HI
 _222__62/LO
 _223_/X
 _223__97/HI
 _223__97/LO
 _224_/X
 _224__63/HI
 _224__63/LO
 _225_/X
 _225__64/HI
 _225__64/LO
 _226_/X
 _226__65/HI
 _226__65/LO
 _227_/X
 _227__98/HI
 _227__98/LO
 _228_/X
 _228__99/HI
 _228__99/LO
 _229_/X
 _229__66/HI
 _229__66/LO
 _230_/X
 _230__67/HI
 _230__67/LO
 _231_/X
 _231__100/HI
 _231__100/LO
 _232_/X
 _232__101/HI
 _232__101/LO
 _233_/X
 _233__68/HI
 _233__68/LO
 _234_/X
 _234__69/HI
 _234__69/LO
 _235_/X
 _235__102/HI
 _235__102/LO
 _236_/X
 _236__70/HI
 _236__70/LO
 _237_/X
 _237__103/HI
 _237__103/LO
 _238_/X
 _238__71/HI
 _238__71/LO
 _239_/X
 _239__104/HI
 _239__104/LO
 _240_/X
 _240__72/HI
 _240__72/LO
 _241_/X
 _241__105/HI
 _241__105/LO
 _242_/X
 _242__73/HI
 _242__73/LO
 _243_/X
 _243__74/HI
 _243__74/LO
 _244_/X
 _244__106/HI
 _244__106/LO
 _245_/X
 _245__75/HI
 _245__75/LO
 _246_/X
 _246__107/HI
 _246__107/LO
 _247_/X
 _247__76/HI
 _247__76/LO
 _248_/X
 _248__108/HI
 _248__108/LO
 _249_/X
 _249__77/HI
 _249__77/LO
 _250_/X
 _250__109/HI
 _250__109/LO
 fanout53/X
 fanout55/X
 fanout56/X
 fanout57/X
 fanout58/X
 fanout59/X
 input1/X
 input10/X
 input11/X
 input12/X
 input13/X
 input14/X
 input15/X
 input16/X
 input17/X
 input18/X
 input19/X
 input2/X
 input20/X
 input21/X
 input22/X
 input23/X
 input24/X
 input25/X
 input26/X
 input27/X
 input28/X
 input29/X
 input3/X
 input30/X
 input31/X
 input32/X
 input33/X
 input34/X
 input35/X
 input36/X
 input37/X
 input38/X
 input39/X
 input4/X
 input40/X
 input41/X
 input42/X
 input43/X
 input44/X
 input45/X
 input5/X
 input6/X
 input7/X
 input8/X
 input9/X
 max_cap49/X
 max_cap50/X
 max_cap51/X
 max_cap52/X
 output46/X
 output47/X
 output48/X
 wire54/X
Found 0 partially unannotated drivers.

===========================================================================
max slew violation count 0
Writing metric design__max_slew_violation__count__corner:nom_tt_025C_1v80: 0
max fanout violation count 0
Writing metric design__max_fanout_violation__count__corner:nom_tt_025C_1v80: 0
max cap violation count 0
Writing metric design__max_cap_violation__count__corner:nom_tt_025C_1v80: 0
============================================================================

===========================================================================
check_setup -verbose -unconstrained_endpoints -multiple_clock -no_clock -no_input_delay -loops -generated_clocks
===========================================================================
Warning: There are 25 unclocked register/latch pins.
  _194_/CLK
  _195_/CLK
  _196_/CLK
  _197_/CLK
  _198_/CLK
  _199_/CLK
  _200_/CLK
  _201_/CLK
  _202_/CLK
  _203_/CLK
  _204_/CLK
  _205_/CLK
  _206_/CLK
  _207_/CLK
  _208_/CLK
  _209_/CLK
  _210_/CLK
  _211_/CLK
  _212_/CLK
  _213_/CLK
  _214_/CLK
  _215_/CLK
  _216_/CLK
  _217_/CLK
  _218_/CLK
Warning: There are 91 unconstrained endpoints.
  analog_io[0]
  analog_io[10]
  analog_io[11]
  analog_io[12]
  analog_io[13]
  analog_io[14]
  analog_io[15]
  analog_io[16]
  analog_io[17]
  analog_io[18]
  analog_io[19]
  analog_io[1]
  analog_io[20]
  analog_io[21]
  analog_io[22]
  analog_io[23]
  analog_io[24]
  analog_io[25]
  analog_io[26]
  analog_io[27]
  analog_io[28]
  analog_io[2]
  analog_io[3]
  analog_io[4]
  analog_io[5]
  analog_io[6]
  analog_io[7]
  analog_io[8]
  analog_io[9]
  analog_trigger_in
  analog_trigger_out
  pwm_fall_out
  pwm_rise_out
  wbs_ack_o
  wbs_dat_o[0]
  wbs_dat_o[10]
  wbs_dat_o[11]
  wbs_dat_o[12]
  wbs_dat_o[13]
  wbs_dat_o[14]
  wbs_dat_o[15]
  wbs_dat_o[16]
  wbs_dat_o[17]
  wbs_dat_o[18]
  wbs_dat_o[19]
  wbs_dat_o[1]
  wbs_dat_o[20]
  wbs_dat_o[21]
  wbs_dat_o[22]
  wbs_dat_o[23]
  wbs_dat_o[24]
  wbs_dat_o[25]
  wbs_dat_o[26]
  wbs_dat_o[27]
  wbs_dat_o[28]
  wbs_dat_o[29]
  wbs_dat_o[2]
  wbs_dat_o[30]
  wbs_dat_o[31]
  wbs_dat_o[3]
  wbs_dat_o[4]
  wbs_dat_o[5]
  wbs_dat_o[6]
  wbs_dat_o[7]
  wbs_dat_o[8]
  wbs_dat_o[9]
  _194_/D
  _195_/D
  _196_/D
  _197_/D
  _198_/D
  _199_/D
  _200_/D
  _201_/D
  _202_/D
  _203_/D
  _204_/D
  _205_/D
  _206_/D
  _207_/D
  _208_/D
  _209_/D
  _210_/D
  _211_/D
  _212_/D
  _213_/D
  _214_/D
  _215_/D
  _216_/D
  _217_/D
  _218_/D
%OL_END_REPORT
%OL_CREATE_REPORT power.rpt

===========================================================================
 report_power
============================================================================
======================= nom_tt_025C_1v80 Corner ===================================

Group                    Internal    Switching      Leakage        Total
                            Power        Power        Power        Power (Watts)
------------------------------------------------------------------------
Sequential           5.450514e-06 2.493814e-06 2.109774e-10 7.944539e-06  37.1%
Combinational        8.976110e-06 4.505363e-06 2.717843e-09 1.348419e-05  62.9%
Macro                0.000000e+00 0.000000e+00 0.000000e+00 0.000000e+00   0.0%
Pad                  0.000000e+00 0.000000e+00 0.000000e+00 0.000000e+00   0.0%
------------------------------------------------------------------------
Total                1.442662e-05 6.999179e-06 2.928824e-09 2.142873e-05 100.0%
                            67.3%        32.7%         0.0%

%OL_END_REPORT
%OL_CREATE_REPORT skew.min.rpt

===========================================================================
Clock Skew (Hold)
============================================================================
Writing metric clock__skew__worst_hold__corner:nom_tt_025C_1v80: 0.000000
======================= nom_tt_025C_1v80 Corner ===================================

Clock clk
No launch/capture paths found.

%OL_END_REPORT
%OL_CREATE_REPORT skew.max.rpt

===========================================================================
Clock Skew (Setup)
============================================================================
Writing metric clock__skew__worst_setup__corner:nom_tt_025C_1v80: 0.000000
======================= nom_tt_025C_1v80 Corner ===================================

Clock clk
No launch/capture paths found.

%OL_END_REPORT
%OL_CREATE_REPORT ws.min.rpt

===========================================================================
Worst Slack (Hold)
============================================================================
Writing metric timing__hold__ws__corner:nom_tt_025C_1v80: INF
nom_tt_025C_1v80: INF
%OL_END_REPORT
%OL_CREATE_REPORT ws.max.rpt

===========================================================================
Worst Slack (Setup)
============================================================================
Writing metric timing__setup__ws__corner:nom_tt_025C_1v80: INF
nom_tt_025C_1v80: INF
%OL_END_REPORT
%OL_CREATE_REPORT tns.min.rpt

===========================================================================
Total Negative Slack (Hold)
============================================================================
Writing metric timing__hold__tns__corner:nom_tt_025C_1v80: 0.000000
nom_tt_025C_1v80: 0.000000
%OL_END_REPORT
%OL_CREATE_REPORT tns.max.rpt

===========================================================================
Total Negative Slack (Setup)
============================================================================
Writing metric timing__setup__tns__corner:nom_tt_025C_1v80: 0.000000
nom_tt_025C_1v80: 0.000000
%OL_END_REPORT
%OL_CREATE_REPORT wns.min.rpt

===========================================================================
Worst Negative Slack (Hold)
============================================================================
Writing metric timing__hold__wns__corner:nom_tt_025C_1v80: 0
nom_tt_025C_1v80: 0
%OL_END_REPORT
%OL_CREATE_REPORT wns.max.rpt

===========================================================================
Worst Negative Slack (Setup)
============================================================================
Writing metric timing__setup__wns__corner:nom_tt_025C_1v80: 0.0
nom_tt_025C_1v80: 0.0
%OL_END_REPORT
%OL_CREATE_REPORT violator_list.rpt

===========================================================================
Violator List
============================================================================
Writing metric timing__hold_vio__count__corner:nom_tt_025C_1v80: 0
Writing metric timing__hold_r2r_vio__count__corner:nom_tt_025C_1v80: 0
Writing metric timing__setup_vio__count__corner:nom_tt_025C_1v80: 0
Writing metric timing__setup_r2r_vio__count__corner:nom_tt_025C_1v80: 0
%OL_END_REPORT
