Reading OpenROAD database at '/root/eda/caravel_user_project_openlane_2/openlane/TOP_digital/runs/23_10_12_09_53/14-openroad-generatepdn/TOP_digital.odb'…
Reading library file at '/root/eda/caravel_user_project_openlane_2/openlane/TOP_digital/runs/23_10_12_09_53/tmp/30a94bc57fef4d1abfc9598abb5e5bf5.lib'…
Reading design constraints file at '/nix/store/ixkawr2rm870iw9p31jr6cicdswgpcx8-python3-3.10.9-env/lib/python3.10/site-packages/openlane/scripts/base.sdc'…
[WARNING STA-0337] port 'clk' not found.
[INFO] Using clock clk…
[INFO] Setting output delay to: 5
[INFO] Setting input delay to: 5
[WARNING STA-0337] port 'clk' not found.
[INFO] Setting load to: 0.033442
[INFO] Setting clock uncertainty to: 0.25
[INFO] Setting clock transition to: 0.1499999999999999944488848768742172978818416595458984375
[WARNING STA-0559] transition time can not be specified for virtual clocks.
[INFO] Setting timing derate to: 5%
[INFO] Setting RC values…
[INFO] Setting signal min routing layer to: met1 and clock min routing layer to met1. 
[INFO] Setting signal max routing layer to: met4 and clock max routing layer to met4. 
[INFO GPL-0002] DBU: 1000
[INFO GPL-0003] SiteSize: 460 2720
[INFO GPL-0004] CoreAreaLxLy: 5520 10880
[INFO GPL-0005] CoreAreaUxUy: 744280 737120
[INFO GPL-0006] NumInstances: 8360
[INFO GPL-0007] NumPlaceInstances: 160
[INFO GPL-0008] NumFixedInstances: 8200
[INFO GPL-0009] NumDummyInstances: 0
[INFO GPL-0010] NumNets: 565
[INFO GPL-0011] NumPins: 1019
[INFO GPL-0012] DieAreaLxLy: 0 0
[INFO GPL-0013] DieAreaUxUy: 750000 750000
[INFO GPL-0014] CoreAreaLxLy: 5520 10880
[INFO GPL-0015] CoreAreaUxUy: 744280 737120
[INFO GPL-0016] CoreArea: 536517062400
[INFO GPL-0017] NonPlaceInstsArea: 11596121600
[INFO GPL-0018] PlaceInstsArea: 2036953600
[INFO GPL-0019] Util(%): 0.39
[INFO GPL-0020] StdInstsArea: 2036953600
[INFO GPL-0021] MacroInstsArea: 0
[InitialPlace]  Iter: 1 CG residual: 0.00000007 HPWL: 62751430
[InitialPlace]  Iter: 2 CG residual: 0.00005414 HPWL: 47463441
[InitialPlace]  Iter: 3 CG residual: 0.00023371 HPWL: 42653685
[InitialPlace]  Iter: 4 CG residual: 0.00001814 HPWL: 36313454
[InitialPlace]  Iter: 5 CG residual: 0.00000503 HPWL: 33155986
[INFO GPL-0031] FillerInit: NumGCells: 23136
[INFO GPL-0032] FillerInit: NumGNets: 565
[INFO GPL-0033] FillerInit: NumGPins: 1019
[INFO GPL-0023] TargetDensity: 0.55
[INFO GPL-0024] AveragePlaceInstArea: 12730960
[INFO GPL-0025] IdealBinArea: 23147200
[INFO GPL-0026] IdealBinCnt: 23178
[INFO GPL-0027] TotalBinArea: 536517062400
[INFO GPL-0028] BinCnt: 128 128
[INFO GPL-0029] BinSize: 5772 5674
[INFO GPL-0030] NumBins: 16384
[NesterovSolve] Iter: 1 overflow: 0.613244 HPWL: 30422841
[INFO GPL-0100] worst slack 1e+30
[WARNING GPL-0102] No slacks found. Timing-driven mode disabled.
[NesterovSolve] Snapshot saved at iter = 1
[NesterovSolve] Iter: 10 overflow: 0.584065 HPWL: 29281713
[NesterovSolve] Iter: 20 overflow: 0.584375 HPWL: 29242422
[NesterovSolve] Iter: 30 overflow: 0.578303 HPWL: 29237123
[NesterovSolve] Iter: 40 overflow: 0.575952 HPWL: 29205188
[NesterovSolve] Iter: 50 overflow: 0.555126 HPWL: 29202077
[NesterovSolve] Iter: 60 overflow: 0.57215 HPWL: 29164676
[NesterovSolve] Iter: 70 overflow: 0.555616 HPWL: 29197401
[NesterovSolve] Iter: 80 overflow: 0.560148 HPWL: 29155213
[NesterovSolve] Iter: 90 overflow: 0.568025 HPWL: 29154388
[NesterovSolve] Iter: 100 overflow: 0.564156 HPWL: 29132962
[NesterovSolve] Iter: 110 overflow: 0.558426 HPWL: 29138340
[NesterovSolve] Iter: 120 overflow: 0.558979 HPWL: 29154820
[NesterovSolve] Iter: 130 overflow: 0.56294 HPWL: 29143520
[NesterovSolve] Iter: 140 overflow: 0.559828 HPWL: 29167812
[NesterovSolve] Iter: 150 overflow: 0.561725 HPWL: 29174464
[NesterovSolve] Iter: 160 overflow: 0.555174 HPWL: 29165604
[NesterovSolve] Iter: 170 overflow: 0.552316 HPWL: 29166582
[NesterovSolve] Iter: 180 overflow: 0.551913 HPWL: 29178459
[NesterovSolve] Iter: 190 overflow: 0.553918 HPWL: 29184509
[NesterovSolve] Iter: 200 overflow: 0.552937 HPWL: 29163671
[NesterovSolve] Iter: 210 overflow: 0.545992 HPWL: 29191692
[NesterovSolve] Iter: 220 overflow: 0.542823 HPWL: 29147816
[NesterovSolve] Iter: 230 overflow: 0.5274 HPWL: 29128588
[NesterovSolve] Iter: 240 overflow: 0.514384 HPWL: 29111560
[NesterovSolve] Iter: 250 overflow: 0.492822 HPWL: 29096082
[NesterovSolve] Iter: 260 overflow: 0.470943 HPWL: 29083906
[NesterovSolve] Iter: 270 overflow: 0.436728 HPWL: 29083949
[NesterovSolve] Iter: 280 overflow: 0.399735 HPWL: 29120351
[NesterovSolve] Iter: 290 overflow: 0.356922 HPWL: 29146774
[NesterovSolve] Iter: 300 overflow: 0.319474 HPWL: 29204915
[NesterovSolve] Iter: 310 overflow: 0.281136 HPWL: 29322510
[NesterovSolve] Iter: 320 overflow: 0.228415 HPWL: 29463813
[NesterovSolve] Iter: 330 overflow: 0.205896 HPWL: 29605619
[INFO GPL-0075] Routability numCall: 1 inflationIterCnt: 1 bloatIterCnt: 0
[INFO GPL-0036] TileLxLy: 0 0
[INFO GPL-0037] TileSize: 6900 6900
[INFO GPL-0038] TileCnt: 108 108
[INFO GPL-0039] numRoutingLayers: 6
[INFO GPL-0040] NumTiles: 11664
[INFO GPL-0063] TotalRouteOverflowH2: 0
[INFO GPL-0064] TotalRouteOverflowV2: 0
[INFO GPL-0065] OverflowTileCnt2: 0
[INFO GPL-0066] 0.5%RC: 0.7973913094271784
[INFO GPL-0067] 1.0%RC: 0.7478165902425108
[INFO GPL-0068] 2.0%RC: 0.6866812206251652
[INFO GPL-0069] 5.0%RC: 0.6110480427742004
[INFO GPL-0070] 0.5rcK: 1
[INFO GPL-0071] 1.0rcK: 1
[INFO GPL-0072] 2.0rcK: 0
[INFO GPL-0073] 5.0rcK: 0
[INFO GPL-0074] FinalRC: 0.7726039
[NesterovSolve] Iter: 340 overflow: 0.162722 HPWL: 29571574
[NesterovSolve] Iter: 350 overflow: 0.149867 HPWL: 29444057
[NesterovSolve] Iter: 360 overflow: 0.129512 HPWL: 29376818
[NesterovSolve] Iter: 370 overflow: 0.118858 HPWL: 29303299
[NesterovSolve] Finished with Overflow: 0.096688
[INFO] Setting RC values…
Setting global connections for newly added cells…
[INFO] Setting global connections...
Writing OpenROAD database to '/root/eda/caravel_user_project_openlane_2/openlane/TOP_digital/runs/23_10_12_09_53/15-openroad-globalplacement/TOP_digital.odb'…
Writing netlist to '/root/eda/caravel_user_project_openlane_2/openlane/TOP_digital/runs/23_10_12_09_53/15-openroad-globalplacement/TOP_digital.nl.v'…
Writing powered netlist to '/root/eda/caravel_user_project_openlane_2/openlane/TOP_digital/runs/23_10_12_09_53/15-openroad-globalplacement/TOP_digital.pnl.v'…
Writing layout to '/root/eda/caravel_user_project_openlane_2/openlane/TOP_digital/runs/23_10_12_09_53/15-openroad-globalplacement/TOP_digital.def'…
