[INFO GRT-0043] No OR_DEFAULT vias defined.
Net: net8
  Pin: _143_/D (sky130_fd_sc_hd__or4_2)
    Layer: met2
      Partial area ratio:  348.68
      Required ratio:    0.00 (Gate area) 
      Partial area ratio: 1747.29
      Required ratio: 3583.92 (Side area) 
      Cumulative area ratio:  912.80
      Required ratio:    0.00 (Cumulative area) 
      Cumulative area ratio: 4571.02
      Required ratio:    0.00 (Cumulative side area) 

    Layer: met1
      Partial area ratio:  564.12
      Required ratio:    0.00 (Gate area) 
      Partial area ratio: 2823.72
      Required ratio:  400.00 (Side area) (VIOLATED)
      Cumulative area ratio:  564.12
      Required ratio:    0.00 (Cumulative area) 
      Cumulative area ratio: 2823.72
      Required ratio:    0.00 (Cumulative side area) 

    Layer: li1
      Partial area ratio:    0.00
      Required ratio:    0.00 (Gate area) 
      Partial area ratio:    0.00
      Required ratio:   75.00 (Side area) 
      Cumulative area ratio:    0.00
      Required ratio:    0.00 (Cumulative area) 
      Cumulative area ratio:    0.00
      Required ratio:    0.00 (Cumulative side area) 

    Via: M1M2_PR
      Partial area ratio:    0.54
      Required ratio:    6.00 (Gate area) 
      Cumulative area ratio:    0.77
      Required ratio:    0.00 (Cumulative area) 

    Via: L1M1_PR
      Partial area ratio:    0.23
      Required ratio:    3.00 (Gate area) 
      Cumulative area ratio:    0.23
      Required ratio:    0.00 (Cumulative area) 


Net: net15
  Pin: _147_/B (sky130_fd_sc_hd__or4_1)
    Layer: met2
      Partial area ratio:  669.54
      Required ratio:    0.00 (Gate area) 
      Partial area ratio: 3351.61
      Required ratio: 3304.16 (Side area) (VIOLATED)
      Cumulative area ratio:  669.54
      Required ratio:    0.00 (Cumulative area) 
      Cumulative area ratio: 3351.61
      Required ratio:    0.00 (Cumulative side area) 

    Layer: met1
      Partial area ratio:    0.00
      Required ratio:    0.00 (Gate area) 
      Partial area ratio:    0.00
      Required ratio:  400.00 (Side area) 
      Cumulative area ratio:    0.00
      Required ratio:    0.00 (Cumulative area) 
      Cumulative area ratio:    0.00
      Required ratio:    0.00 (Cumulative side area) 

    Layer: li1
      Partial area ratio:    0.00
      Required ratio:    0.00 (Gate area) 
      Partial area ratio:    0.00
      Required ratio:   75.00 (Side area) 
      Cumulative area ratio:    0.00
      Required ratio:    0.00 (Cumulative area) 
      Cumulative area ratio:    0.00
      Required ratio:    0.00 (Cumulative side area) 

    Via: M1M2_PR
      Partial area ratio:    0.18
      Required ratio:    6.00 (Gate area) 
      Cumulative area ratio:    0.41
      Required ratio:    0.00 (Cumulative area) 

    Via: L1M1_PR
      Partial area ratio:    0.23
      Required ratio:    3.00 (Gate area) 
      Cumulative area ratio:    0.23
      Required ratio:    0.00 (Cumulative area) 


Net: net45
  Pin: _157_/C (sky130_fd_sc_hd__and3_1)
    Layer: met3
      Partial area ratio: 1200.00
      Required ratio:    0.00 (Gate area) 
      Partial area ratio: 6403.81
      Required ratio: 3091.96 (Side area) (VIOLATED)
      Cumulative area ratio: 1214.19
      Required ratio:    0.00 (Cumulative area) 
      Cumulative area ratio: 6477.10
      Required ratio:    0.00 (Cumulative side area) 

    Layer: met2
      Partial area ratio:   14.19
      Required ratio:    0.00 (Gate area) 
      Partial area ratio:   73.29
      Required ratio: 2773.88 (Side area) 
      Cumulative area ratio:   14.19
      Required ratio:    0.00 (Cumulative area) 
      Cumulative area ratio:   73.29
      Required ratio:    0.00 (Cumulative side area) 

    Layer: met1
      Partial area ratio:    0.00
      Required ratio:    0.00 (Gate area) 
      Partial area ratio:    0.00
      Required ratio:  400.00 (Side area) 
      Cumulative area ratio:    0.00
      Required ratio:    0.00 (Cumulative area) 
      Cumulative area ratio:    0.00
      Required ratio:    0.00 (Cumulative side area) 

    Layer: li1
      Partial area ratio:    0.00
      Required ratio:    0.00 (Gate area) 
      Partial area ratio:    0.00
      Required ratio:   75.00 (Side area) 
      Cumulative area ratio:    0.00
      Required ratio:    0.00 (Cumulative area) 
      Cumulative area ratio:    0.00
      Required ratio:    0.00 (Cumulative side area) 

    Via: M2M3_PR
      Partial area ratio:    0.32
      Required ratio:    6.00 (Gate area) 
      Cumulative area ratio:    0.73
      Required ratio:    0.00 (Cumulative area) 

    Via: M1M2_PR
      Partial area ratio:    0.18
      Required ratio:    6.00 (Gate area) 
      Cumulative area ratio:    0.41
      Required ratio:    0.00 (Cumulative area) 

    Via: L1M1_PR
      Partial area ratio:    0.23
      Required ratio:    3.00 (Gate area) 
      Cumulative area ratio:    0.23
      Required ratio:    0.00 (Cumulative area) 


[INFO ANT-0002] Found 3 net violations.
[INFO ANT-0001] Found 3 pin violations.
