
58. Executing CHECK pass (checking for obvious problems).
Checking module TOP_digital...
Warning: Wire TOP_digital.\wbs_dat_o [31] is used but has no driver.
Warning: Wire TOP_digital.\wbs_dat_o [30] is used but has no driver.
Warning: Wire TOP_digital.\wbs_dat_o [29] is used but has no driver.
Warning: Wire TOP_digital.\wbs_dat_o [28] is used but has no driver.
Warning: Wire TOP_digital.\wbs_dat_o [27] is used but has no driver.
Warning: Wire TOP_digital.\wbs_dat_o [26] is used but has no driver.
Warning: Wire TOP_digital.\wbs_dat_o [25] is used but has no driver.
Warning: Wire TOP_digital.\wbs_dat_o [24] is used but has no driver.
Warning: Wire TOP_digital.\wbs_dat_o [23] is used but has no driver.
Warning: Wire TOP_digital.\wbs_dat_o [22] is used but has no driver.
Warning: Wire TOP_digital.\wbs_dat_o [21] is used but has no driver.
Warning: Wire TOP_digital.\wbs_dat_o [20] is used but has no driver.
Warning: Wire TOP_digital.\wbs_dat_o [19] is used but has no driver.
Warning: Wire TOP_digital.\wbs_dat_o [18] is used but has no driver.
Warning: Wire TOP_digital.\wbs_dat_o [17] is used but has no driver.
Warning: Wire TOP_digital.\wbs_dat_o [16] is used but has no driver.
Warning: Wire TOP_digital.\wbs_dat_o [15] is used but has no driver.
Warning: Wire TOP_digital.\wbs_dat_o [14] is used but has no driver.
Warning: Wire TOP_digital.\wbs_dat_o [13] is used but has no driver.
Warning: Wire TOP_digital.\wbs_dat_o [12] is used but has no driver.
Warning: Wire TOP_digital.\wbs_dat_o [11] is used but has no driver.
Warning: Wire TOP_digital.\wbs_dat_o [10] is used but has no driver.
Warning: Wire TOP_digital.\wbs_dat_o [9] is used but has no driver.
Warning: Wire TOP_digital.\wbs_dat_o [8] is used but has no driver.
Warning: Wire TOP_digital.\wbs_dat_o [7] is used but has no driver.
Warning: Wire TOP_digital.\wbs_dat_o [6] is used but has no driver.
Warning: Wire TOP_digital.\wbs_dat_o [5] is used but has no driver.
Warning: Wire TOP_digital.\wbs_dat_o [4] is used but has no driver.
Warning: Wire TOP_digital.\wbs_dat_o [3] is used but has no driver.
Warning: Wire TOP_digital.\wbs_dat_o [2] is used but has no driver.
Warning: Wire TOP_digital.\wbs_dat_o [1] is used but has no driver.
Warning: Wire TOP_digital.\wbs_dat_o [0] is used but has no driver.
Warning: Wire TOP_digital.\wbs_ack_o is used but has no driver.
Warning: Wire TOP_digital.\user_irq [2] is used but has no driver.
Warning: Wire TOP_digital.\user_irq [1] is used but has no driver.
Warning: Wire TOP_digital.\user_irq [0] is used but has no driver.
Warning: Wire TOP_digital.\pwm_rise_out is used but has no driver.
Warning: Wire TOP_digital.\pwm_fall_out is used but has no driver.
Found and reported 38 problems.
