Reading OpenROAD database at '/root/eda/caravel_user_project_openlane_2/openlane/TOP_digital/runs/23_10_12_11_49/26-openroad-resizertimingpostgrt/TOP_digital.odb'…
Reading library file at '/root/eda/caravel_user_project_openlane_2/openlane/TOP_digital/runs/23_10_12_11_49/tmp/d13f44396fe94c32bff40d14c4196ac5.lib'…
Reading design constraints file at '/nix/store/ixkawr2rm870iw9p31jr6cicdswgpcx8-python3-3.10.9-env/lib/python3.10/site-packages/openlane/scripts/base.sdc'…
[WARNING STA-0337] port 'clk' not found.
[INFO] Using clock clk…
[INFO] Setting output delay to: 5
[INFO] Setting input delay to: 5
[WARNING STA-0337] port 'clk' not found.
[INFO] Setting load to: 0.033442
[INFO] Setting clock uncertainty to: 0.25
[INFO] Setting clock transition to: 0.1499999999999999944488848768742172978818416595458984375
[WARNING STA-0559] transition time can not be specified for virtual clocks.
[INFO] Setting timing derate to: 5%
[INFO ORD-0030] Using 12 thread(s).
[INFO DRT-0149] Reading tech and libs.

Units:                1000
Number of layers:     13
Number of macros:     441
Number of vias:       25
Number of viarulegen: 25

[INFO DRT-0150] Reading design.

Design:                   TOP_digital
Die area:                 ( 0 0 ) ( 900000 900000 )
Number of track patterns: 12
Number of DEF vias:       0
Number of components:     12945
Number of terminals:      649
Number of snets:          8
Number of nets:           1301

[INFO DRT-0167] List of default vias:
  Layer mcon
    default via: L1M1_PR
  Layer via
    default via: M1M2_PR
  Layer via2
    default via: M2M3_PR
  Layer via3
    default via: M3M4_PR
  Layer via4
    default via: M4M5_PR
[INFO DRT-0162] Library cell analysis.
[INFO DRT-0163] Instance analysis.
  Complete 10000 instances.
[INFO DRT-0164] Number of unique instances = 99.
[INFO DRT-0168] Init region query.
[INFO DRT-0018]   Complete 10000 insts.
[INFO DRT-0024]   Complete FR_MASTERSLICE.
[INFO DRT-0024]   Complete Fr_VIA.
[INFO DRT-0024]   Complete li1.
[INFO DRT-0024]   Complete mcon.
[INFO DRT-0024]   Complete met1.
[INFO DRT-0024]   Complete via.
[INFO DRT-0024]   Complete met2.
[INFO DRT-0024]   Complete via2.
[INFO DRT-0024]   Complete met3.
[INFO DRT-0024]   Complete via3.
[INFO DRT-0024]   Complete met4.
[INFO DRT-0024]   Complete via4.
[INFO DRT-0024]   Complete met5.
[INFO DRT-0033] FR_MASTERSLICE shape region query size = 0.
[INFO DRT-0033] FR_VIA shape region query size = 0.
[INFO DRT-0033] li1 shape region query size = 61349.
[INFO DRT-0033] mcon shape region query size = 35188.
[INFO DRT-0033] met1 shape region query size = 28501.
[INFO DRT-0033] via shape region query size = 9690.
[INFO DRT-0033] met2 shape region query size = 6144.
[INFO DRT-0033] via2 shape region query size = 7752.
[INFO DRT-0033] met3 shape region query size = 6125.
[INFO DRT-0033] via3 shape region query size = 7752.
[INFO DRT-0033] met4 shape region query size = 2030.
[INFO DRT-0033] via4 shape region query size = 0.
[INFO DRT-0033] met5 shape region query size = 0.
[INFO DRT-0165] Start pin access.
[INFO DRT-0076]   Complete 100 pins.
[INFO DRT-0076]   Complete 200 pins.
[INFO DRT-0076]   Complete 300 pins.
[INFO DRT-0078]   Complete 319 pins.
[INFO DRT-0081]   Complete 93 unique inst patterns.
[INFO DRT-0082]   Complete 1000 groups.
[INFO DRT-0084]   Complete 1285 groups.
#scanned instances     = 12945
#unique  instances     = 99
#stdCellGenAp          = 2375
#stdCellValidPlanarAp  = 0
#stdCellValidViaAp     = 1794
#stdCellPinNoAp        = 0
#stdCellPinCnt         = 1584
#instTermValidViaApCnt = 0
#macroGenAp            = 0
#macroValidPlanarAp    = 0
#macroValidViaAp       = 0
#macroNoAp             = 0
[INFO DRT-0166] Complete pin access.
[INFO DRT-0267] cpu time = 00:00:11, elapsed time = 00:00:00, memory = 145.89 (MB), peak = 145.89 (MB)

Number of guides:     4213

[INFO DRT-0169] Post process guides.
[INFO DRT-0176] GCELLGRID X 0 DO 130 STEP 6900 ;
[INFO DRT-0177] GCELLGRID Y 0 DO 130 STEP 6900 ;
[INFO DRT-0028]   Complete FR_MASTERSLICE.
[INFO DRT-0028]   Complete Fr_VIA.
[INFO DRT-0028]   Complete li1.
[INFO DRT-0028]   Complete mcon.
[INFO DRT-0028]   Complete met1.
[INFO DRT-0028]   Complete via.
[INFO DRT-0028]   Complete met2.
[INFO DRT-0028]   Complete via2.
[INFO DRT-0028]   Complete met3.
[INFO DRT-0028]   Complete via3.
[INFO DRT-0028]   Complete met4.
[INFO DRT-0028]   Complete via4.
[INFO DRT-0028]   Complete met5.
[INFO DRT-0178] Init guide query.
[INFO DRT-0035]   Complete FR_MASTERSLICE (guide).
[INFO DRT-0035]   Complete Fr_VIA (guide).
[INFO DRT-0035]   Complete li1 (guide).
[INFO DRT-0035]   Complete mcon (guide).
[INFO DRT-0035]   Complete met1 (guide).
[INFO DRT-0035]   Complete via (guide).
[INFO DRT-0035]   Complete met2 (guide).
[INFO DRT-0035]   Complete via2 (guide).
[INFO DRT-0035]   Complete met3 (guide).
[INFO DRT-0035]   Complete via3 (guide).
[INFO DRT-0035]   Complete met4 (guide).
[INFO DRT-0035]   Complete via4 (guide).
[INFO DRT-0035]   Complete met5 (guide).
[INFO DRT-0036] FR_MASTERSLICE guide region query size = 0.
[INFO DRT-0036] FR_VIA guide region query size = 0.
[INFO DRT-0036] li1 guide region query size = 1516.
[INFO DRT-0036] mcon guide region query size = 0.
[INFO DRT-0036] met1 guide region query size = 1003.
[INFO DRT-0036] via guide region query size = 0.
[INFO DRT-0036] met2 guide region query size = 580.
[INFO DRT-0036] via2 guide region query size = 0.
[INFO DRT-0036] met3 guide region query size = 128.
[INFO DRT-0036] via3 guide region query size = 0.
[INFO DRT-0036] met4 guide region query size = 1.
[INFO DRT-0036] via4 guide region query size = 0.
[INFO DRT-0036] met5 guide region query size = 0.
[INFO DRT-0179] Init gr pin query.
[INFO DRT-0245] skipped writing guide updates to database.
[INFO DRT-0185] Post process initialize RPin region query.
[INFO DRT-0181] Start track assignment.
[INFO DRT-0184] Done with 2097 vertical wires in 3 frboxes and 1131 horizontal wires in 3 frboxes.
[INFO DRT-0186] Done with 53 vertical wires in 3 frboxes and 211 horizontal wires in 3 frboxes.
[INFO DRT-0182] Complete track assignment.
[INFO DRT-0267] cpu time = 00:00:02, elapsed time = 00:00:00, memory = 158.51 (MB), peak = 166.18 (MB)
[INFO DRT-0187] Start routing data preparation.
[INFO DRT-0267] cpu time = 00:00:00, elapsed time = 00:00:00, memory = 158.51 (MB), peak = 166.18 (MB)
[INFO DRT-0194] Start detail routing.
[INFO DRT-0195] Start 0th optimization iteration.
    Completing 10% with 0 violations.
    elapsed time = 00:00:00, memory = 229.01 (MB).
    Completing 20% with 0 violations.
    elapsed time = 00:00:00, memory = 271.61 (MB).
    Completing 30% with 38 violations.
    elapsed time = 00:00:02, memory = 304.25 (MB).
    Completing 40% with 38 violations.
    elapsed time = 00:00:02, memory = 309.67 (MB).
    Completing 50% with 38 violations.
    elapsed time = 00:00:02, memory = 311.47 (MB).
    Completing 60% with 52 violations.
    elapsed time = 00:00:02, memory = 311.99 (MB).
    Completing 70% with 52 violations.
    elapsed time = 00:00:02, memory = 311.99 (MB).
    Completing 80% with 66 violations.
    elapsed time = 00:00:02, memory = 311.99 (MB).
    Completing 90% with 66 violations.
    elapsed time = 00:00:03, memory = 311.99 (MB).
    Completing 100% with 69 violations.
    elapsed time = 00:00:03, memory = 311.99 (MB).
[INFO DRT-0199]   Number of violations = 104.
Viol/Layer         li1   met1   met2   met3
Metal Spacing        1     20      5      3
Recheck              0     27      8      0
Short                0     40      0      0
[INFO DRT-0267] cpu time = 00:00:20, elapsed time = 00:00:03, memory = 655.91 (MB), peak = 655.91 (MB)
Total wire length = 35375 um.
Total wire length on LAYER li1 = 0 um.
Total wire length on LAYER met1 = 16061 um.
Total wire length on LAYER met2 = 18403 um.
Total wire length on LAYER met3 = 910 um.
Total wire length on LAYER met4 = 0 um.
Total wire length on LAYER met5 = 0 um.
Total number of vias = 3801.
Up-via summary (total 3801):.

-----------------------
 FR_MASTERSLICE       0
            li1    1967
           met1    1706
           met2     128
           met3       0
           met4       0
-----------------------
                   3801


[INFO DRT-0195] Start 1st optimization iteration.
    Completing 10% with 104 violations.
    elapsed time = 00:00:00, memory = 656.16 (MB).
    Completing 20% with 104 violations.
    elapsed time = 00:00:00, memory = 656.16 (MB).
    Completing 30% with 83 violations.
    elapsed time = 00:00:00, memory = 659.25 (MB).
    Completing 40% with 83 violations.
    elapsed time = 00:00:00, memory = 661.05 (MB).
    Completing 50% with 83 violations.
    elapsed time = 00:00:00, memory = 661.05 (MB).
    Completing 60% with 47 violations.
    elapsed time = 00:00:01, memory = 661.05 (MB).
    Completing 70% with 47 violations.
    elapsed time = 00:00:01, memory = 661.05 (MB).
    Completing 80% with 32 violations.
    elapsed time = 00:00:01, memory = 661.05 (MB).
    Completing 90% with 32 violations.
    elapsed time = 00:00:01, memory = 662.62 (MB).
    Completing 100% with 13 violations.
    elapsed time = 00:00:02, memory = 668.29 (MB).
[INFO DRT-0199]   Number of violations = 13.
Viol/Layer        met1   met2
Metal Spacing        4      0
Short                8      1
[INFO DRT-0267] cpu time = 00:00:19, elapsed time = 00:00:02, memory = 668.61 (MB), peak = 668.61 (MB)
Total wire length = 35313 um.
Total wire length on LAYER li1 = 0 um.
Total wire length on LAYER met1 = 16052 um.
Total wire length on LAYER met2 = 18367 um.
Total wire length on LAYER met3 = 893 um.
Total wire length on LAYER met4 = 0 um.
Total wire length on LAYER met5 = 0 um.
Total number of vias = 3793.
Up-via summary (total 3793):.

-----------------------
 FR_MASTERSLICE       0
            li1    1967
           met1    1699
           met2     127
           met3       0
           met4       0
-----------------------
                   3793


[INFO DRT-0195] Start 2nd optimization iteration.
    Completing 10% with 13 violations.
    elapsed time = 00:00:00, memory = 668.61 (MB).
    Completing 20% with 13 violations.
    elapsed time = 00:00:00, memory = 668.61 (MB).
    Completing 30% with 13 violations.
    elapsed time = 00:00:00, memory = 668.61 (MB).
    Completing 40% with 13 violations.
    elapsed time = 00:00:00, memory = 668.61 (MB).
    Completing 50% with 13 violations.
    elapsed time = 00:00:00, memory = 668.61 (MB).
    Completing 60% with 11 violations.
    elapsed time = 00:00:00, memory = 668.61 (MB).
    Completing 70% with 11 violations.
    elapsed time = 00:00:00, memory = 668.61 (MB).
    Completing 80% with 11 violations.
    elapsed time = 00:00:00, memory = 668.61 (MB).
    Completing 90% with 11 violations.
    elapsed time = 00:00:00, memory = 668.61 (MB).
    Completing 100% with 42 violations.
    elapsed time = 00:00:02, memory = 668.76 (MB).
[INFO DRT-0199]   Number of violations = 42.
Viol/Layer        met1
Metal Spacing       15
Short               27
[INFO DRT-0267] cpu time = 00:00:08, elapsed time = 00:00:02, memory = 668.76 (MB), peak = 679.43 (MB)
Total wire length = 35318 um.
Total wire length on LAYER li1 = 0 um.
Total wire length on LAYER met1 = 16101 um.
Total wire length on LAYER met2 = 18317 um.
Total wire length on LAYER met3 = 898 um.
Total wire length on LAYER met4 = 0 um.
Total wire length on LAYER met5 = 0 um.
Total number of vias = 3777.
Up-via summary (total 3777):.

-----------------------
 FR_MASTERSLICE       0
            li1    1967
           met1    1681
           met2     129
           met3       0
           met4       0
-----------------------
                   3777


[INFO DRT-0195] Start 3rd optimization iteration.
    Completing 10% with 42 violations.
    elapsed time = 00:00:00, memory = 668.76 (MB).
    Completing 20% with 42 violations.
    elapsed time = 00:00:00, memory = 668.76 (MB).
    Completing 30% with 3 violations.
    elapsed time = 00:00:00, memory = 678.30 (MB).
    Completing 40% with 3 violations.
    elapsed time = 00:00:00, memory = 678.30 (MB).
    Completing 50% with 3 violations.
    elapsed time = 00:00:00, memory = 678.30 (MB).
    Completing 60% with 1 violations.
    elapsed time = 00:00:01, memory = 678.30 (MB).
    Completing 70% with 1 violations.
    elapsed time = 00:00:01, memory = 678.30 (MB).
    Completing 80% with 0 violations.
    elapsed time = 00:00:01, memory = 678.30 (MB).
    Completing 90% with 0 violations.
    elapsed time = 00:00:01, memory = 678.30 (MB).
    Completing 100% with 0 violations.
    elapsed time = 00:00:01, memory = 678.30 (MB).
[INFO DRT-0199]   Number of violations = 0.
[INFO DRT-0267] cpu time = 00:00:07, elapsed time = 00:00:01, memory = 678.30 (MB), peak = 679.43 (MB)
Total wire length = 35320 um.
Total wire length on LAYER li1 = 0 um.
Total wire length on LAYER met1 = 16067 um.
Total wire length on LAYER met2 = 18319 um.
Total wire length on LAYER met3 = 932 um.
Total wire length on LAYER met4 = 0 um.
Total wire length on LAYER met5 = 0 um.
Total number of vias = 3791.
Up-via summary (total 3791):.

-----------------------
 FR_MASTERSLICE       0
            li1    1967
           met1    1690
           met2     134
           met3       0
           met4       0
-----------------------
                   3791


[INFO DRT-0198] Complete detail routing.
Total wire length = 35320 um.
Total wire length on LAYER li1 = 0 um.
Total wire length on LAYER met1 = 16067 um.
Total wire length on LAYER met2 = 18319 um.
Total wire length on LAYER met3 = 932 um.
Total wire length on LAYER met4 = 0 um.
Total wire length on LAYER met5 = 0 um.
Total number of vias = 3791.
Up-via summary (total 3791):.

-----------------------
 FR_MASTERSLICE       0
            li1    1967
           met1    1690
           met2     134
           met3       0
           met4       0
-----------------------
                   3791


[INFO DRT-0267] cpu time = 00:00:55, elapsed time = 00:00:10, memory = 678.30 (MB), peak = 679.43 (MB)

[INFO DRT-0180] Post processing.
Setting global connections for newly added cells…
[INFO] Setting global connections...
Writing OpenROAD database to '/root/eda/caravel_user_project_openlane_2/openlane/TOP_digital/runs/23_10_12_11_49/28-openroad-detailedrouting/TOP_digital.odb'…
Writing netlist to '/root/eda/caravel_user_project_openlane_2/openlane/TOP_digital/runs/23_10_12_11_49/28-openroad-detailedrouting/TOP_digital.nl.v'…
Writing powered netlist to '/root/eda/caravel_user_project_openlane_2/openlane/TOP_digital/runs/23_10_12_11_49/28-openroad-detailedrouting/TOP_digital.pnl.v'…
Writing layout to '/root/eda/caravel_user_project_openlane_2/openlane/TOP_digital/runs/23_10_12_11_49/28-openroad-detailedrouting/TOP_digital.def'…
