Netgen 1.5.255 compiled on Thu Jul 13 06:58:56 UTC 2023
Warning: netgen command 'format' use fully-qualified name '::netgen::format'
Warning: netgen command 'global' use fully-qualified name '::netgen::global'
Reading SPICE netlist file '/root/eda/pdk/sky130B/libs.ref/sky130_fd_sc_hd/spice/sky130_ef_sc_hd__decap_12.spice'...
Call to undefined subcircuit sky130_fd_pr__pfet_01v8_hvt
Creating placeholder cell definition.
Call to undefined subcircuit sky130_fd_pr__nfet_01v8
Creating placeholder cell definition.
Reading SPICE netlist file '/root/eda/pdk/sky130B/libs.ref/sky130_fd_sc_hd/spice/sky130_ef_sc_hd__fakediode_2.spice'...
Reading SPICE netlist file '/root/eda/pdk/sky130B/libs.ref/sky130_fd_sc_hd/spice/sky130_ef_sc_hd__fill_12.spice'...
Reading SPICE netlist file '/root/eda/pdk/sky130B/libs.ref/sky130_fd_sc_hd/spice/sky130_ef_sc_hd__fill_4.spice'...
Reading SPICE netlist file '/root/eda/pdk/sky130B/libs.ref/sky130_fd_sc_hd/spice/sky130_ef_sc_hd__fill_8.spice'...
Reading SPICE netlist file '/root/eda/pdk/sky130B/libs.ref/sky130_fd_sc_hd/spice/sky130_fd_sc_hd.spice'...
Call to undefined subcircuit sky130_fd_sc_hd__nand2_2
Creating placeholder cell definition.
Call to undefined subcircuit sky130_fd_sc_hd__nor2_2
Creating placeholder cell definition.
Generating JSON file result
Reading netlist file /root/eda/caravel_user_project_openlane_2/openlane/TOP_digital/runs/23_10_12_13_51/49-magic-spiceextraction/TOP_digital.spice
Call to undefined subcircuit sky130_fd_pr__pfet_01v8_hvt
Creating placeholder cell definition.
Call to undefined subcircuit sky130_fd_pr__nfet_01v8
Creating placeholder cell definition.
Reading netlist file /root/eda/caravel_user_project_openlane_2/openlane/TOP_digital/runs/23_10_12_13_51/38-openroad-fillinsertion/TOP_digital.pnl.v
Warning:  A case-insensitive file has been read and so the	verilog file must be treated case-insensitive to match.
Note:  Implicit pin LO in instance _282__284 of sky130_fd_sc_hd__conb_1 in cell TOP_digital
Note:  Implicit pin HI in instance _219__59 of sky130_fd_sc_hd__conb_1 in cell TOP_digital
Note:  Implicit pin HI in instance _220__60 of sky130_fd_sc_hd__conb_1 in cell TOP_digital
Note:  Implicit pin HI in instance _221__61 of sky130_fd_sc_hd__conb_1 in cell TOP_digital
Note:  Implicit pin HI in instance _222__62 of sky130_fd_sc_hd__conb_1 in cell TOP_digital
Note:  Implicit pin HI in instance _223__63 of sky130_fd_sc_hd__conb_1 in cell TOP_digital
Note:  Implicit pin HI in instance _224__64 of sky130_fd_sc_hd__conb_1 in cell TOP_digital
Note:  Implicit pin HI in instance _225__65 of sky130_fd_sc_hd__conb_1 in cell TOP_digital
Note:  Implicit pin HI in instance _226__66 of sky130_fd_sc_hd__conb_1 in cell TOP_digital
Note:  Implicit pin HI in instance _227__67 of sky130_fd_sc_hd__conb_1 in cell TOP_digital
Note:  Implicit pin HI in instance _228__68 of sky130_fd_sc_hd__conb_1 in cell TOP_digital
Note:  Implicit pin HI in instance _229__69 of sky130_fd_sc_hd__conb_1 in cell TOP_digital
Note:  Implicit pin HI in instance _230__70 of sky130_fd_sc_hd__conb_1 in cell TOP_digital
Note:  Implicit pin HI in instance _231__71 of sky130_fd_sc_hd__conb_1 in cell TOP_digital
Note:  Implicit pin HI in instance _232__72 of sky130_fd_sc_hd__conb_1 in cell TOP_digital
Note:  Implicit pin HI in instance _233__73 of sky130_fd_sc_hd__conb_1 in cell TOP_digital
Note:  Implicit pin HI in instance _234__74 of sky130_fd_sc_hd__conb_1 in cell TOP_digital
Note:  Implicit pin HI in instance _235__75 of sky130_fd_sc_hd__conb_1 in cell TOP_digital
Note:  Implicit pin HI in instance _236__76 of sky130_fd_sc_hd__conb_1 in cell TOP_digital
Note:  Implicit pin HI in instance _237__77 of sky130_fd_sc_hd__conb_1 in cell TOP_digital
Note:  Implicit pin HI in instance _238__78 of sky130_fd_sc_hd__conb_1 in cell TOP_digital
Note:  Implicit pin HI in instance _239__79 of sky130_fd_sc_hd__conb_1 in cell TOP_digital
Note:  Implicit pin HI in instance _240__80 of sky130_fd_sc_hd__conb_1 in cell TOP_digital
Note:  Implicit pin HI in instance _241__81 of sky130_fd_sc_hd__conb_1 in cell TOP_digital
Note:  Implicit pin HI in instance _242__82 of sky130_fd_sc_hd__conb_1 in cell TOP_digital
Note:  Implicit pin HI in instance _243__83 of sky130_fd_sc_hd__conb_1 in cell TOP_digital
Note:  Implicit pin HI in instance _244__84 of sky130_fd_sc_hd__conb_1 in cell TOP_digital
Note:  Implicit pin HI in instance _245__85 of sky130_fd_sc_hd__conb_1 in cell TOP_digital
Note:  Implicit pin HI in instance _246__86 of sky130_fd_sc_hd__conb_1 in cell TOP_digital
Note:  Implicit pin HI in instance _247__87 of sky130_fd_sc_hd__conb_1 in cell TOP_digital
Note:  Implicit pin HI in instance _248__88 of sky130_fd_sc_hd__conb_1 in cell TOP_digital
Note:  Implicit pin HI in instance _249__89 of sky130_fd_sc_hd__conb_1 in cell TOP_digital
Note:  Implicit pin HI in instance _250__90 of sky130_fd_sc_hd__conb_1 in cell TOP_digital
Note:  Implicit pin HI in instance _251__91 of sky130_fd_sc_hd__conb_1 in cell TOP_digital
Note:  Implicit pin HI in instance _252__92 of sky130_fd_sc_hd__conb_1 in cell TOP_digital
Note:  Implicit pin HI in instance _253__93 of sky130_fd_sc_hd__conb_1 in cell TOP_digital
Note:  Implicit pin HI in instance _254__94 of sky130_fd_sc_hd__conb_1 in cell TOP_digital
Note:  Implicit pin HI in instance _255__95 of sky130_fd_sc_hd__conb_1 in cell TOP_digital
Note:  Implicit pin HI in instance _256__96 of sky130_fd_sc_hd__conb_1 in cell TOP_digital
Note:  Implicit pin HI in instance _257__97 of sky130_fd_sc_hd__conb_1 in cell TOP_digital
Note:  Implicit pin HI in instance _258__98 of sky130_fd_sc_hd__conb_1 in cell TOP_digital
Note:  Implicit pin HI in instance _259__99 of sky130_fd_sc_hd__conb_1 in cell TOP_digital
Note:  Implicit pin HI in instance _260__100 of sky130_fd_sc_hd__conb_1 in cell TOP_digital
Note:  Implicit pin HI in instance _261__101 of sky130_fd_sc_hd__conb_1 in cell TOP_digital
Note:  Implicit pin HI in instance _262__102 of sky130_fd_sc_hd__conb_1 in cell TOP_digital
Note:  Implicit pin HI in instance _263__103 of sky130_fd_sc_hd__conb_1 in cell TOP_digital
Note:  Implicit pin HI in instance _264__104 of sky130_fd_sc_hd__conb_1 in cell TOP_digital
Note:  Implicit pin HI in instance _265__105 of sky130_fd_sc_hd__conb_1 in cell TOP_digital
Note:  Implicit pin HI in instance _266__106 of sky130_fd_sc_hd__conb_1 in cell TOP_digital
Note:  Implicit pin HI in instance _267__107 of sky130_fd_sc_hd__conb_1 in cell TOP_digital
Note:  Implicit pin HI in instance _268__108 of sky130_fd_sc_hd__conb_1 in cell TOP_digital
Note:  Implicit pin HI in instance _269__109 of sky130_fd_sc_hd__conb_1 in cell TOP_digital
Note:  Implicit pin HI in instance _270__110 of sky130_fd_sc_hd__conb_1 in cell TOP_digital
Note:  Implicit pin HI in instance _271__111 of sky130_fd_sc_hd__conb_1 in cell TOP_digital
Note:  Implicit pin HI in instance _272__112 of sky130_fd_sc_hd__conb_1 in cell TOP_digital
Note:  Implicit pin HI in instance _273__113 of sky130_fd_sc_hd__conb_1 in cell TOP_digital
Note:  Implicit pin HI in instance _274__114 of sky130_fd_sc_hd__conb_1 in cell TOP_digital
Note:  Implicit pin HI in instance _275__115 of sky130_fd_sc_hd__conb_1 in cell TOP_digital
Note:  Implicit pin HI in instance _276__116 of sky130_fd_sc_hd__conb_1 in cell TOP_digital
Note:  Implicit pin HI in instance _277__117 of sky130_fd_sc_hd__conb_1 in cell TOP_digital
Note:  Implicit pin HI in instance _278__118 of sky130_fd_sc_hd__conb_1 in cell TOP_digital
Note:  Implicit pin HI in instance _279__119 of sky130_fd_sc_hd__conb_1 in cell TOP_digital
Note:  Implicit pin HI in instance _280__120 of sky130_fd_sc_hd__conb_1 in cell TOP_digital
Note:  Implicit pin HI in instance _281__121 of sky130_fd_sc_hd__conb_1 in cell TOP_digital
Note:  Implicit pin HI in instance _283__122 of sky130_fd_sc_hd__conb_1 in cell TOP_digital
Note:  Implicit pin HI in instance _284__123 of sky130_fd_sc_hd__conb_1 in cell TOP_digital
Note:  Implicit pin HI in instance _285__124 of sky130_fd_sc_hd__conb_1 in cell TOP_digital
Note:  Implicit pin HI in instance _287__125 of sky130_fd_sc_hd__conb_1 in cell TOP_digital
Note:  Implicit pin HI in instance _288__126 of sky130_fd_sc_hd__conb_1 in cell TOP_digital
Note:  Implicit pin HI in instance _289__127 of sky130_fd_sc_hd__conb_1 in cell TOP_digital
Note:  Implicit pin HI in instance _292__128 of sky130_fd_sc_hd__conb_1 in cell TOP_digital
Note:  Implicit pin HI in instance _293__129 of sky130_fd_sc_hd__conb_1 in cell TOP_digital
Note:  Implicit pin HI in instance _296__130 of sky130_fd_sc_hd__conb_1 in cell TOP_digital
Note:  Implicit pin HI in instance _297__131 of sky130_fd_sc_hd__conb_1 in cell TOP_digital
Note:  Implicit pin HI in instance _299__132 of sky130_fd_sc_hd__conb_1 in cell TOP_digital
Note:  Implicit pin HI in instance _301__133 of sky130_fd_sc_hd__conb_1 in cell TOP_digital
Note:  Implicit pin HI in instance _303__134 of sky130_fd_sc_hd__conb_1 in cell TOP_digital
Note:  Implicit pin HI in instance _305__135 of sky130_fd_sc_hd__conb_1 in cell TOP_digital
Note:  Implicit pin HI in instance _306__136 of sky130_fd_sc_hd__conb_1 in cell TOP_digital
Note:  Implicit pin HI in instance _308__137 of sky130_fd_sc_hd__conb_1 in cell TOP_digital
Note:  Implicit pin HI in instance _310__138 of sky130_fd_sc_hd__conb_1 in cell TOP_digital
Note:  Implicit pin HI in instance _312__139 of sky130_fd_sc_hd__conb_1 in cell TOP_digital
Note:  Implicit pin HI in instance _314__140 of sky130_fd_sc_hd__conb_1 in cell TOP_digital
Note:  Implicit pin HI in instance _315__141 of sky130_fd_sc_hd__conb_1 in cell TOP_digital
Note:  Implicit pin HI in instance _316__142 of sky130_fd_sc_hd__conb_1 in cell TOP_digital
Note:  Implicit pin HI in instance _317__143 of sky130_fd_sc_hd__conb_1 in cell TOP_digital
Note:  Implicit pin HI in instance _318__144 of sky130_fd_sc_hd__conb_1 in cell TOP_digital
Note:  Implicit pin HI in instance _319__145 of sky130_fd_sc_hd__conb_1 in cell TOP_digital
Note:  Implicit pin HI in instance _320__146 of sky130_fd_sc_hd__conb_1 in cell TOP_digital
Note:  Implicit pin HI in instance _321__147 of sky130_fd_sc_hd__conb_1 in cell TOP_digital
Note:  Implicit pin HI in instance _322__148 of sky130_fd_sc_hd__conb_1 in cell TOP_digital
Note:  Implicit pin HI in instance _323__149 of sky130_fd_sc_hd__conb_1 in cell TOP_digital
Note:  Implicit pin HI in instance _324__150 of sky130_fd_sc_hd__conb_1 in cell TOP_digital
Note:  Implicit pin HI in instance _325__151 of sky130_fd_sc_hd__conb_1 in cell TOP_digital
Note:  Implicit pin HI in instance _326__152 of sky130_fd_sc_hd__conb_1 in cell TOP_digital
Note:  Implicit pin HI in instance _327__153 of sky130_fd_sc_hd__conb_1 in cell TOP_digital
Note:  Implicit pin HI in instance _328__154 of sky130_fd_sc_hd__conb_1 in cell TOP_digital
Note:  Implicit pin HI in instance _329__155 of sky130_fd_sc_hd__conb_1 in cell TOP_digital
Note:  Implicit pin HI in instance _330__156 of sky130_fd_sc_hd__conb_1 in cell TOP_digital
Note:  Implicit pin HI in instance _331__157 of sky130_fd_sc_hd__conb_1 in cell TOP_digital
Note:  Implicit pin HI in instance _332__158 of sky130_fd_sc_hd__conb_1 in cell TOP_digital
Note:  Implicit pin HI in instance _333__159 of sky130_fd_sc_hd__conb_1 in cell TOP_digital
Note:  Implicit pin HI in instance _334__160 of sky130_fd_sc_hd__conb_1 in cell TOP_digital
Note:  Implicit pin HI in instance _335__161 of sky130_fd_sc_hd__conb_1 in cell TOP_digital
Note:  Implicit pin HI in instance _336__162 of sky130_fd_sc_hd__conb_1 in cell TOP_digital
Note:  Implicit pin HI in instance _337__163 of sky130_fd_sc_hd__conb_1 in cell TOP_digital
Note:  Implicit pin HI in instance _338__164 of sky130_fd_sc_hd__conb_1 in cell TOP_digital
Note:  Implicit pin HI in instance _339__165 of sky130_fd_sc_hd__conb_1 in cell TOP_digital
Note:  Implicit pin HI in instance _340__166 of sky130_fd_sc_hd__conb_1 in cell TOP_digital
Note:  Implicit pin HI in instance _341__167 of sky130_fd_sc_hd__conb_1 in cell TOP_digital
Note:  Implicit pin HI in instance _342__168 of sky130_fd_sc_hd__conb_1 in cell TOP_digital
Note:  Implicit pin HI in instance _343__169 of sky130_fd_sc_hd__conb_1 in cell TOP_digital
Note:  Implicit pin HI in instance _344__170 of sky130_fd_sc_hd__conb_1 in cell TOP_digital
Note:  Implicit pin HI in instance _345__171 of sky130_fd_sc_hd__conb_1 in cell TOP_digital
Note:  Implicit pin HI in instance _346__172 of sky130_fd_sc_hd__conb_1 in cell TOP_digital
Note:  Implicit pin HI in instance _347__173 of sky130_fd_sc_hd__conb_1 in cell TOP_digital
Note:  Implicit pin HI in instance _348__174 of sky130_fd_sc_hd__conb_1 in cell TOP_digital
Note:  Implicit pin HI in instance _349__175 of sky130_fd_sc_hd__conb_1 in cell TOP_digital
Note:  Implicit pin HI in instance _350__176 of sky130_fd_sc_hd__conb_1 in cell TOP_digital
Note:  Implicit pin HI in instance _351__177 of sky130_fd_sc_hd__conb_1 in cell TOP_digital
Note:  Implicit pin HI in instance _352__178 of sky130_fd_sc_hd__conb_1 in cell TOP_digital
Note:  Implicit pin HI in instance _353__179 of sky130_fd_sc_hd__conb_1 in cell TOP_digital
Note:  Implicit pin HI in instance _354__180 of sky130_fd_sc_hd__conb_1 in cell TOP_digital
Note:  Implicit pin HI in instance _355__181 of sky130_fd_sc_hd__conb_1 in cell TOP_digital
Note:  Implicit pin HI in instance _356__182 of sky130_fd_sc_hd__conb_1 in cell TOP_digital
Note:  Implicit pin HI in instance _357__183 of sky130_fd_sc_hd__conb_1 in cell TOP_digital
Note:  Implicit pin HI in instance _358__184 of sky130_fd_sc_hd__conb_1 in cell TOP_digital
Note:  Implicit pin HI in instance _359__185 of sky130_fd_sc_hd__conb_1 in cell TOP_digital
Note:  Implicit pin HI in instance _360__186 of sky130_fd_sc_hd__conb_1 in cell TOP_digital
Note:  Implicit pin HI in instance _361__187 of sky130_fd_sc_hd__conb_1 in cell TOP_digital
Note:  Implicit pin HI in instance _362__188 of sky130_fd_sc_hd__conb_1 in cell TOP_digital
Note:  Implicit pin HI in instance _363__189 of sky130_fd_sc_hd__conb_1 in cell TOP_digital
Note:  Implicit pin HI in instance _364__190 of sky130_fd_sc_hd__conb_1 in cell TOP_digital
Note:  Implicit pin HI in instance _365__191 of sky130_fd_sc_hd__conb_1 in cell TOP_digital
Note:  Implicit pin HI in instance _366__192 of sky130_fd_sc_hd__conb_1 in cell TOP_digital
Note:  Implicit pin HI in instance _367__193 of sky130_fd_sc_hd__conb_1 in cell TOP_digital
Note:  Implicit pin HI in instance _368__194 of sky130_fd_sc_hd__conb_1 in cell TOP_digital
Note:  Implicit pin HI in instance _369__195 of sky130_fd_sc_hd__conb_1 in cell TOP_digital
Note:  Implicit pin HI in instance _370__196 of sky130_fd_sc_hd__conb_1 in cell TOP_digital
Note:  Implicit pin HI in instance _371__197 of sky130_fd_sc_hd__conb_1 in cell TOP_digital
Note:  Implicit pin HI in instance _372__198 of sky130_fd_sc_hd__conb_1 in cell TOP_digital
Note:  Implicit pin HI in instance _373__199 of sky130_fd_sc_hd__conb_1 in cell TOP_digital
Note:  Implicit pin HI in instance _374__200 of sky130_fd_sc_hd__conb_1 in cell TOP_digital
Note:  Implicit pin HI in instance _375__201 of sky130_fd_sc_hd__conb_1 in cell TOP_digital
Note:  Implicit pin HI in instance _376__202 of sky130_fd_sc_hd__conb_1 in cell TOP_digital
Note:  Implicit pin HI in instance _377__203 of sky130_fd_sc_hd__conb_1 in cell TOP_digital
Note:  Implicit pin HI in instance _378__204 of sky130_fd_sc_hd__conb_1 in cell TOP_digital
Note:  Implicit pin HI in instance _379__205 of sky130_fd_sc_hd__conb_1 in cell TOP_digital
Note:  Implicit pin HI in instance _380__206 of sky130_fd_sc_hd__conb_1 in cell TOP_digital
Note:  Implicit pin HI in instance _381__207 of sky130_fd_sc_hd__conb_1 in cell TOP_digital
Note:  Implicit pin HI in instance _382__208 of sky130_fd_sc_hd__conb_1 in cell TOP_digital
Note:  Implicit pin HI in instance _383__209 of sky130_fd_sc_hd__conb_1 in cell TOP_digital
Note:  Implicit pin HI in instance _384__210 of sky130_fd_sc_hd__conb_1 in cell TOP_digital
Note:  Implicit pin HI in instance _385__211 of sky130_fd_sc_hd__conb_1 in cell TOP_digital
Note:  Implicit pin HI in instance _386__212 of sky130_fd_sc_hd__conb_1 in cell TOP_digital
Note:  Implicit pin HI in instance _387__213 of sky130_fd_sc_hd__conb_1 in cell TOP_digital
Note:  Implicit pin HI in instance _388__214 of sky130_fd_sc_hd__conb_1 in cell TOP_digital
Note:  Implicit pin HI in instance _389__215 of sky130_fd_sc_hd__conb_1 in cell TOP_digital
Note:  Implicit pin HI in instance _390__216 of sky130_fd_sc_hd__conb_1 in cell TOP_digital
Note:  Implicit pin HI in instance _391__217 of sky130_fd_sc_hd__conb_1 in cell TOP_digital
Note:  Implicit pin HI in instance _392__218 of sky130_fd_sc_hd__conb_1 in cell TOP_digital
Note:  Implicit pin HI in instance _393__219 of sky130_fd_sc_hd__conb_1 in cell TOP_digital
Note:  Implicit pin HI in instance _394__220 of sky130_fd_sc_hd__conb_1 in cell TOP_digital
Note:  Implicit pin HI in instance _395__221 of sky130_fd_sc_hd__conb_1 in cell TOP_digital
Note:  Implicit pin HI in instance _396__222 of sky130_fd_sc_hd__conb_1 in cell TOP_digital
Note:  Implicit pin HI in instance _397__223 of sky130_fd_sc_hd__conb_1 in cell TOP_digital
Note:  Implicit pin HI in instance _398__224 of sky130_fd_sc_hd__conb_1 in cell TOP_digital
Note:  Implicit pin HI in instance _399__225 of sky130_fd_sc_hd__conb_1 in cell TOP_digital
Note:  Implicit pin HI in instance _400__226 of sky130_fd_sc_hd__conb_1 in cell TOP_digital
Note:  Implicit pin HI in instance _401__227 of sky130_fd_sc_hd__conb_1 in cell TOP_digital
Note:  Implicit pin HI in instance _402__228 of sky130_fd_sc_hd__conb_1 in cell TOP_digital
Note:  Implicit pin HI in instance _403__229 of sky130_fd_sc_hd__conb_1 in cell TOP_digital
Note:  Implicit pin HI in instance _404__230 of sky130_fd_sc_hd__conb_1 in cell TOP_digital
Note:  Implicit pin HI in instance _405__231 of sky130_fd_sc_hd__conb_1 in cell TOP_digital
Note:  Implicit pin HI in instance _406__232 of sky130_fd_sc_hd__conb_1 in cell TOP_digital
Note:  Implicit pin HI in instance _407__233 of sky130_fd_sc_hd__conb_1 in cell TOP_digital
Note:  Implicit pin HI in instance _408__234 of sky130_fd_sc_hd__conb_1 in cell TOP_digital
Note:  Implicit pin HI in instance _409__235 of sky130_fd_sc_hd__conb_1 in cell TOP_digital
Note:  Implicit pin HI in instance _410__236 of sky130_fd_sc_hd__conb_1 in cell TOP_digital
Note:  Implicit pin HI in instance _411__237 of sky130_fd_sc_hd__conb_1 in cell TOP_digital
Note:  Implicit pin HI in instance _412__238 of sky130_fd_sc_hd__conb_1 in cell TOP_digital
Note:  Implicit pin HI in instance _413__239 of sky130_fd_sc_hd__conb_1 in cell TOP_digital
Note:  Implicit pin HI in instance _414__240 of sky130_fd_sc_hd__conb_1 in cell TOP_digital
Note:  Implicit pin HI in instance _415__241 of sky130_fd_sc_hd__conb_1 in cell TOP_digital
Note:  Implicit pin HI in instance _416__242 of sky130_fd_sc_hd__conb_1 in cell TOP_digital
Note:  Implicit pin HI in instance _417__243 of sky130_fd_sc_hd__conb_1 in cell TOP_digital
Note:  Implicit pin HI in instance _418__244 of sky130_fd_sc_hd__conb_1 in cell TOP_digital
Note:  Implicit pin HI in instance _419__245 of sky130_fd_sc_hd__conb_1 in cell TOP_digital
Note:  Implicit pin HI in instance _420__246 of sky130_fd_sc_hd__conb_1 in cell TOP_digital
Note:  Implicit pin HI in instance _421__247 of sky130_fd_sc_hd__conb_1 in cell TOP_digital
Note:  Implicit pin HI in instance _422__248 of sky130_fd_sc_hd__conb_1 in cell TOP_digital
Note:  Implicit pin HI in instance _423__249 of sky130_fd_sc_hd__conb_1 in cell TOP_digital
Note:  Implicit pin HI in instance _424__250 of sky130_fd_sc_hd__conb_1 in cell TOP_digital
Note:  Implicit pin HI in instance _425__251 of sky130_fd_sc_hd__conb_1 in cell TOP_digital
Note:  Implicit pin HI in instance _426__252 of sky130_fd_sc_hd__conb_1 in cell TOP_digital
Note:  Implicit pin HI in instance _427__253 of sky130_fd_sc_hd__conb_1 in cell TOP_digital
Note:  Implicit pin HI in instance _428__254 of sky130_fd_sc_hd__conb_1 in cell TOP_digital
Note:  Implicit pin HI in instance _429__255 of sky130_fd_sc_hd__conb_1 in cell TOP_digital
Note:  Implicit pin HI in instance _430__256 of sky130_fd_sc_hd__conb_1 in cell TOP_digital
Note:  Implicit pin HI in instance _431__257 of sky130_fd_sc_hd__conb_1 in cell TOP_digital
Note:  Implicit pin HI in instance _432__258 of sky130_fd_sc_hd__conb_1 in cell TOP_digital
Note:  Implicit pin HI in instance _433__259 of sky130_fd_sc_hd__conb_1 in cell TOP_digital
Note:  Implicit pin HI in instance _434__260 of sky130_fd_sc_hd__conb_1 in cell TOP_digital
Note:  Implicit pin HI in instance _435__261 of sky130_fd_sc_hd__conb_1 in cell TOP_digital
Note:  Implicit pin HI in instance _436__262 of sky130_fd_sc_hd__conb_1 in cell TOP_digital
Note:  Implicit pin HI in instance _437__263 of sky130_fd_sc_hd__conb_1 in cell TOP_digital
Note:  Implicit pin HI in instance _438__264 of sky130_fd_sc_hd__conb_1 in cell TOP_digital
Note:  Implicit pin HI in instance _439__265 of sky130_fd_sc_hd__conb_1 in cell TOP_digital
Note:  Implicit pin HI in instance _440__266 of sky130_fd_sc_hd__conb_1 in cell TOP_digital
Note:  Implicit pin HI in instance _441__267 of sky130_fd_sc_hd__conb_1 in cell TOP_digital
Note:  Implicit pin HI in instance _442__268 of sky130_fd_sc_hd__conb_1 in cell TOP_digital
Note:  Implicit pin HI in instance _443__269 of sky130_fd_sc_hd__conb_1 in cell TOP_digital
Note:  Implicit pin HI in instance _444__270 of sky130_fd_sc_hd__conb_1 in cell TOP_digital
Note:  Implicit pin HI in instance _445__271 of sky130_fd_sc_hd__conb_1 in cell TOP_digital
Note:  Implicit pin HI in instance _446__272 of sky130_fd_sc_hd__conb_1 in cell TOP_digital
Note:  Implicit pin HI in instance _447__273 of sky130_fd_sc_hd__conb_1 in cell TOP_digital
Note:  Implicit pin HI in instance _448__274 of sky130_fd_sc_hd__conb_1 in cell TOP_digital
Note:  Implicit pin HI in instance _449__275 of sky130_fd_sc_hd__conb_1 in cell TOP_digital
Note:  Implicit pin HI in instance _450__276 of sky130_fd_sc_hd__conb_1 in cell TOP_digital
Note:  Implicit pin HI in instance _451__277 of sky130_fd_sc_hd__conb_1 in cell TOP_digital
Note:  Implicit pin HI in instance _452__278 of sky130_fd_sc_hd__conb_1 in cell TOP_digital
Note:  Implicit pin HI in instance _453__279 of sky130_fd_sc_hd__conb_1 in cell TOP_digital
Note:  Implicit pin HI in instance _454__280 of sky130_fd_sc_hd__conb_1 in cell TOP_digital
Note:  Implicit pin HI in instance _455__281 of sky130_fd_sc_hd__conb_1 in cell TOP_digital
Note:  Implicit pin HI in instance _456__282 of sky130_fd_sc_hd__conb_1 in cell TOP_digital
Note:  Implicit pin HI in instance _457__283 of sky130_fd_sc_hd__conb_1 in cell TOP_digital
Note:  Implicit pin LO in instance _286__285 of sky130_fd_sc_hd__conb_1 in cell TOP_digital
Note:  Implicit pin LO in instance _290__286 of sky130_fd_sc_hd__conb_1 in cell TOP_digital
Note:  Implicit pin LO in instance _291__287 of sky130_fd_sc_hd__conb_1 in cell TOP_digital
Note:  Implicit pin LO in instance _294__288 of sky130_fd_sc_hd__conb_1 in cell TOP_digital
Note:  Implicit pin LO in instance _295__289 of sky130_fd_sc_hd__conb_1 in cell TOP_digital
Note:  Implicit pin LO in instance _298__290 of sky130_fd_sc_hd__conb_1 in cell TOP_digital
Note:  Implicit pin LO in instance _300__291 of sky130_fd_sc_hd__conb_1 in cell TOP_digital
Note:  Implicit pin LO in instance _302__292 of sky130_fd_sc_hd__conb_1 in cell TOP_digital
Note:  Implicit pin LO in instance _304__293 of sky130_fd_sc_hd__conb_1 in cell TOP_digital
Note:  Implicit pin LO in instance _307__294 of sky130_fd_sc_hd__conb_1 in cell TOP_digital
Note:  Implicit pin LO in instance _309__295 of sky130_fd_sc_hd__conb_1 in cell TOP_digital
Note:  Implicit pin LO in instance _311__296 of sky130_fd_sc_hd__conb_1 in cell TOP_digital
Note:  Implicit pin LO in instance _313__297 of sky130_fd_sc_hd__conb_1 in cell TOP_digital

Reading setup file /root/eda/pdk/sky130B/libs.tech/netgen/sky130B_setup.tcl

Model sky130_fd_pr__res_generic_po pin end_a == end_b
No property mult found for device sky130_fd_pr__res_generic_po
Model sky130_fd_pr__res_generic_po pin end_a == end_b
No property mult found for device sky130_fd_pr__res_generic_po
Model sky130_fd_pr__nfet_01v8 pin 1 == 3
No property mult found for device sky130_fd_pr__nfet_01v8
No property sa found for device sky130_fd_pr__nfet_01v8
No property sb found for device sky130_fd_pr__nfet_01v8
No property sd found for device sky130_fd_pr__nfet_01v8
No property nf found for device sky130_fd_pr__nfet_01v8
No property nrd found for device sky130_fd_pr__nfet_01v8
No property nrs found for device sky130_fd_pr__nfet_01v8
No property area found for device sky130_fd_pr__nfet_01v8
No property perim found for device sky130_fd_pr__nfet_01v8
No property topography found for device sky130_fd_pr__nfet_01v8
Model sky130_fd_pr__nfet_01v8 pin 1 == 3
No property mult found for device sky130_fd_pr__nfet_01v8
No property sa found for device sky130_fd_pr__nfet_01v8
No property sb found for device sky130_fd_pr__nfet_01v8
No property sd found for device sky130_fd_pr__nfet_01v8
No property nf found for device sky130_fd_pr__nfet_01v8
No property nrd found for device sky130_fd_pr__nfet_01v8
No property nrs found for device sky130_fd_pr__nfet_01v8
No property area found for device sky130_fd_pr__nfet_01v8
No property perim found for device sky130_fd_pr__nfet_01v8
No property topography found for device sky130_fd_pr__nfet_01v8
Model sky130_fd_pr__pfet_01v8_hvt pin 1 == 3
No property mult found for device sky130_fd_pr__pfet_01v8_hvt
No property sa found for device sky130_fd_pr__pfet_01v8_hvt
No property sb found for device sky130_fd_pr__pfet_01v8_hvt
No property sd found for device sky130_fd_pr__pfet_01v8_hvt
No property nf found for device sky130_fd_pr__pfet_01v8_hvt
No property nrd found for device sky130_fd_pr__pfet_01v8_hvt
No property nrs found for device sky130_fd_pr__pfet_01v8_hvt
No property area found for device sky130_fd_pr__pfet_01v8_hvt
No property perim found for device sky130_fd_pr__pfet_01v8_hvt
No property topography found for device sky130_fd_pr__pfet_01v8_hvt
Model sky130_fd_pr__pfet_01v8_hvt pin 1 == 3
No property mult found for device sky130_fd_pr__pfet_01v8_hvt
No property sa found for device sky130_fd_pr__pfet_01v8_hvt
No property sb found for device sky130_fd_pr__pfet_01v8_hvt
No property sd found for device sky130_fd_pr__pfet_01v8_hvt
No property nf found for device sky130_fd_pr__pfet_01v8_hvt
No property nrd found for device sky130_fd_pr__pfet_01v8_hvt
No property nrs found for device sky130_fd_pr__pfet_01v8_hvt
No property area found for device sky130_fd_pr__pfet_01v8_hvt
No property perim found for device sky130_fd_pr__pfet_01v8_hvt
No property topography found for device sky130_fd_pr__pfet_01v8_hvt
No property value found for device sky130_fd_pr__diode_pw2nd_05v5
No property mult found for device sky130_fd_pr__diode_pw2nd_05v5
No property perim found for device sky130_fd_pr__diode_pw2nd_05v5
No property value found for device sky130_fd_pr__diode_pw2nd_05v5
No property mult found for device sky130_fd_pr__diode_pw2nd_05v5
No property perim found for device sky130_fd_pr__diode_pw2nd_05v5
Comparison output logged to file /root/eda/caravel_user_project_openlane_2/openlane/TOP_digital/runs/23_10_12_13_51/51-netgen-lvs/lvs.rpt
Logging to file "/root/eda/caravel_user_project_openlane_2/openlane/TOP_digital/runs/23_10_12_13_51/51-netgen-lvs/lvs.rpt" enabled
Circuit sky130_fd_pr__pfet_01v8_hvt contains no devices.
Circuit sky130_fd_pr__nfet_01v8 contains no devices.

Contents of circuit 1:  Circuit: 'sky130_fd_sc_hd__decap_8'
Circuit sky130_fd_sc_hd__decap_8 contains 2 device instances.
  Class: sky130_fd_pr__nfet_01v8 instances:   1
  Class: sky130_fd_pr__pfet_01v8_hvt instances:   1
Circuit contains 4 nets.
Contents of circuit 2:  Circuit: 'sky130_fd_sc_hd__decap_8'
Circuit sky130_fd_sc_hd__decap_8 contains 2 device instances.
  Class: sky130_fd_pr__nfet_01v8 instances:   1
  Class: sky130_fd_pr__pfet_01v8_hvt instances:   1
Circuit contains 4 nets.

Circuit 1 contains 2 devices, Circuit 2 contains 2 devices.
Circuit 1 contains 4 nets,    Circuit 2 contains 4 nets.


Contents of circuit 1:  Circuit: 'sky130_fd_sc_hd__decap_6'
Circuit sky130_fd_sc_hd__decap_6 contains 2 device instances.
  Class: sky130_fd_pr__nfet_01v8 instances:   1
  Class: sky130_fd_pr__pfet_01v8_hvt instances:   1
Circuit contains 4 nets.
Contents of circuit 2:  Circuit: 'sky130_fd_sc_hd__decap_6'
Circuit sky130_fd_sc_hd__decap_6 contains 2 device instances.
  Class: sky130_fd_pr__nfet_01v8 instances:   1
  Class: sky130_fd_pr__pfet_01v8_hvt instances:   1
Circuit contains 4 nets.

Circuit 1 contains 2 devices, Circuit 2 contains 2 devices.
Circuit 1 contains 4 nets,    Circuit 2 contains 4 nets.


Contents of circuit 1:  Circuit: 'sky130_fd_sc_hd__conb_1'
Circuit sky130_fd_sc_hd__conb_1 contains 2 device instances.
  Class: sky130_fd_pr__res_generic_po instances:   2
Circuit contains 4 nets, and 2 disconnected pins.
Contents of circuit 2:  Circuit: 'sky130_fd_sc_hd__conb_1'
Circuit sky130_fd_sc_hd__conb_1 contains 2 device instances.
  Class: sky130_fd_pr__res_generic_po instances:   2
Circuit contains 4 nets, and 2 disconnected pins.

Circuit 1 contains 2 devices, Circuit 2 contains 2 devices.
Circuit 1 contains 4 nets,    Circuit 2 contains 4 nets.


Contents of circuit 1:  Circuit: 'sky130_fd_sc_hd__decap_3'
Circuit sky130_fd_sc_hd__decap_3 contains 2 device instances.
  Class: sky130_fd_pr__nfet_01v8 instances:   1
  Class: sky130_fd_pr__pfet_01v8_hvt instances:   1
Circuit contains 4 nets.
Contents of circuit 2:  Circuit: 'sky130_fd_sc_hd__decap_3'
Circuit sky130_fd_sc_hd__decap_3 contains 2 device instances.
  Class: sky130_fd_pr__nfet_01v8 instances:   1
  Class: sky130_fd_pr__pfet_01v8_hvt instances:   1
Circuit contains 4 nets.

Circuit 1 contains 2 devices, Circuit 2 contains 2 devices.
Circuit 1 contains 4 nets,    Circuit 2 contains 4 nets.


Contents of circuit 1:  Circuit: 'sky130_fd_sc_hd__buf_2'
Circuit sky130_fd_sc_hd__buf_2 contains 6 device instances.
  Class: sky130_fd_pr__nfet_01v8 instances:   3
  Class: sky130_fd_pr__pfet_01v8_hvt instances:   3
Circuit contains 7 nets.
Contents of circuit 2:  Circuit: 'sky130_fd_sc_hd__buf_2'
Circuit sky130_fd_sc_hd__buf_2 contains 6 device instances.
  Class: sky130_fd_pr__nfet_01v8 instances:   3
  Class: sky130_fd_pr__pfet_01v8_hvt instances:   3
Circuit contains 7 nets.

Circuit was modified by parallel/series device merging.
New circuit summary:

Contents of circuit 1:  Circuit: 'sky130_fd_sc_hd__buf_2'
Circuit sky130_fd_sc_hd__buf_2 contains 4 device instances.
  Class: sky130_fd_pr__nfet_01v8 instances:   2
  Class: sky130_fd_pr__pfet_01v8_hvt instances:   2
Circuit contains 7 nets.
Contents of circuit 2:  Circuit: 'sky130_fd_sc_hd__buf_2'
Circuit sky130_fd_sc_hd__buf_2 contains 4 device instances.
  Class: sky130_fd_pr__nfet_01v8 instances:   2
  Class: sky130_fd_pr__pfet_01v8_hvt instances:   2
Circuit contains 7 nets.

Circuit 1 contains 4 devices, Circuit 2 contains 4 devices.
Circuit 1 contains 7 nets,    Circuit 2 contains 7 nets.


Contents of circuit 1:  Circuit: 'sky130_fd_sc_hd__decap_4'
Circuit sky130_fd_sc_hd__decap_4 contains 2 device instances.
  Class: sky130_fd_pr__nfet_01v8 instances:   1
  Class: sky130_fd_pr__pfet_01v8_hvt instances:   1
Circuit contains 4 nets.
Contents of circuit 2:  Circuit: 'sky130_fd_sc_hd__decap_4'
Circuit sky130_fd_sc_hd__decap_4 contains 2 device instances.
  Class: sky130_fd_pr__nfet_01v8 instances:   1
  Class: sky130_fd_pr__pfet_01v8_hvt instances:   1
Circuit contains 4 nets.

Circuit 1 contains 2 devices, Circuit 2 contains 2 devices.
Circuit 1 contains 4 nets,    Circuit 2 contains 4 nets.


Contents of circuit 1:  Circuit: 'sky130_fd_sc_hd__dfxtp_1'
Circuit sky130_fd_sc_hd__dfxtp_1 contains 24 device instances.
  Class: sky130_fd_pr__nfet_01v8 instances:  12
  Class: sky130_fd_pr__pfet_01v8_hvt instances:  12
Circuit contains 18 nets.
Contents of circuit 2:  Circuit: 'sky130_fd_sc_hd__dfxtp_1'
Circuit sky130_fd_sc_hd__dfxtp_1 contains 24 device instances.
  Class: sky130_fd_pr__nfet_01v8 instances:  12
  Class: sky130_fd_pr__pfet_01v8_hvt instances:  12
Circuit contains 18 nets.

Circuit 1 contains 24 devices, Circuit 2 contains 24 devices.
Circuit 1 contains 18 nets,    Circuit 2 contains 18 nets.


Contents of circuit 1:  Circuit: 'sky130_fd_sc_hd__nor2_1'
Circuit sky130_fd_sc_hd__nor2_1 contains 4 device instances.
  Class: sky130_fd_pr__nfet_01v8 instances:   2
  Class: sky130_fd_pr__pfet_01v8_hvt instances:   2
Circuit contains 8 nets.
Contents of circuit 2:  Circuit: 'sky130_fd_sc_hd__nor2_1'
Circuit sky130_fd_sc_hd__nor2_1 contains 4 device instances.
  Class: sky130_fd_pr__nfet_01v8 instances:   2
  Class: sky130_fd_pr__pfet_01v8_hvt instances:   2
Circuit contains 8 nets.

Circuit 1 contains 4 devices, Circuit 2 contains 4 devices.
Circuit 1 contains 8 nets,    Circuit 2 contains 8 nets.


Contents of circuit 1:  Circuit: 'sky130_fd_sc_hd__a22o_1'
Circuit sky130_fd_sc_hd__a22o_1 contains 10 device instances.
  Class: sky130_fd_pr__nfet_01v8 instances:   5
  Class: sky130_fd_pr__pfet_01v8_hvt instances:   5
Circuit contains 13 nets.
Contents of circuit 2:  Circuit: 'sky130_fd_sc_hd__a22o_1'
Circuit sky130_fd_sc_hd__a22o_1 contains 10 device instances.
  Class: sky130_fd_pr__nfet_01v8 instances:   5
  Class: sky130_fd_pr__pfet_01v8_hvt instances:   5
Circuit contains 13 nets.

Circuit 1 contains 10 devices, Circuit 2 contains 10 devices.
Circuit 1 contains 13 nets,    Circuit 2 contains 13 nets.


Contents of circuit 1:  Circuit: 'sky130_fd_sc_hd__diode_2'
Circuit sky130_fd_sc_hd__diode_2 contains 1 device instances.
  Class: sky130_fd_pr__diode_pw2nd_05v5 instances:   1
Circuit contains 2 nets, and 3 disconnected pins.
Contents of circuit 2:  Circuit: 'sky130_fd_sc_hd__diode_2'
Circuit sky130_fd_sc_hd__diode_2 contains 1 device instances.
  Class: sky130_fd_pr__diode_pw2nd_05v5 instances:   1
Circuit contains 2 nets, and 3 disconnected pins.

Circuit 1 contains 1 devices, Circuit 2 contains 1 devices.
Circuit 1 contains 2 nets,    Circuit 2 contains 2 nets.


Contents of circuit 1:  Circuit: 'sky130_fd_sc_hd__and4_2'
Circuit sky130_fd_sc_hd__and4_2 contains 12 device instances.
  Class: sky130_fd_pr__nfet_01v8 instances:   6
  Class: sky130_fd_pr__pfet_01v8_hvt instances:   6
Circuit contains 13 nets.
Contents of circuit 2:  Circuit: 'sky130_fd_sc_hd__and4_2'
Circuit sky130_fd_sc_hd__and4_2 contains 12 device instances.
  Class: sky130_fd_pr__nfet_01v8 instances:   6
  Class: sky130_fd_pr__pfet_01v8_hvt instances:   6
Circuit contains 13 nets.

Circuit was modified by parallel/series device merging.
New circuit summary:

Contents of circuit 1:  Circuit: 'sky130_fd_sc_hd__and4_2'
Circuit sky130_fd_sc_hd__and4_2 contains 10 device instances.
  Class: sky130_fd_pr__nfet_01v8 instances:   5
  Class: sky130_fd_pr__pfet_01v8_hvt instances:   5
Circuit contains 13 nets.
Contents of circuit 2:  Circuit: 'sky130_fd_sc_hd__and4_2'
Circuit sky130_fd_sc_hd__and4_2 contains 10 device instances.
  Class: sky130_fd_pr__nfet_01v8 instances:   5
  Class: sky130_fd_pr__pfet_01v8_hvt instances:   5
Circuit contains 13 nets.

Circuit 1 contains 10 devices, Circuit 2 contains 10 devices.
Circuit 1 contains 13 nets,    Circuit 2 contains 13 nets.


Contents of circuit 1:  Circuit: 'sky130_fd_sc_hd__o211a_1'
Circuit sky130_fd_sc_hd__o211a_1 contains 10 device instances.
  Class: sky130_fd_pr__nfet_01v8 instances:   5
  Class: sky130_fd_pr__pfet_01v8_hvt instances:   5
Circuit contains 13 nets.
Contents of circuit 2:  Circuit: 'sky130_fd_sc_hd__o211a_1'
Circuit sky130_fd_sc_hd__o211a_1 contains 10 device instances.
  Class: sky130_fd_pr__nfet_01v8 instances:   5
  Class: sky130_fd_pr__pfet_01v8_hvt instances:   5
Circuit contains 13 nets.

Circuit 1 contains 10 devices, Circuit 2 contains 10 devices.
Circuit 1 contains 13 nets,    Circuit 2 contains 13 nets.


Contents of circuit 1:  Circuit: 'sky130_fd_sc_hd__or4_1'
Circuit sky130_fd_sc_hd__or4_1 contains 10 device instances.
  Class: sky130_fd_pr__nfet_01v8 instances:   5
  Class: sky130_fd_pr__pfet_01v8_hvt instances:   5
Circuit contains 13 nets.
Contents of circuit 2:  Circuit: 'sky130_fd_sc_hd__or4_1'
Circuit sky130_fd_sc_hd__or4_1 contains 10 device instances.
  Class: sky130_fd_pr__nfet_01v8 instances:   5
  Class: sky130_fd_pr__pfet_01v8_hvt instances:   5
Circuit contains 13 nets.

Circuit 1 contains 10 devices, Circuit 2 contains 10 devices.
Circuit 1 contains 13 nets,    Circuit 2 contains 13 nets.


Contents of circuit 1:  Circuit: 'sky130_fd_sc_hd__a31o_1'
Circuit sky130_fd_sc_hd__a31o_1 contains 10 device instances.
  Class: sky130_fd_pr__nfet_01v8 instances:   5
  Class: sky130_fd_pr__pfet_01v8_hvt instances:   5
Circuit contains 13 nets.
Contents of circuit 2:  Circuit: 'sky130_fd_sc_hd__a31o_1'
Circuit sky130_fd_sc_hd__a31o_1 contains 10 device instances.
  Class: sky130_fd_pr__nfet_01v8 instances:   5
  Class: sky130_fd_pr__pfet_01v8_hvt instances:   5
Circuit contains 13 nets.

Circuit 1 contains 10 devices, Circuit 2 contains 10 devices.
Circuit 1 contains 13 nets,    Circuit 2 contains 13 nets.


Contents of circuit 1:  Circuit: 'sky130_fd_sc_hd__a221o_1'
Circuit sky130_fd_sc_hd__a221o_1 contains 12 device instances.
  Class: sky130_fd_pr__nfet_01v8 instances:   6
  Class: sky130_fd_pr__pfet_01v8_hvt instances:   6
Circuit contains 15 nets.
Contents of circuit 2:  Circuit: 'sky130_fd_sc_hd__a221o_1'
Circuit sky130_fd_sc_hd__a221o_1 contains 12 device instances.
  Class: sky130_fd_pr__nfet_01v8 instances:   6
  Class: sky130_fd_pr__pfet_01v8_hvt instances:   6
Circuit contains 15 nets.

Circuit 1 contains 12 devices, Circuit 2 contains 12 devices.
Circuit 1 contains 15 nets,    Circuit 2 contains 15 nets.


Contents of circuit 1:  Circuit: 'sky130_fd_sc_hd__o221ai_1'
Circuit sky130_fd_sc_hd__o221ai_1 contains 10 device instances.
  Class: sky130_fd_pr__nfet_01v8 instances:   5
  Class: sky130_fd_pr__pfet_01v8_hvt instances:   5
Circuit contains 14 nets.
Contents of circuit 2:  Circuit: 'sky130_fd_sc_hd__o221ai_1'
Circuit sky130_fd_sc_hd__o221ai_1 contains 10 device instances.
  Class: sky130_fd_pr__nfet_01v8 instances:   5
  Class: sky130_fd_pr__pfet_01v8_hvt instances:   5
Circuit contains 14 nets.

Circuit 1 contains 10 devices, Circuit 2 contains 10 devices.
Circuit 1 contains 14 nets,    Circuit 2 contains 14 nets.


Contents of circuit 1:  Circuit: 'sky130_fd_sc_hd__clkbuf_4'
Circuit sky130_fd_sc_hd__clkbuf_4 contains 10 device instances.
  Class: sky130_fd_pr__nfet_01v8 instances:   5
  Class: sky130_fd_pr__pfet_01v8_hvt instances:   5
Circuit contains 7 nets.
Contents of circuit 2:  Circuit: 'sky130_fd_sc_hd__clkbuf_4'
Circuit sky130_fd_sc_hd__clkbuf_4 contains 10 device instances.
  Class: sky130_fd_pr__nfet_01v8 instances:   5
  Class: sky130_fd_pr__pfet_01v8_hvt instances:   5
Circuit contains 7 nets.

Circuit was modified by parallel/series device merging.
New circuit summary:

Contents of circuit 1:  Circuit: 'sky130_fd_sc_hd__clkbuf_4'
Circuit sky130_fd_sc_hd__clkbuf_4 contains 4 device instances.
  Class: sky130_fd_pr__nfet_01v8 instances:   2
  Class: sky130_fd_pr__pfet_01v8_hvt instances:   2
Circuit contains 7 nets.
Contents of circuit 2:  Circuit: 'sky130_fd_sc_hd__clkbuf_4'
Circuit sky130_fd_sc_hd__clkbuf_4 contains 4 device instances.
  Class: sky130_fd_pr__nfet_01v8 instances:   2
  Class: sky130_fd_pr__pfet_01v8_hvt instances:   2
Circuit contains 7 nets.

Circuit 1 contains 4 devices, Circuit 2 contains 4 devices.
Circuit 1 contains 7 nets,    Circuit 2 contains 7 nets.


Contents of circuit 1:  Circuit: 'sky130_fd_sc_hd__inv_2'
Circuit sky130_fd_sc_hd__inv_2 contains 4 device instances.
  Class: sky130_fd_pr__nfet_01v8 instances:   2
  Class: sky130_fd_pr__pfet_01v8_hvt instances:   2
Circuit contains 6 nets.
Contents of circuit 2:  Circuit: 'sky130_fd_sc_hd__inv_2'
Circuit sky130_fd_sc_hd__inv_2 contains 4 device instances.
  Class: sky130_fd_pr__nfet_01v8 instances:   2
  Class: sky130_fd_pr__pfet_01v8_hvt instances:   2
Circuit contains 6 nets.

Circuit was modified by parallel/series device merging.
New circuit summary:

Contents of circuit 1:  Circuit: 'sky130_fd_sc_hd__inv_2'
Circuit sky130_fd_sc_hd__inv_2 contains 2 device instances.
  Class: sky130_fd_pr__nfet_01v8 instances:   1
  Class: sky130_fd_pr__pfet_01v8_hvt instances:   1
Circuit contains 6 nets.
Contents of circuit 2:  Circuit: 'sky130_fd_sc_hd__inv_2'
Circuit sky130_fd_sc_hd__inv_2 contains 2 device instances.
  Class: sky130_fd_pr__nfet_01v8 instances:   1
  Class: sky130_fd_pr__pfet_01v8_hvt instances:   1
Circuit contains 6 nets.

Circuit 1 contains 2 devices, Circuit 2 contains 2 devices.
Circuit 1 contains 6 nets,    Circuit 2 contains 6 nets.


Contents of circuit 1:  Circuit: 'sky130_fd_sc_hd__or4bb_1'
Circuit sky130_fd_sc_hd__or4bb_1 contains 14 device instances.
  Class: sky130_fd_pr__nfet_01v8 instances:   7
  Class: sky130_fd_pr__pfet_01v8_hvt instances:   7
Circuit contains 15 nets.
Contents of circuit 2:  Circuit: 'sky130_fd_sc_hd__or4bb_1'
Circuit sky130_fd_sc_hd__or4bb_1 contains 14 device instances.
  Class: sky130_fd_pr__nfet_01v8 instances:   7
  Class: sky130_fd_pr__pfet_01v8_hvt instances:   7
Circuit contains 15 nets.

Circuit 1 contains 14 devices, Circuit 2 contains 14 devices.
Circuit 1 contains 15 nets,    Circuit 2 contains 15 nets.


Contents of circuit 1:  Circuit: 'sky130_fd_sc_hd__clkbuf_8'
Circuit sky130_fd_sc_hd__clkbuf_8 contains 20 device instances.
  Class: sky130_fd_pr__nfet_01v8 instances:  10
  Class: sky130_fd_pr__pfet_01v8_hvt instances:  10
Circuit contains 7 nets.
Contents of circuit 2:  Circuit: 'sky130_fd_sc_hd__clkbuf_8'
Circuit sky130_fd_sc_hd__clkbuf_8 contains 20 device instances.
  Class: sky130_fd_pr__nfet_01v8 instances:  10
  Class: sky130_fd_pr__pfet_01v8_hvt instances:  10
Circuit contains 7 nets.

Circuit was modified by parallel/series device merging.
New circuit summary:

Contents of circuit 1:  Circuit: 'sky130_fd_sc_hd__clkbuf_8'
Circuit sky130_fd_sc_hd__clkbuf_8 contains 4 device instances.
  Class: sky130_fd_pr__nfet_01v8 instances:   2
  Class: sky130_fd_pr__pfet_01v8_hvt instances:   2
Circuit contains 7 nets.
Contents of circuit 2:  Circuit: 'sky130_fd_sc_hd__clkbuf_8'
Circuit sky130_fd_sc_hd__clkbuf_8 contains 4 device instances.
  Class: sky130_fd_pr__nfet_01v8 instances:   2
  Class: sky130_fd_pr__pfet_01v8_hvt instances:   2
Circuit contains 7 nets.

Circuit 1 contains 4 devices, Circuit 2 contains 4 devices.
Circuit 1 contains 7 nets,    Circuit 2 contains 7 nets.


Contents of circuit 1:  Circuit: 'sky130_fd_sc_hd__clkbuf_2'
Circuit sky130_fd_sc_hd__clkbuf_2 contains 6 device instances.
  Class: sky130_fd_pr__nfet_01v8 instances:   3
  Class: sky130_fd_pr__pfet_01v8_hvt instances:   3
Circuit contains 7 nets.
Contents of circuit 2:  Circuit: 'sky130_fd_sc_hd__clkbuf_2'
Circuit sky130_fd_sc_hd__clkbuf_2 contains 6 device instances.
  Class: sky130_fd_pr__nfet_01v8 instances:   3
  Class: sky130_fd_pr__pfet_01v8_hvt instances:   3
Circuit contains 7 nets.

Circuit was modified by parallel/series device merging.
New circuit summary:

Contents of circuit 1:  Circuit: 'sky130_fd_sc_hd__clkbuf_2'
Circuit sky130_fd_sc_hd__clkbuf_2 contains 4 device instances.
  Class: sky130_fd_pr__nfet_01v8 instances:   2
  Class: sky130_fd_pr__pfet_01v8_hvt instances:   2
Circuit contains 7 nets.
Contents of circuit 2:  Circuit: 'sky130_fd_sc_hd__clkbuf_2'
Circuit sky130_fd_sc_hd__clkbuf_2 contains 4 device instances.
  Class: sky130_fd_pr__nfet_01v8 instances:   2
  Class: sky130_fd_pr__pfet_01v8_hvt instances:   2
Circuit contains 7 nets.

Circuit 1 contains 4 devices, Circuit 2 contains 4 devices.
Circuit 1 contains 7 nets,    Circuit 2 contains 7 nets.


Contents of circuit 1:  Circuit: 'sky130_fd_sc_hd__or3_1'
Circuit sky130_fd_sc_hd__or3_1 contains 8 device instances.
  Class: sky130_fd_pr__nfet_01v8 instances:   4
  Class: sky130_fd_pr__pfet_01v8_hvt instances:   4
Circuit contains 11 nets.
Contents of circuit 2:  Circuit: 'sky130_fd_sc_hd__or3_1'
Circuit sky130_fd_sc_hd__or3_1 contains 8 device instances.
  Class: sky130_fd_pr__nfet_01v8 instances:   4
  Class: sky130_fd_pr__pfet_01v8_hvt instances:   4
Circuit contains 11 nets.

Circuit 1 contains 8 devices, Circuit 2 contains 8 devices.
Circuit 1 contains 11 nets,    Circuit 2 contains 11 nets.


Contents of circuit 1:  Circuit: 'sky130_fd_sc_hd__nor3_1'
Circuit sky130_fd_sc_hd__nor3_1 contains 6 device instances.
  Class: sky130_fd_pr__nfet_01v8 instances:   3
  Class: sky130_fd_pr__pfet_01v8_hvt instances:   3
Circuit contains 10 nets.
Contents of circuit 2:  Circuit: 'sky130_fd_sc_hd__nor3_1'
Circuit sky130_fd_sc_hd__nor3_1 contains 6 device instances.
  Class: sky130_fd_pr__nfet_01v8 instances:   3
  Class: sky130_fd_pr__pfet_01v8_hvt instances:   3
Circuit contains 10 nets.

Circuit 1 contains 6 devices, Circuit 2 contains 6 devices.
Circuit 1 contains 10 nets,    Circuit 2 contains 10 nets.


Contents of circuit 1:  Circuit: 'sky130_fd_sc_hd__buf_4'
Circuit sky130_fd_sc_hd__buf_4 contains 10 device instances.
  Class: sky130_fd_pr__nfet_01v8 instances:   5
  Class: sky130_fd_pr__pfet_01v8_hvt instances:   5
Circuit contains 7 nets.
Contents of circuit 2:  Circuit: 'sky130_fd_sc_hd__buf_4'
Circuit sky130_fd_sc_hd__buf_4 contains 10 device instances.
  Class: sky130_fd_pr__nfet_01v8 instances:   5
  Class: sky130_fd_pr__pfet_01v8_hvt instances:   5
Circuit contains 7 nets.

Circuit was modified by parallel/series device merging.
New circuit summary:

Contents of circuit 1:  Circuit: 'sky130_fd_sc_hd__buf_4'
Circuit sky130_fd_sc_hd__buf_4 contains 4 device instances.
  Class: sky130_fd_pr__nfet_01v8 instances:   2
  Class: sky130_fd_pr__pfet_01v8_hvt instances:   2
Circuit contains 7 nets.
Contents of circuit 2:  Circuit: 'sky130_fd_sc_hd__buf_4'
Circuit sky130_fd_sc_hd__buf_4 contains 4 device instances.
  Class: sky130_fd_pr__nfet_01v8 instances:   2
  Class: sky130_fd_pr__pfet_01v8_hvt instances:   2
Circuit contains 7 nets.

Circuit 1 contains 4 devices, Circuit 2 contains 4 devices.
Circuit 1 contains 7 nets,    Circuit 2 contains 7 nets.


Contents of circuit 1:  Circuit: 'sky130_fd_sc_hd__a21oi_1'
Circuit sky130_fd_sc_hd__a21oi_1 contains 6 device instances.
  Class: sky130_fd_pr__nfet_01v8 instances:   3
  Class: sky130_fd_pr__pfet_01v8_hvt instances:   3
Circuit contains 10 nets.
Contents of circuit 2:  Circuit: 'sky130_fd_sc_hd__a21oi_1'
Circuit sky130_fd_sc_hd__a21oi_1 contains 6 device instances.
  Class: sky130_fd_pr__nfet_01v8 instances:   3
  Class: sky130_fd_pr__pfet_01v8_hvt instances:   3
Circuit contains 10 nets.

Circuit 1 contains 6 devices, Circuit 2 contains 6 devices.
Circuit 1 contains 10 nets,    Circuit 2 contains 10 nets.


Contents of circuit 1:  Circuit: 'sky130_fd_sc_hd__buf_1'
Circuit sky130_fd_sc_hd__buf_1 contains 4 device instances.
  Class: sky130_fd_pr__nfet_01v8 instances:   2
  Class: sky130_fd_pr__pfet_01v8_hvt instances:   2
Circuit contains 7 nets.
Contents of circuit 2:  Circuit: 'sky130_fd_sc_hd__buf_1'
Circuit sky130_fd_sc_hd__buf_1 contains 4 device instances.
  Class: sky130_fd_pr__nfet_01v8 instances:   2
  Class: sky130_fd_pr__pfet_01v8_hvt instances:   2
Circuit contains 7 nets.

Circuit 1 contains 4 devices, Circuit 2 contains 4 devices.
Circuit 1 contains 7 nets,    Circuit 2 contains 7 nets.


Contents of circuit 1:  Circuit: 'sky130_fd_sc_hd__and3_1'
Circuit sky130_fd_sc_hd__and3_1 contains 8 device instances.
  Class: sky130_fd_pr__nfet_01v8 instances:   4
  Class: sky130_fd_pr__pfet_01v8_hvt instances:   4
Circuit contains 11 nets.
Contents of circuit 2:  Circuit: 'sky130_fd_sc_hd__and3_1'
Circuit sky130_fd_sc_hd__and3_1 contains 8 device instances.
  Class: sky130_fd_pr__nfet_01v8 instances:   4
  Class: sky130_fd_pr__pfet_01v8_hvt instances:   4
Circuit contains 11 nets.

Circuit 1 contains 8 devices, Circuit 2 contains 8 devices.
Circuit 1 contains 11 nets,    Circuit 2 contains 11 nets.


Contents of circuit 1:  Circuit: 'sky130_fd_sc_hd__clkbuf_1'
Circuit sky130_fd_sc_hd__clkbuf_1 contains 4 device instances.
  Class: sky130_fd_pr__nfet_01v8 instances:   2
  Class: sky130_fd_pr__pfet_01v8_hvt instances:   2
Circuit contains 7 nets.
Contents of circuit 2:  Circuit: 'sky130_fd_sc_hd__clkbuf_1'
Circuit sky130_fd_sc_hd__clkbuf_1 contains 4 device instances.
  Class: sky130_fd_pr__nfet_01v8 instances:   2
  Class: sky130_fd_pr__pfet_01v8_hvt instances:   2
Circuit contains 7 nets.

Circuit 1 contains 4 devices, Circuit 2 contains 4 devices.
Circuit 1 contains 7 nets,    Circuit 2 contains 7 nets.


Contents of circuit 1:  Circuit: 'sky130_fd_sc_hd__o21a_1'
Circuit sky130_fd_sc_hd__o21a_1 contains 8 device instances.
  Class: sky130_fd_pr__nfet_01v8 instances:   4
  Class: sky130_fd_pr__pfet_01v8_hvt instances:   4
Circuit contains 11 nets.
Contents of circuit 2:  Circuit: 'sky130_fd_sc_hd__o21a_1'
Circuit sky130_fd_sc_hd__o21a_1 contains 8 device instances.
  Class: sky130_fd_pr__nfet_01v8 instances:   4
  Class: sky130_fd_pr__pfet_01v8_hvt instances:   4
Circuit contains 11 nets.

Circuit 1 contains 8 devices, Circuit 2 contains 8 devices.
Circuit 1 contains 11 nets,    Circuit 2 contains 11 nets.


Contents of circuit 1:  Circuit: 'sky130_fd_sc_hd__o21ai_1'
Circuit sky130_fd_sc_hd__o21ai_1 contains 6 device instances.
  Class: sky130_fd_pr__nfet_01v8 instances:   3
  Class: sky130_fd_pr__pfet_01v8_hvt instances:   3
Circuit contains 10 nets.
Contents of circuit 2:  Circuit: 'sky130_fd_sc_hd__o21ai_1'
Circuit sky130_fd_sc_hd__o21ai_1 contains 6 device instances.
  Class: sky130_fd_pr__nfet_01v8 instances:   3
  Class: sky130_fd_pr__pfet_01v8_hvt instances:   3
Circuit contains 10 nets.

Circuit 1 contains 6 devices, Circuit 2 contains 6 devices.
Circuit 1 contains 10 nets,    Circuit 2 contains 10 nets.


Contents of circuit 1:  Circuit: 'sky130_fd_sc_hd__xnor2_1'
Circuit sky130_fd_sc_hd__xnor2_1 contains 10 device instances.
  Class: sky130_fd_pr__nfet_01v8 instances:   5
  Class: sky130_fd_pr__pfet_01v8_hvt instances:   5
Circuit contains 11 nets.
Contents of circuit 2:  Circuit: 'sky130_fd_sc_hd__xnor2_1'
Circuit sky130_fd_sc_hd__xnor2_1 contains 10 device instances.
  Class: sky130_fd_pr__nfet_01v8 instances:   5
  Class: sky130_fd_pr__pfet_01v8_hvt instances:   5
Circuit contains 11 nets.

Circuit 1 contains 10 devices, Circuit 2 contains 10 devices.
Circuit 1 contains 11 nets,    Circuit 2 contains 11 nets.


Contents of circuit 1:  Circuit: 'sky130_fd_sc_hd__o22ai_1'
Circuit sky130_fd_sc_hd__o22ai_1 contains 8 device instances.
  Class: sky130_fd_pr__nfet_01v8 instances:   4
  Class: sky130_fd_pr__pfet_01v8_hvt instances:   4
Circuit contains 12 nets.
Contents of circuit 2:  Circuit: 'sky130_fd_sc_hd__o22ai_1'
Circuit sky130_fd_sc_hd__o22ai_1 contains 8 device instances.
  Class: sky130_fd_pr__nfet_01v8 instances:   4
  Class: sky130_fd_pr__pfet_01v8_hvt instances:   4
Circuit contains 12 nets.

Circuit 1 contains 8 devices, Circuit 2 contains 8 devices.
Circuit 1 contains 12 nets,    Circuit 2 contains 12 nets.


Contents of circuit 1:  Circuit: 'sky130_fd_sc_hd__xor2_1'
Circuit sky130_fd_sc_hd__xor2_1 contains 10 device instances.
  Class: sky130_fd_pr__nfet_01v8 instances:   5
  Class: sky130_fd_pr__pfet_01v8_hvt instances:   5
Circuit contains 11 nets.
Contents of circuit 2:  Circuit: 'sky130_fd_sc_hd__xor2_1'
Circuit sky130_fd_sc_hd__xor2_1 contains 10 device instances.
  Class: sky130_fd_pr__nfet_01v8 instances:   5
  Class: sky130_fd_pr__pfet_01v8_hvt instances:   5
Circuit contains 11 nets.

Circuit 1 contains 10 devices, Circuit 2 contains 10 devices.
Circuit 1 contains 11 nets,    Circuit 2 contains 11 nets.


Contents of circuit 1:  Circuit: 'sky130_fd_sc_hd__dfxtp_2'
Circuit sky130_fd_sc_hd__dfxtp_2 contains 26 device instances.
  Class: sky130_fd_pr__nfet_01v8 instances:  13
  Class: sky130_fd_pr__pfet_01v8_hvt instances:  13
Circuit contains 18 nets.
Contents of circuit 2:  Circuit: 'sky130_fd_sc_hd__dfxtp_2'
Circuit sky130_fd_sc_hd__dfxtp_2 contains 26 device instances.
  Class: sky130_fd_pr__nfet_01v8 instances:  13
  Class: sky130_fd_pr__pfet_01v8_hvt instances:  13
Circuit contains 18 nets.

Circuit was modified by parallel/series device merging.
New circuit summary:

Contents of circuit 1:  Circuit: 'sky130_fd_sc_hd__dfxtp_2'
Circuit sky130_fd_sc_hd__dfxtp_2 contains 24 device instances.
  Class: sky130_fd_pr__nfet_01v8 instances:  12
  Class: sky130_fd_pr__pfet_01v8_hvt instances:  12
Circuit contains 18 nets.
Contents of circuit 2:  Circuit: 'sky130_fd_sc_hd__dfxtp_2'
Circuit sky130_fd_sc_hd__dfxtp_2 contains 24 device instances.
  Class: sky130_fd_pr__nfet_01v8 instances:  12
  Class: sky130_fd_pr__pfet_01v8_hvt instances:  12
Circuit contains 18 nets.

Circuit 1 contains 24 devices, Circuit 2 contains 24 devices.
Circuit 1 contains 18 nets,    Circuit 2 contains 18 nets.


Contents of circuit 1:  Circuit: 'sky130_fd_sc_hd__nand3_4'
Circuit sky130_fd_sc_hd__nand3_4 contains 24 device instances.
  Class: sky130_fd_pr__nfet_01v8 instances:  12
  Class: sky130_fd_pr__pfet_01v8_hvt instances:  12
Circuit contains 10 nets.
Contents of circuit 2:  Circuit: 'sky130_fd_sc_hd__nand3_4'
Circuit sky130_fd_sc_hd__nand3_4 contains 24 device instances.
  Class: sky130_fd_pr__nfet_01v8 instances:  12
  Class: sky130_fd_pr__pfet_01v8_hvt instances:  12
Circuit contains 10 nets.

Circuit was modified by parallel/series device merging.
New circuit summary:

Contents of circuit 1:  Circuit: 'sky130_fd_sc_hd__nand3_4'
Circuit sky130_fd_sc_hd__nand3_4 contains 6 device instances.
  Class: sky130_fd_pr__nfet_01v8 instances:   3
  Class: sky130_fd_pr__pfet_01v8_hvt instances:   3
Circuit contains 10 nets.
Contents of circuit 2:  Circuit: 'sky130_fd_sc_hd__nand3_4'
Circuit sky130_fd_sc_hd__nand3_4 contains 6 device instances.
  Class: sky130_fd_pr__nfet_01v8 instances:   3
  Class: sky130_fd_pr__pfet_01v8_hvt instances:   3
Circuit contains 10 nets.

Circuit 1 contains 6 devices, Circuit 2 contains 6 devices.
Circuit 1 contains 10 nets,    Circuit 2 contains 10 nets.


Contents of circuit 1:  Circuit: 'sky130_fd_sc_hd__nor4_1'
Circuit sky130_fd_sc_hd__nor4_1 contains 8 device instances.
  Class: sky130_fd_pr__nfet_01v8 instances:   4
  Class: sky130_fd_pr__pfet_01v8_hvt instances:   4
Circuit contains 12 nets.
Contents of circuit 2:  Circuit: 'sky130_fd_sc_hd__nor4_1'
Circuit sky130_fd_sc_hd__nor4_1 contains 8 device instances.
  Class: sky130_fd_pr__nfet_01v8 instances:   4
  Class: sky130_fd_pr__pfet_01v8_hvt instances:   4
Circuit contains 12 nets.

Circuit 1 contains 8 devices, Circuit 2 contains 8 devices.
Circuit 1 contains 12 nets,    Circuit 2 contains 12 nets.


Contents of circuit 1:  Circuit: 'sky130_fd_sc_hd__and4bb_1'
Circuit sky130_fd_sc_hd__and4bb_1 contains 14 device instances.
  Class: sky130_fd_pr__nfet_01v8 instances:   7
  Class: sky130_fd_pr__pfet_01v8_hvt instances:   7
Circuit contains 15 nets.
Contents of circuit 2:  Circuit: 'sky130_fd_sc_hd__and4bb_1'
Circuit sky130_fd_sc_hd__and4bb_1 contains 14 device instances.
  Class: sky130_fd_pr__nfet_01v8 instances:   7
  Class: sky130_fd_pr__pfet_01v8_hvt instances:   7
Circuit contains 15 nets.

Circuit 1 contains 14 devices, Circuit 2 contains 14 devices.
Circuit 1 contains 15 nets,    Circuit 2 contains 15 nets.


Contents of circuit 1:  Circuit: 'sky130_fd_sc_hd__and4_1'
Circuit sky130_fd_sc_hd__and4_1 contains 10 device instances.
  Class: sky130_fd_pr__nfet_01v8 instances:   5
  Class: sky130_fd_pr__pfet_01v8_hvt instances:   5
Circuit contains 13 nets.
Contents of circuit 2:  Circuit: 'sky130_fd_sc_hd__and4_1'
Circuit sky130_fd_sc_hd__and4_1 contains 10 device instances.
  Class: sky130_fd_pr__nfet_01v8 instances:   5
  Class: sky130_fd_pr__pfet_01v8_hvt instances:   5
Circuit contains 13 nets.

Circuit 1 contains 10 devices, Circuit 2 contains 10 devices.
Circuit 1 contains 13 nets,    Circuit 2 contains 13 nets.


Contents of circuit 1:  Circuit: 'sky130_fd_sc_hd__or4b_1'
Circuit sky130_fd_sc_hd__or4b_1 contains 12 device instances.
  Class: sky130_fd_pr__nfet_01v8 instances:   6
  Class: sky130_fd_pr__pfet_01v8_hvt instances:   6
Circuit contains 14 nets.
Contents of circuit 2:  Circuit: 'sky130_fd_sc_hd__or4b_1'
Circuit sky130_fd_sc_hd__or4b_1 contains 12 device instances.
  Class: sky130_fd_pr__nfet_01v8 instances:   6
  Class: sky130_fd_pr__pfet_01v8_hvt instances:   6
Circuit contains 14 nets.

Circuit 1 contains 12 devices, Circuit 2 contains 12 devices.
Circuit 1 contains 14 nets,    Circuit 2 contains 14 nets.


Contents of circuit 1:  Circuit: 'TOP_digital'
Circuit TOP_digital contains 78653 device instances.
  Class: sky130_fd_sc_hd__a31o_1 instances:  16
  Class: sky130_fd_sc_hd__dfxtp_1 instances:  23
  Class: sky130_fd_sc_hd__dfxtp_2 instances:   2
  Class: sky130_fd_sc_hd__or4_1 instances:   9
  Class: sky130_fd_sc_hd__buf_1 instances:  19
  Class: sky130_fd_sc_hd__buf_2 instances: 241
  Class: sky130_fd_sc_hd__buf_4 instances:   2
  Class: sky130_fd_sc_hd__xor2_1 instances:   4
  Class: sky130_fd_sc_hd__o221ai_1 instances:   2
  Class: sky130_fd_sc_hd__and4_1 instances:   1
  Class: sky130_fd_sc_hd__and4_2 instances:   1
  Class: sky130_fd_sc_hd__inv_2 instances:   8
  Class: sky130_fd_sc_hd__clkbuf_1 instances:  29
  Class: sky130_fd_sc_hd__clkbuf_2 instances:   5
  Class: sky130_fd_sc_hd__clkbuf_4 instances:   2
  Class: sky130_fd_sc_hd__clkbuf_8 instances:   2
  Class: sky130_fd_sc_hd__or3_1 instances:   1
  Class: sky130_fd_sc_hd__nand3_4 instances:   2
  Class: sky130_fd_sc_hd__conb_1 instances: 239
  Class: sky130_fd_sc_hd__and3_1 instances:   4
  Class: sky130_fd_sc_hd__decap_3 instances: 844
  Class: sky130_fd_sc_hd__decap_4 instances: 233
  Class: sky130_fd_sc_hd__decap_6 instances: 10909
  Class: sky130_fd_sc_hd__decap_8 instances: 65951
  Class: sky130_fd_sc_hd__or4b_1 instances:   1
  Class: sky130_fd_sc_hd__nor4_1 instances:   3
  Class: sky130_fd_sc_hd__xnor2_1 instances:   2
  Class: sky130_fd_sc_hd__o211a_1 instances:  16
  Class: sky130_fd_sc_hd__diode_2 instances:  54
  Class: sky130_fd_sc_hd__a221o_1 instances:   4
  Class: sky130_fd_sc_hd__or4bb_1 instances:   1
  Class: sky130_fd_sc_hd__nor3_1 instances:   2
  Class: sky130_fd_sc_hd__a22o_1 instances:   2
  Class: sky130_fd_sc_hd__o21a_1 instances:   4
  Class: sky130_fd_sc_hd__o22ai_1 instances:   2
  Class: sky130_fd_sc_hd__o21ai_1 instances:   1
  Class: sky130_fd_sc_hd__a21oi_1 instances:   5
  Class: sky130_fd_sc_hd__and4bb_1 instances:   1
  Class: sky130_fd_sc_hd__nor2_1 instances:   6
Circuit contains 948 nets, and 388 disconnected pins.
Contents of circuit 2:  Circuit: 'TOP_digital'
Circuit TOP_digital contains 78653 device instances.
  Class: sky130_fd_sc_hd__a31o_1 instances:  16
  Class: sky130_fd_sc_hd__dfxtp_1 instances:  23
  Class: sky130_fd_sc_hd__dfxtp_2 instances:   2
  Class: sky130_fd_sc_hd__or4_1 instances:   9
  Class: sky130_fd_sc_hd__buf_1 instances:  19
  Class: sky130_fd_sc_hd__buf_2 instances: 241
  Class: sky130_fd_sc_hd__buf_4 instances:   2
  Class: sky130_fd_sc_hd__xor2_1 instances:   4
  Class: sky130_fd_sc_hd__o221ai_1 instances:   2
  Class: sky130_fd_sc_hd__and4_1 instances:   1
  Class: sky130_fd_sc_hd__and4_2 instances:   1
  Class: sky130_fd_sc_hd__inv_2 instances:   8
  Class: sky130_fd_sc_hd__clkbuf_1 instances:  29
  Class: sky130_fd_sc_hd__clkbuf_2 instances:   5
  Class: sky130_fd_sc_hd__clkbuf_4 instances:   2
  Class: sky130_fd_sc_hd__clkbuf_8 instances:   2
  Class: sky130_fd_sc_hd__or3_1 instances:   1
  Class: sky130_fd_sc_hd__nand3_4 instances:   2
  Class: sky130_fd_sc_hd__conb_1 instances: 239
  Class: sky130_fd_sc_hd__and3_1 instances:   4
  Class: sky130_fd_sc_hd__decap_3 instances: 844
  Class: sky130_fd_sc_hd__decap_4 instances: 233
  Class: sky130_fd_sc_hd__decap_6 instances: 10909
  Class: sky130_fd_sc_hd__decap_8 instances: 65951
  Class: sky130_fd_sc_hd__or4b_1 instances:   1
  Class: sky130_fd_sc_hd__nor4_1 instances:   3
  Class: sky130_fd_sc_hd__xnor2_1 instances:   2
  Class: sky130_fd_sc_hd__o211a_1 instances:  16
  Class: sky130_fd_sc_hd__diode_2 instances:  54
  Class: sky130_fd_sc_hd__a221o_1 instances:   4
  Class: sky130_fd_sc_hd__or4bb_1 instances:   1
  Class: sky130_fd_sc_hd__nor3_1 instances:   2
  Class: sky130_fd_sc_hd__a22o_1 instances:   2
  Class: sky130_fd_sc_hd__o21a_1 instances:   4
  Class: sky130_fd_sc_hd__o22ai_1 instances:   2
  Class: sky130_fd_sc_hd__o21ai_1 instances:   1
  Class: sky130_fd_sc_hd__a21oi_1 instances:   5
  Class: sky130_fd_sc_hd__and4bb_1 instances:   1
  Class: sky130_fd_sc_hd__nor2_1 instances:   6
Circuit contains 948 nets, and 360 disconnected pins.

Circuit was modified by parallel/series device merging.
New circuit summary:

Contents of circuit 1:  Circuit: 'TOP_digital'
Circuit TOP_digital contains 713 device instances.
  Class: sky130_fd_sc_hd__a31o_1 instances:  16
  Class: sky130_fd_sc_hd__dfxtp_1 instances:  23
  Class: sky130_fd_sc_hd__dfxtp_2 instances:   2
  Class: sky130_fd_sc_hd__or4_1 instances:   9
  Class: sky130_fd_sc_hd__buf_1 instances:  19
  Class: sky130_fd_sc_hd__buf_2 instances: 241
  Class: sky130_fd_sc_hd__buf_4 instances:   2
  Class: sky130_fd_sc_hd__xor2_1 instances:   4
  Class: sky130_fd_sc_hd__o221ai_1 instances:   2
  Class: sky130_fd_sc_hd__and4_1 instances:   1
  Class: sky130_fd_sc_hd__and4_2 instances:   1
  Class: sky130_fd_sc_hd__inv_2 instances:   8
  Class: sky130_fd_sc_hd__clkbuf_1 instances:  29
  Class: sky130_fd_sc_hd__clkbuf_2 instances:   5
  Class: sky130_fd_sc_hd__clkbuf_4 instances:   2
  Class: sky130_fd_sc_hd__clkbuf_8 instances:   2
  Class: sky130_fd_sc_hd__or3_1 instances:   1
  Class: sky130_fd_sc_hd__nand3_4 instances:   2
  Class: sky130_fd_sc_hd__conb_1 instances: 239
  Class: sky130_fd_sc_hd__and3_1 instances:   4
  Class: sky130_fd_sc_hd__decap_3 instances:   1
  Class: sky130_fd_sc_hd__decap_4 instances:   1
  Class: sky130_fd_sc_hd__decap_6 instances:   1
  Class: sky130_fd_sc_hd__decap_8 instances:   1
  Class: sky130_fd_sc_hd__or4b_1 instances:   1
  Class: sky130_fd_sc_hd__nor4_1 instances:   3
  Class: sky130_fd_sc_hd__xnor2_1 instances:   2
  Class: sky130_fd_sc_hd__o211a_1 instances:  16
  Class: sky130_fd_sc_hd__diode_2 instances:  47
  Class: sky130_fd_sc_hd__a221o_1 instances:   4
  Class: sky130_fd_sc_hd__or4bb_1 instances:   1
  Class: sky130_fd_sc_hd__nor3_1 instances:   2
  Class: sky130_fd_sc_hd__a22o_1 instances:   2
  Class: sky130_fd_sc_hd__o21a_1 instances:   4
  Class: sky130_fd_sc_hd__o22ai_1 instances:   2
  Class: sky130_fd_sc_hd__o21ai_1 instances:   1
  Class: sky130_fd_sc_hd__a21oi_1 instances:   5
  Class: sky130_fd_sc_hd__and4bb_1 instances:   1
  Class: sky130_fd_sc_hd__nor2_1 instances:   6
Circuit contains 948 nets, and 388 disconnected pins.
Contents of circuit 2:  Circuit: 'TOP_digital'
Circuit TOP_digital contains 713 device instances.
  Class: sky130_fd_sc_hd__a31o_1 instances:  16
  Class: sky130_fd_sc_hd__dfxtp_1 instances:  23
  Class: sky130_fd_sc_hd__dfxtp_2 instances:   2
  Class: sky130_fd_sc_hd__or4_1 instances:   9
  Class: sky130_fd_sc_hd__buf_1 instances:  19
  Class: sky130_fd_sc_hd__buf_2 instances: 241
  Class: sky130_fd_sc_hd__buf_4 instances:   2
  Class: sky130_fd_sc_hd__xor2_1 instances:   4
  Class: sky130_fd_sc_hd__o221ai_1 instances:   2
  Class: sky130_fd_sc_hd__and4_1 instances:   1
  Class: sky130_fd_sc_hd__and4_2 instances:   1
  Class: sky130_fd_sc_hd__inv_2 instances:   8
  Class: sky130_fd_sc_hd__clkbuf_1 instances:  29
  Class: sky130_fd_sc_hd__clkbuf_2 instances:   5
  Class: sky130_fd_sc_hd__clkbuf_4 instances:   2
  Class: sky130_fd_sc_hd__clkbuf_8 instances:   2
  Class: sky130_fd_sc_hd__or3_1 instances:   1
  Class: sky130_fd_sc_hd__nand3_4 instances:   2
  Class: sky130_fd_sc_hd__conb_1 instances: 239
  Class: sky130_fd_sc_hd__and3_1 instances:   4
  Class: sky130_fd_sc_hd__decap_3 instances:   1
  Class: sky130_fd_sc_hd__decap_4 instances:   1
  Class: sky130_fd_sc_hd__decap_6 instances:   1
  Class: sky130_fd_sc_hd__decap_8 instances:   1
  Class: sky130_fd_sc_hd__or4b_1 instances:   1
  Class: sky130_fd_sc_hd__nor4_1 instances:   3
  Class: sky130_fd_sc_hd__xnor2_1 instances:   2
  Class: sky130_fd_sc_hd__o211a_1 instances:  16
  Class: sky130_fd_sc_hd__diode_2 instances:  47
  Class: sky130_fd_sc_hd__a221o_1 instances:   4
  Class: sky130_fd_sc_hd__or4bb_1 instances:   1
  Class: sky130_fd_sc_hd__nor3_1 instances:   2
  Class: sky130_fd_sc_hd__a22o_1 instances:   2
  Class: sky130_fd_sc_hd__o21a_1 instances:   4
  Class: sky130_fd_sc_hd__o22ai_1 instances:   2
  Class: sky130_fd_sc_hd__o21ai_1 instances:   1
  Class: sky130_fd_sc_hd__a21oi_1 instances:   5
  Class: sky130_fd_sc_hd__and4bb_1 instances:   1
  Class: sky130_fd_sc_hd__nor2_1 instances:   6
Circuit contains 948 nets, and 360 disconnected pins.

Circuit 1 contains 713 devices, Circuit 2 contains 713 devices.
Circuit 1 contains 948 nets,    Circuit 2 contains 948 nets.


Final result: 
Circuits match uniquely.
.
Logging to file "/root/eda/caravel_user_project_openlane_2/openlane/TOP_digital/runs/23_10_12_13_51/51-netgen-lvs/lvs.rpt" disabled
LVS Done.
